<?xml version="1.0" encoding="UTF-8"?>
<coverage generated="1775757775624" clover="3.2.0">
  <project timestamp="1775757775626" name="All files">
    <metrics statements="1171" coveredstatements="183" conditionals="549" coveredconditionals="16" methods="155" coveredmethods="17" elements="1875" coveredelements="216" complexity="0" loc="1171" ncloc="1171" packages="1" files="4" classes="4"/>
    <file name="app.js" path="C:\Users\princ\OneDrive\Desktop\r\rfid\app.js">
      <metrics statements="697" coveredstatements="0" conditionals="379" coveredconditionals="0" methods="80" coveredmethods="0"/>
      <line num="2" count="0" type="stmt"/>
      <line num="3" count="0" type="stmt"/>
      <line num="4" count="0" type="stmt"/>
      <line num="5" count="0" type="stmt"/>
      <line num="6" count="0" type="stmt"/>
      <line num="7" count="0" type="stmt"/>
      <line num="8" count="0" type="stmt"/>
      <line num="9" count="0" type="stmt"/>
      <line num="10" count="0" type="stmt"/>
      <line num="11" count="0" type="stmt"/>
      <line num="12" count="0" type="stmt"/>
      <line num="13" count="0" type="stmt"/>
      <line num="14" count="0" type="stmt"/>
      <line num="15" count="0" type="stmt"/>
      <line num="18" count="0" type="stmt"/>
      <line num="19" count="0" type="stmt"/>
      <line num="23" count="0" type="stmt"/>
      <line num="24" count="0" type="cond" truecount="0" falsecount="2"/>
      <line num="31" count="0" type="stmt"/>
      <line num="51" count="0" type="stmt"/>
      <line num="53" count="0" type="cond" truecount="0" falsecount="2"/>
      <line num="54" count="0" type="stmt"/>
      <line num="59" count="0" type="stmt"/>
      <line num="70" count="0" type="stmt"/>
      <line num="79" count="0" type="stmt"/>
      <line num="89" count="0" type="stmt"/>
      <line num="92" count="0" type="stmt"/>
      <line num="93" count="0" type="stmt"/>
      <line num="94" count="0" type="cond" truecount="0" falsecount="2"/>
      <line num="95" count="0" type="stmt"/>
      <line num="101" count="0" type="stmt"/>
      <line num="105" count="0" type="stmt"/>
      <line num="114" count="0" type="stmt"/>
      <line num="132" count="0" type="cond" truecount="0" falsecount="2"/>
      <line num="136" count="0" type="stmt"/>
      <line num="143" count="0" type="stmt"/>
      <line num="144" count="0" type="stmt"/>
      <line num="145" count="0" type="stmt"/>
      <line num="148" count="0" type="stmt"/>
      <line num="150" count="0" type="cond" truecount="0" falsecount="2"/>
      <line num="151" count="0" type="stmt"/>
      <line num="152" count="0" type="cond" truecount="0" falsecount="2"/>
      <line num="153" count="0" type="stmt"/>
      <line num="154" count="0" type="cond" truecount="0" falsecount="2"/>
      <line num="155" count="0" type="stmt"/>
      <line num="161" count="0" type="stmt"/>
      <line num="162" count="0" type="stmt"/>
      <line num="163" count="0" type="stmt"/>
      <line num="175" count="0" type="stmt"/>
      <line num="176" count="0" type="stmt"/>
      <line num="177" count="0" type="stmt"/>
      <line num="179" count="0" type="cond" truecount="0" falsecount="4"/>
      <line num="180" count="0" type="stmt"/>
      <line num="186" count="0" type="stmt"/>
      <line num="188" count="0" type="cond" truecount="0" falsecount="2"/>
      <line num="189" count="0" type="stmt"/>
      <line num="196" count="0" type="stmt"/>
      <line num="198" count="0" type="cond" truecount="0" falsecount="2"/>
      <line num="199" count="0" type="stmt"/>
      <line num="207" count="0" type="cond" truecount="0" falsecount="2"/>
      <line num="208" count="0" type="cond" truecount="0" falsecount="2"/>
      <line num="210" count="0" type="stmt"/>
      <line num="214" count="0" type="stmt"/>
      <line num="215" count="0" type="stmt"/>
      <line num="217" count="0" type="stmt"/>
      <line num="218" count="0" type="stmt"/>
      <line num="221" count="0" type="stmt"/>
      <line num="224" count="0" type="stmt"/>
      <line num="225" count="0" type="stmt"/>
      <line num="229" count="0" type="stmt"/>
      <line num="232" count="0" type="stmt"/>
      <line num="240" count="0" type="stmt"/>
      <line num="242" count="0" type="stmt"/>
      <line num="264" count="0" type="stmt"/>
      <line num="265" count="0" type="stmt"/>
      <line num="276" count="0" type="stmt"/>
      <line num="277" count="0" type="stmt"/>
      <line num="278" count="0" type="cond" truecount="0" falsecount="2"/>
      <line num="280" count="0" type="cond" truecount="0" falsecount="2"/>
      <line num="281" count="0" type="stmt"/>
      <line num="284" count="0" type="stmt"/>
      <line num="286" count="0" type="stmt"/>
      <line num="293" count="0" type="stmt"/>
      <line num="294" count="0" type="stmt"/>
      <line num="306" count="0" type="stmt"/>
      <line num="307" count="0" type="stmt"/>
      <line num="308" count="0" type="stmt"/>
      <line num="310" count="0" type="stmt"/>
      <line num="319" count="0" type="stmt"/>
      <line num="320" count="0" type="stmt"/>
      <line num="331" count="0" type="stmt"/>
      <line num="332" count="0" type="stmt"/>
      <line num="347" count="0" type="stmt"/>
      <line num="348" count="0" type="stmt"/>
      <line num="349" count="0" type="stmt"/>
      <line num="351" count="0" type="cond" truecount="0" falsecount="6"/>
      <line num="352" count="0" type="stmt"/>
      <line num="360" count="0" type="cond" truecount="0" falsecount="2"/>
      <line num="363" count="0" type="stmt"/>
      <line num="364" count="0" type="cond" truecount="0" falsecount="2"/>
      <line num="365" count="0" type="stmt"/>
      <line num="371" count="0" type="stmt"/>
      <line num="372" count="0" type="cond" truecount="0" falsecount="2"/>
      <line num="373" count="0" type="stmt"/>
      <line num="379" count="0" type="stmt"/>
      <line num="382" count="0" type="stmt"/>
      <line num="384" count="0" type="stmt"/>
      <line num="396" count="0" type="stmt"/>
      <line num="397" count="0" type="stmt"/>
      <line num="408" count="0" type="stmt"/>
      <line num="409" count="0" type="stmt"/>
      <line num="410" count="0" type="stmt"/>
      <line num="413" count="0" type="stmt"/>
      <line num="414" count="0" type="stmt"/>
      <line num="415" count="0" type="stmt"/>
      <line num="421" count="0" type="stmt"/>
      <line num="428" count="0" type="stmt"/>
      <line num="429" count="0" type="stmt"/>
      <line num="441" count="0" type="stmt"/>
      <line num="442" count="0" type="stmt"/>
      <line num="443" count="0" type="cond" truecount="0" falsecount="2"/>
      <line num="444" count="0" type="cond" truecount="0" falsecount="2"/>
      <line num="445" count="0" type="stmt"/>
      <line num="447" count="0" type="stmt"/>
      <line num="453" count="0" type="stmt"/>
      <line num="454" count="0" type="stmt"/>
      <line num="465" count="0" type="stmt"/>
      <line num="466" count="0" type="stmt"/>
      <line num="467" count="0" type="stmt"/>
      <line num="468" count="0" type="stmt"/>
      <line num="470" count="0" type="cond" truecount="0" falsecount="4"/>
      <line num="471" count="0" type="stmt"/>
      <line num="477" count="0" type="stmt"/>
      <line num="479" count="0" type="cond" truecount="0" falsecount="2"/>
      <line num="480" count="0" type="stmt"/>
      <line num="483" count="0" type="stmt"/>
      <line num="485" count="0" type="stmt"/>
      <line num="491" count="0" type="stmt"/>
      <line num="492" count="0" type="stmt"/>
      <line num="503" count="0" type="stmt"/>
      <line num="504" count="0" type="stmt"/>
      <line num="505" count="0" type="stmt"/>
      <line num="506" count="0" type="stmt"/>
      <line num="508" count="0" type="cond" truecount="0" falsecount="4"/>
      <line num="509" count="0" type="stmt"/>
      <line num="515" count="0" type="stmt"/>
      <line num="516" count="0" type="cond" truecount="0" falsecount="2"/>
      <line num="517" count="0" type="stmt"/>
      <line num="523" count="0" type="stmt"/>
      <line num="526" count="0" type="stmt"/>
      <line num="528" count="0" type="stmt"/>
      <line num="534" count="0" type="stmt"/>
      <line num="535" count="0" type="stmt"/>
      <line num="546" count="0" type="stmt"/>
      <line num="547" count="0" type="stmt"/>
      <line num="548" count="0" type="stmt"/>
      <line num="550" count="0" type="stmt"/>
      <line num="552" count="0" type="cond" truecount="0" falsecount="2"/>
      <line num="553" count="0" type="stmt"/>
      <line num="559" count="0" type="stmt"/>
      <line num="561" count="0" type="stmt"/>
      <line num="567" count="0" type="stmt"/>
      <line num="568" count="0" type="stmt"/>
      <line num="589" count="0" type="stmt"/>
      <line num="590" count="0" type="stmt"/>
      <line num="591" count="0" type="stmt"/>
      <line num="593" count="0" type="cond" truecount="0" falsecount="4"/>
      <line num="594" count="0" type="stmt"/>
      <line num="601" count="0" type="stmt"/>
      <line num="602" count="0" type="cond" truecount="0" falsecount="2"/>
      <line num="603" count="0" type="stmt"/>
      <line num="609" count="0" type="cond" truecount="0" falsecount="2"/>
      <line num="610" count="0" type="stmt"/>
      <line num="617" count="0" type="cond" truecount="0" falsecount="2"/>
      <line num="619" count="0" type="stmt"/>
      <line num="621" count="0" type="cond" truecount="0" falsecount="5"/>
      <line num="622" count="0" type="stmt"/>
      <line num="629" count="0" type="stmt"/>
      <line num="631" count="0" type="cond" truecount="0" falsecount="4"/>
      <line num="632" count="0" type="stmt"/>
      <line num="640" count="0" type="cond" truecount="0" falsecount="2"/>
      <line num="641" count="0" type="stmt"/>
      <line num="642" count="0" type="cond" truecount="0" falsecount="3"/>
      <line num="644" count="0" type="cond" truecount="0" falsecount="2"/>
      <line num="645" count="0" type="stmt"/>
      <line num="653" count="0" type="cond" truecount="0" falsecount="4"/>
      <line num="655" count="0" type="cond" truecount="0" falsecount="2"/>
      <line num="656" count="0" type="cond" truecount="0" falsecount="2"/>
      <line num="658" count="0" type="stmt"/>
      <line num="660" count="0" type="stmt"/>
      <line num="666" count="0" type="stmt"/>
      <line num="667" count="0" type="stmt"/>
      <line num="677" count="0" type="stmt"/>
      <line num="678" count="0" type="stmt"/>
      <line num="679" count="0" type="stmt"/>
      <line num="681" count="0" type="cond" truecount="0" falsecount="4"/>
      <line num="682" count="0" type="stmt"/>
      <line num="688" count="0" type="cond" truecount="0" falsecount="2"/>
      <line num="690" count="0" type="cond" truecount="0" falsecount="2"/>
      <line num="692" count="0" type="stmt"/>
      <line num="694" count="0" type="stmt"/>
      <line num="700" count="0" type="stmt"/>
      <line num="701" count="0" type="stmt"/>
      <line num="712" count="0" type="stmt"/>
      <line num="713" count="0" type="stmt"/>
      <line num="714" count="0" type="stmt"/>
      <line num="716" count="0" type="stmt"/>
      <line num="723" count="0" type="stmt"/>
      <line num="724" count="0" type="stmt"/>
      <line num="741" count="0" type="stmt"/>
      <line num="742" count="0" type="stmt"/>
      <line num="743" count="0" type="stmt"/>
      <line num="745" count="0" type="cond" truecount="0" falsecount="4"/>
      <line num="746" count="0" type="stmt"/>
      <line num="753" count="0" type="cond" truecount="0" falsecount="2"/>
      <line num="754" count="0" type="stmt"/>
      <line num="761" count="0" type="stmt"/>
      <line num="762" count="0" type="stmt"/>
      <line num="765" count="0" type="stmt"/>
      <line num="768" count="0" type="stmt"/>
      <line num="770" count="0" type="cond" truecount="0" falsecount="2"/>
      <line num="772" count="0" type="stmt"/>
      <line num="775" count="0" type="stmt"/>
      <line num="784" count="0" type="stmt"/>
      <line num="798" count="0" type="stmt"/>
      <line num="808" count="0" type="stmt"/>
      <line num="810" count="0" type="stmt"/>
      <line num="829" count="0" type="stmt"/>
      <line num="830" count="0" type="stmt"/>
      <line num="842" count="0" type="stmt"/>
      <line num="843" count="0" type="stmt"/>
      <line num="860" count="0" type="stmt"/>
      <line num="861" count="0" type="stmt"/>
      <line num="862" count="0" type="stmt"/>
      <line num="864" count="0" type="cond" truecount="0" falsecount="4"/>
      <line num="865" count="0" type="stmt"/>
      <line num="871" count="0" type="cond" truecount="0" falsecount="2"/>
      <line num="872" count="0" type="stmt"/>
      <line num="875" count="0" type="stmt"/>
      <line num="877" count="0" type="stmt"/>
      <line num="879" count="0" type="stmt"/>
      <line num="889" count="0" type="cond" truecount="0" falsecount="2"/>
      <line num="891" count="0" type="stmt"/>
      <line num="903" count="0" type="stmt"/>
      <line num="904" count="0" type="stmt"/>
      <line num="916" count="0" type="stmt"/>
      <line num="917" count="0" type="stmt"/>
      <line num="918" count="0" type="stmt"/>
      <line num="919" count="0" type="stmt"/>
      <line num="920" count="0" type="cond" truecount="0" falsecount="2"/>
      <line num="922" count="0" type="cond" truecount="0" falsecount="2"/>
      <line num="924" count="0" type="stmt"/>
      <line num="931" count="0" type="stmt"/>
      <line num="932" count="0" type="stmt"/>
      <line num="944" count="0" type="stmt"/>
      <line num="945" count="0" type="stmt"/>
      <line num="946" count="0" type="stmt"/>
      <line num="947" count="0" type="stmt"/>
      <line num="950" count="0" type="cond" truecount="0" falsecount="4"/>
      <line num="951" count="0" type="cond" truecount="0" falsecount="2"/>
      <line num="952" count="0" type="cond" truecount="0" falsecount="2"/>
      <line num="953" count="0" type="cond" truecount="0" falsecount="2"/>
      <line num="954" count="0" type="cond" truecount="0" falsecount="2"/>
      <line num="956" count="0" type="stmt"/>
      <line num="970" count="0" type="cond" truecount="0" falsecount="2"/>
      <line num="971" count="0" type="cond" truecount="0" falsecount="2"/>
      <line num="973" count="0" type="stmt"/>
      <line num="986" count="0" type="stmt"/>
      <line num="987" count="0" type="stmt"/>
      <line num="998" count="0" type="stmt"/>
      <line num="999" count="0" type="stmt"/>
      <line num="1000" count="0" type="stmt"/>
      <line num="1002" count="0" type="stmt"/>
      <line num="1008" count="0" type="stmt"/>
      <line num="1009" count="0" type="stmt"/>
      <line num="1020" count="0" type="stmt"/>
      <line num="1021" count="0" type="stmt"/>
      <line num="1022" count="0" type="stmt"/>
      <line num="1024" count="0" type="stmt"/>
      <line num="1031" count="0" type="stmt"/>
      <line num="1032" count="0" type="stmt"/>
      <line num="1044" count="0" type="stmt"/>
      <line num="1045" count="0" type="stmt"/>
      <line num="1046" count="0" type="cond" truecount="0" falsecount="2"/>
      <line num="1047" count="0" type="cond" truecount="0" falsecount="2"/>
      <line num="1048" count="0" type="stmt"/>
      <line num="1050" count="0" type="stmt"/>
      <line num="1056" count="0" type="stmt"/>
      <line num="1057" count="0" type="stmt"/>
      <line num="1068" count="0" type="stmt"/>
      <line num="1069" count="0" type="stmt"/>
      <line num="1070" count="0" type="stmt"/>
      <line num="1072" count="0" type="stmt"/>
      <line num="1074" count="0" type="stmt"/>
      <line num="1080" count="0" type="stmt"/>
      <line num="1081" count="0" type="stmt"/>
      <line num="1097" count="0" type="stmt"/>
      <line num="1098" count="0" type="stmt"/>
      <line num="1099" count="0" type="stmt"/>
      <line num="1101" count="0" type="cond" truecount="0" falsecount="4"/>
      <line num="1102" count="0" type="stmt"/>
      <line num="1109" count="0" type="cond" truecount="0" falsecount="2"/>
      <line num="1110" count="0" type="stmt"/>
      <line num="1117" count="0" type="cond" truecount="0" falsecount="2"/>
      <line num="1118" count="0" type="stmt"/>
      <line num="1124" count="0" type="cond" truecount="0" falsecount="2"/>
      <line num="1125" count="0" type="stmt"/>
      <line num="1131" count="0" type="stmt"/>
      <line num="1139" count="0" type="stmt"/>
      <line num="1141" count="0" type="stmt"/>
      <line num="1154" count="0" type="stmt"/>
      <line num="1155" count="0" type="stmt"/>
      <line num="1166" count="0" type="stmt"/>
      <line num="1167" count="0" type="stmt"/>
      <line num="1168" count="0" type="stmt"/>
      <line num="1170" count="0" type="stmt"/>
      <line num="1177" count="0" type="stmt"/>
      <line num="1178" count="0" type="stmt"/>
      <line num="1190" count="0" type="stmt"/>
      <line num="1191" count="0" type="stmt"/>
      <line num="1192" count="0" type="cond" truecount="0" falsecount="2"/>
      <line num="1193" count="0" type="cond" truecount="0" falsecount="2"/>
      <line num="1194" count="0" type="stmt"/>
      <line num="1196" count="0" type="stmt"/>
      <line num="1202" count="0" type="stmt"/>
      <line num="1203" count="0" type="stmt"/>
      <line num="1215" count="0" type="stmt"/>
      <line num="1216" count="0" type="stmt"/>
      <line num="1217" count="0" type="stmt"/>
      <line num="1218" count="0" type="stmt"/>
      <line num="1219" count="0" type="cond" truecount="0" falsecount="2"/>
      <line num="1221" count="0" type="stmt"/>
      <line num="1228" count="0" type="stmt"/>
      <line num="1229" count="0" type="stmt"/>
      <line num="1246" count="0" type="stmt"/>
      <line num="1247" count="0" type="stmt"/>
      <line num="1248" count="0" type="stmt"/>
      <line num="1251" count="0" type="stmt"/>
      <line num="1254" count="0" type="stmt"/>
      <line num="1255" count="0" type="stmt"/>
      <line num="1256" count="0" type="stmt"/>
      <line num="1265" count="0" type="stmt"/>
      <line num="1272" count="0" type="stmt"/>
      <line num="1273" count="0" type="stmt"/>
      <line num="1284" count="0" type="stmt"/>
      <line num="1285" count="0" type="stmt"/>
      <line num="1286" count="0" type="stmt"/>
      <line num="1287" count="0" type="stmt"/>
      <line num="1289" count="0" type="cond" truecount="0" falsecount="2"/>
      <line num="1290" count="0" type="stmt"/>
      <line num="1297" count="0" type="stmt"/>
      <line num="1298" count="0" type="stmt"/>
      <line num="1300" count="0" type="stmt"/>
      <line num="1312" count="0" type="stmt"/>
      <line num="1313" count="0" type="stmt"/>
      <line num="1324" count="0" type="stmt"/>
      <line num="1325" count="0" type="stmt"/>
      <line num="1326" count="0" type="stmt"/>
      <line num="1327" count="0" type="stmt"/>
      <line num="1329" count="0" type="cond" truecount="0" falsecount="2"/>
      <line num="1330" count="0" type="stmt"/>
      <line num="1337" count="0" type="stmt"/>
      <line num="1338" count="0" type="cond" truecount="0" falsecount="2"/>
      <line num="1339" count="0" type="stmt"/>
      <line num="1346" count="0" type="cond" truecount="0" falsecount="4"/>
      <line num="1347" count="0" type="stmt"/>
      <line num="1348" count="0" type="cond" truecount="0" falsecount="4"/>
      <line num="1349" count="0" type="stmt"/>
      <line num="1357" count="0" type="stmt"/>
      <line num="1366" count="0" type="stmt"/>
      <line num="1368" count="0" type="stmt"/>
      <line num="1382" count="0" type="stmt"/>
      <line num="1383" count="0" type="stmt"/>
      <line num="1394" count="0" type="stmt"/>
      <line num="1395" count="0" type="stmt"/>
      <line num="1396" count="0" type="stmt"/>
      <line num="1398" count="0" type="stmt"/>
      <line num="1399" count="0" type="cond" truecount="0" falsecount="2"/>
      <line num="1400" count="0" type="stmt"/>
      <line num="1407" count="0" type="stmt"/>
      <line num="1409" count="0" type="cond" truecount="0" falsecount="2"/>
      <line num="1410" count="0" type="stmt"/>
      <line num="1417" count="0" type="stmt"/>
      <line num="1419" count="0" type="stmt"/>
      <line num="1425" count="0" type="stmt"/>
      <line num="1426" count="0" type="stmt"/>
      <line num="1437" count="0" type="stmt"/>
      <line num="1438" count="0" type="stmt"/>
      <line num="1439" count="0" type="stmt"/>
      <line num="1441" count="0" type="cond" truecount="0" falsecount="4"/>
      <line num="1442" count="0" type="stmt"/>
      <line num="1448" count="0" type="cond" truecount="0" falsecount="2"/>
      <line num="1449" count="0" type="stmt"/>
      <line num="1455" count="0" type="stmt"/>
      <line num="1456" count="0" type="cond" truecount="0" falsecount="2"/>
      <line num="1457" count="0" type="stmt"/>
      <line num="1463" count="0" type="stmt"/>
      <line num="1466" count="0" type="stmt"/>
      <line num="1468" count="0" type="stmt"/>
      <line num="1474" count="0" type="stmt"/>
      <line num="1475" count="0" type="stmt"/>
      <line num="1486" count="0" type="stmt"/>
      <line num="1487" count="0" type="stmt"/>
      <line num="1488" count="0" type="stmt"/>
      <line num="1490" count="0" type="cond" truecount="0" falsecount="4"/>
      <line num="1491" count="0" type="stmt"/>
      <line num="1497" count="0" type="stmt"/>
      <line num="1504" count="0" type="cond" truecount="0" falsecount="1"/>
      <line num="1505" count="0" type="cond" truecount="0" falsecount="2"/>
      <line num="1506" count="0" type="stmt"/>
      <line num="1508" count="0" type="stmt"/>
      <line num="1510" count="0" type="stmt"/>
      <line num="1511" count="0" type="stmt"/>
      <line num="1515" count="0" type="stmt"/>
      <line num="1516" count="0" type="cond" truecount="0" falsecount="4"/>
      <line num="1522" count="0" type="stmt"/>
      <line num="1523" count="0" type="stmt"/>
      <line num="1525" count="0" type="cond" truecount="0" falsecount="4"/>
      <line num="1526" count="0" type="stmt"/>
      <line num="1527" count="0" type="stmt"/>
      <line num="1531" count="0" type="stmt"/>
      <line num="1534" count="0" type="stmt"/>
      <line num="1537" count="0" type="cond" truecount="0" falsecount="5"/>
      <line num="1538" count="0" type="stmt"/>
      <line num="1539" count="0" type="stmt"/>
      <line num="1543" count="0" type="stmt"/>
      <line num="1547" count="0" type="stmt"/>
      <line num="1548" count="0" type="stmt"/>
      <line num="1549" count="0" type="stmt"/>
      <line num="1550" count="0" type="stmt"/>
      <line num="1551" count="0" type="stmt"/>
      <line num="1554" count="0" type="cond" truecount="0" falsecount="2"/>
      <line num="1555" count="0" type="stmt"/>
      <line num="1556" count="0" type="stmt"/>
      <line num="1561" count="0" type="stmt"/>
      <line num="1565" count="0" type="stmt"/>
      <line num="1573" count="0" type="stmt"/>
      <line num="1576" count="0" type="stmt"/>
      <line num="1578" count="0" type="stmt"/>
      <line num="1582" count="0" type="stmt"/>
      <line num="1586" count="0" type="stmt"/>
      <line num="1588" count="0" type="stmt"/>
      <line num="1595" count="0" type="stmt"/>
      <line num="1596" count="0" type="stmt"/>
      <line num="1606" count="0" type="stmt"/>
      <line num="1607" count="0" type="stmt"/>
      <line num="1615" count="0" type="stmt"/>
      <line num="1616" count="0" type="stmt"/>
      <line num="1617" count="0" type="stmt"/>
      <line num="1618" count="0" type="stmt"/>
      <line num="1619" count="0" type="stmt"/>
      <line num="1621" count="0" type="stmt"/>
      <line num="1633" count="0" type="stmt"/>
      <line num="1651" count="0" type="stmt"/>
      <line num="1652" count="0" type="stmt"/>
      <line num="1653" count="0" type="stmt"/>
      <line num="1656" count="0" type="stmt"/>
      <line num="1659" count="0" type="stmt"/>
      <line num="1662" count="0" type="stmt"/>
      <line num="1665" count="0" type="stmt"/>
      <line num="1668" count="0" type="stmt"/>
      <line num="1669" count="0" type="cond" truecount="0" falsecount="2"/>
      <line num="1672" count="0" type="cond" truecount="0" falsecount="2"/>
      <line num="1677" count="0" type="cond" truecount="0" falsecount="2"/>
      <line num="1679" count="0" type="stmt"/>
      <line num="1680" count="0" type="stmt"/>
      <line num="1681" count="0" type="cond" truecount="0" falsecount="2"/>
      <line num="1682" count="0" type="cond" truecount="0" falsecount="2"/>
      <line num="1683" count="0" type="cond" truecount="0" falsecount="2"/>
      <line num="1684" count="0" type="cond" truecount="0" falsecount="2"/>
      <line num="1685" count="0" type="cond" truecount="0" falsecount="2"/>
      <line num="1687" count="0" type="stmt"/>
      <line num="1697" count="0" type="stmt"/>
      <line num="1699" count="0" type="stmt"/>
      <line num="1700" count="0" type="stmt"/>
      <line num="1712" count="0" type="stmt"/>
      <line num="1713" count="0" type="stmt"/>
      <line num="1715" count="0" type="stmt"/>
      <line num="1722" count="0" type="stmt"/>
      <line num="1723" count="0" type="stmt"/>
      <line num="1725" count="0" type="stmt"/>
      <line num="1729" count="0" type="stmt"/>
      <line num="1730" count="0" type="cond" truecount="0" falsecount="4"/>
      <line num="1731" count="0" type="stmt"/>
      <line num="1734" count="0" type="stmt"/>
      <line num="1740" count="0" type="cond" truecount="0" falsecount="1"/>
      <line num="1741" count="0" type="cond" truecount="0" falsecount="2"/>
      <line num="1742" count="0" type="stmt"/>
      <line num="1744" count="0" type="stmt"/>
      <line num="1748" count="0" type="stmt"/>
      <line num="1749" count="0" type="cond" truecount="0" falsecount="3"/>
      <line num="1752" count="0" type="stmt"/>
      <line num="1753" count="0" type="stmt"/>
      <line num="1754" count="0" type="stmt"/>
      <line num="1756" count="0" type="cond" truecount="0" falsecount="2"/>
      <line num="1757" count="0" type="stmt"/>
      <line num="1758" count="0" type="stmt"/>
      <line num="1762" count="0" type="stmt"/>
      <line num="1763" count="0" type="cond" truecount="0" falsecount="2"/>
      <line num="1764" count="0" type="cond" truecount="0" falsecount="2"/>
      <line num="1766" count="0" type="stmt"/>
      <line num="1767" count="0" type="cond" truecount="0" falsecount="2"/>
      <line num="1770" count="0" type="stmt"/>
      <line num="1772" count="0" type="stmt"/>
      <line num="1773" count="0" type="stmt"/>
      <line num="1775" count="0" type="stmt"/>
      <line num="1777" count="0" type="stmt"/>
      <line num="1778" count="0" type="stmt"/>
      <line num="1791" count="0" type="stmt"/>
      <line num="1792" count="0" type="stmt"/>
      <line num="1793" count="0" type="cond" truecount="0" falsecount="2"/>
      <line num="1795" count="0" type="stmt"/>
      <line num="1796" count="0" type="cond" truecount="0" falsecount="2"/>
      <line num="1797" count="0" type="stmt"/>
      <line num="1803" count="0" type="stmt"/>
      <line num="1824" count="0" type="stmt"/>
      <line num="1826" count="0" type="cond" truecount="0" falsecount="2"/>
      <line num="1828" count="0" type="stmt"/>
      <line num="1829" count="0" type="stmt"/>
      <line num="1833" count="0" type="cond" truecount="0" falsecount="2"/>
      <line num="1834" count="0" type="stmt"/>
      <line num="1843" count="0" type="stmt"/>
      <line num="1855" count="0" type="stmt"/>
      <line num="1863" count="0" type="stmt"/>
      <line num="1871" count="0" type="stmt"/>
      <line num="1879" count="0" type="stmt"/>
      <line num="1884" count="0" type="stmt"/>
      <line num="1888" count="0" type="stmt"/>
      <line num="1902" count="0" type="stmt"/>
      <line num="1916" count="0" type="stmt"/>
      <line num="1929" count="0" type="stmt"/>
      <line num="1944" count="0" type="stmt"/>
      <line num="1945" count="0" type="stmt"/>
      <line num="1946" count="0" type="stmt"/>
      <line num="1948" count="0" type="cond" truecount="0" falsecount="2"/>
      <line num="1950" count="0" type="stmt"/>
      <line num="1951" count="0" type="stmt"/>
      <line num="1954" count="0" type="stmt"/>
      <line num="1955" count="0" type="stmt"/>
      <line num="1958" count="0" type="stmt"/>
      <line num="1960" count="0" type="stmt"/>
      <line num="1961" count="0" type="stmt"/>
      <line num="1969" count="0" type="stmt"/>
      <line num="1970" count="0" type="stmt"/>
      <line num="1971" count="0" type="stmt"/>
      <line num="1972" count="0" type="stmt"/>
      <line num="1975" count="0" type="cond" truecount="0" falsecount="2"/>
      <line num="1976" count="0" type="stmt"/>
      <line num="1977" count="0" type="stmt"/>
      <line num="1979" count="0" type="cond" truecount="0" falsecount="2"/>
      <line num="1981" count="0" type="cond" truecount="0" falsecount="2"/>
      <line num="1983" count="0" type="cond" truecount="0" falsecount="2"/>
      <line num="1985" count="0" type="stmt"/>
      <line num="1987" count="0" type="cond" truecount="0" falsecount="2"/>
      <line num="1988" count="0" type="stmt"/>
      <line num="1992" count="0" type="cond" truecount="0" falsecount="2"/>
      <line num="1993" count="0" type="stmt"/>
      <line num="1995" count="0" type="stmt"/>
      <line num="1996" count="0" type="stmt"/>
      <line num="2004" count="0" type="stmt"/>
      <line num="2005" count="0" type="stmt"/>
      <line num="2006" count="0" type="stmt"/>
      <line num="2007" count="0" type="stmt"/>
      <line num="2009" count="0" type="cond" truecount="0" falsecount="2"/>
      <line num="2010" count="0" type="stmt"/>
      <line num="2011" count="0" type="stmt"/>
      <line num="2012" count="0" type="cond" truecount="0" falsecount="2"/>
      <line num="2014" count="0" type="cond" truecount="0" falsecount="2"/>
      <line num="2016" count="0" type="cond" truecount="0" falsecount="2"/>
      <line num="2018" count="0" type="cond" truecount="0" falsecount="2"/>
      <line num="2019" count="0" type="stmt"/>
      <line num="2024" count="0" type="cond" truecount="0" falsecount="2"/>
      <line num="2025" count="0" type="stmt"/>
      <line num="2027" count="0" type="stmt"/>
      <line num="2029" count="0" type="stmt"/>
      <line num="2031" count="0" type="stmt"/>
      <line num="2032" count="0" type="stmt"/>
      <line num="2038" count="0" type="stmt"/>
      <line num="2039" count="0" type="stmt"/>
      <line num="2040" count="0" type="stmt"/>
      <line num="2041" count="0" type="stmt"/>
      <line num="2043" count="0" type="cond" truecount="0" falsecount="2"/>
      <line num="2044" count="0" type="stmt"/>
      <line num="2047" count="0" type="cond" truecount="0" falsecount="2"/>
      <line num="2048" count="0" type="stmt"/>
      <line num="2049" count="0" type="cond" truecount="0" falsecount="2"/>
      <line num="2050" count="0" type="stmt"/>
      <line num="2054" count="0" type="stmt"/>
      <line num="2055" count="0" type="stmt"/>
      <line num="2057" count="0" type="stmt"/>
      <line num="2058" count="0" type="stmt"/>
      <line num="2065" count="0" type="stmt"/>
      <line num="2066" count="0" type="stmt"/>
      <line num="2067" count="0" type="stmt"/>
      <line num="2069" count="0" type="cond" truecount="0" falsecount="4"/>
      <line num="2070" count="0" type="stmt"/>
      <line num="2074" count="0" type="stmt"/>
      <line num="2075" count="0" type="stmt"/>
      <line num="2077" count="0" type="cond" truecount="0" falsecount="4"/>
      <line num="2078" count="0" type="stmt"/>
      <line num="2085" count="0" type="cond" truecount="0" falsecount="4"/>
      <line num="2086" count="0" type="stmt"/>
      <line num="2092" count="0" type="cond" truecount="0" falsecount="4"/>
      <line num="2093" count="0" type="stmt"/>
      <line num="2100" count="0" type="cond" truecount="0" falsecount="4"/>
      <line num="2101" count="0" type="stmt"/>
      <line num="2108" count="0" type="cond" truecount="0" falsecount="4"/>
      <line num="2109" count="0" type="stmt"/>
      <line num="2117" count="0" type="stmt"/>
      <line num="2118" count="0" type="stmt"/>
      <line num="2119" count="0" type="cond" truecount="0" falsecount="2"/>
      <line num="2120" count="0" type="stmt"/>
      <line num="2121" count="0" type="stmt"/>
      <line num="2122" count="0" type="cond" truecount="0" falsecount="2"/>
      <line num="2124" count="0" type="cond" truecount="0" falsecount="2"/>
      <line num="2126" count="0" type="cond" truecount="0" falsecount="2"/>
      <line num="2128" count="0" type="cond" truecount="0" falsecount="2"/>
      <line num="2129" count="0" type="stmt"/>
      <line num="2133" count="0" type="stmt"/>
      <line num="2134" count="0" type="stmt"/>
      <line num="2135" count="0" type="stmt"/>
      <line num="2137" count="0" type="cond" truecount="0" falsecount="2"/>
      <line num="2138" count="0" type="stmt"/>
      <line num="2149" count="0" type="stmt"/>
      <line num="2152" count="0" type="stmt"/>
      <line num="2155" count="0" type="stmt"/>
      <line num="2156" count="0" type="stmt"/>
      <line num="2158" count="0" type="stmt"/>
      <line num="2160" count="0" type="stmt"/>
      <line num="2161" count="0" type="stmt"/>
      <line num="2168" count="0" type="stmt"/>
      <line num="2169" count="0" type="stmt"/>
      <line num="2170" count="0" type="stmt"/>
      <line num="2171" count="0" type="cond" truecount="0" falsecount="5"/>
      <line num="2172" count="0" type="stmt"/>
      <line num="2175" count="0" type="cond" truecount="0" falsecount="2"/>
      <line num="2176" count="0" type="stmt"/>
      <line num="2179" count="0" type="stmt"/>
      <line num="2180" count="0" type="stmt"/>
      <line num="2182" count="0" type="stmt"/>
      <line num="2183" count="0" type="stmt"/>
      <line num="2190" count="0" type="stmt"/>
      <line num="2191" count="0" type="stmt"/>
      <line num="2192" count="0" type="stmt"/>
      <line num="2193" count="0" type="stmt"/>
      <line num="2198" count="0" type="cond" truecount="0" falsecount="2"/>
      <line num="2199" count="0" type="stmt"/>
      <line num="2201" count="0" type="stmt"/>
      <line num="2204" count="0" type="stmt"/>
      <line num="2206" count="0" type="stmt"/>
      <line num="2207" count="0" type="stmt"/>
      <line num="2214" count="0" type="stmt"/>
      <line num="2215" count="0" type="stmt"/>
      <line num="2216" count="0" type="stmt"/>
      <line num="2217" count="0" type="stmt"/>
      <line num="2222" count="0" type="cond" truecount="0" falsecount="2"/>
      <line num="2223" count="0" type="stmt"/>
      <line num="2225" count="0" type="stmt"/>
      <line num="2228" count="0" type="stmt"/>
      <line num="2230" count="0" type="stmt"/>
      <line num="2231" count="0" type="stmt"/>
      <line num="2242" count="0" type="stmt"/>
      <line num="2243" count="0" type="stmt"/>
      <line num="2244" count="0" type="stmt"/>
      <line num="2252" count="0" type="stmt"/>
      <line num="2253" count="0" type="stmt"/>
      <line num="2254" count="0" type="stmt"/>
      <line num="2255" count="0" type="stmt"/>
      <line num="2256" count="0" type="stmt"/>
      <line num="2257" count="0" type="stmt"/>
      <line num="2258" count="0" type="stmt"/>
      <line num="2259" count="0" type="stmt"/>
      <line num="2260" count="0" type="stmt"/>
      <line num="2261" count="0" type="stmt"/>
      <line num="2262" count="0" type="stmt"/>
      <line num="2263" count="0" type="stmt"/>
      <line num="2266" count="0" type="stmt"/>
      <line num="2267" count="0" type="stmt"/>
      <line num="2268" count="0" type="stmt"/>
      <line num="2269" count="0" type="stmt"/>
      <line num="2270" count="0" type="stmt"/>
      <line num="2274" count="0" type="stmt"/>
      <line num="2275" count="0" type="stmt"/>
      <line num="2276" count="0" type="stmt"/>
      <line num="2277" count="0" type="stmt"/>
      <line num="2278" count="0" type="stmt"/>
      <line num="2282" count="0" type="stmt"/>
      <line num="2283" count="0" type="stmt"/>
      <line num="2284" count="0" type="stmt"/>
      <line num="2285" count="0" type="stmt"/>
      <line num="2289" count="0" type="stmt"/>
      <line num="2290" count="0" type="stmt"/>
      <line num="2294" count="0" type="stmt"/>
      <line num="2295" count="0" type="stmt"/>
      <line num="2296" count="0" type="stmt"/>
      <line num="2297" count="0" type="stmt"/>
      <line num="2298" count="0" type="stmt"/>
    </file>
    <file name="auth-middleware.js" path="C:\Users\princ\OneDrive\Desktop\r\rfid\auth-middleware.js">
      <metrics statements="44" coveredstatements="0" conditionals="39" coveredconditionals="0" methods="8" coveredmethods="0"/>
      <line num="6" count="0" type="stmt"/>
      <line num="12" count="0" type="cond" truecount="0" falsecount="2"/>
      <line num="14" count="0" type="cond" truecount="0" falsecount="2"/>
      <line num="15" count="0" type="stmt"/>
      <line num="22" count="0" type="stmt"/>
      <line num="24" count="0" type="stmt"/>
      <line num="26" count="0" type="cond" truecount="0" falsecount="2"/>
      <line num="27" count="0" type="stmt"/>
      <line num="34" count="0" type="stmt"/>
      <line num="42" count="0" type="stmt"/>
      <line num="49" count="0" type="cond" truecount="0" falsecount="4"/>
      <line num="50" count="0" type="stmt"/>
      <line num="55" count="0" type="stmt"/>
      <line num="62" count="0" type="cond" truecount="0" falsecount="5"/>
      <line num="63" count="0" type="stmt"/>
      <line num="68" count="0" type="stmt"/>
      <line num="75" count="0" type="cond" truecount="0" falsecount="3"/>
      <line num="77" count="0" type="cond" truecount="0" falsecount="2"/>
      <line num="78" count="0" type="stmt"/>
      <line num="85" count="0" type="cond" truecount="0" falsecount="2"/>
      <line num="86" count="0" type="stmt"/>
      <line num="87" count="0" type="stmt"/>
      <line num="91" count="0" type="stmt"/>
      <line num="92" count="0" type="stmt"/>
      <line num="94" count="0" type="cond" truecount="0" falsecount="2"/>
      <line num="95" count="0" type="stmt"/>
      <line num="102" count="0" type="stmt"/>
      <line num="103" count="0" type="cond" truecount="0" falsecount="2"/>
      <line num="106" count="0" type="stmt"/>
      <line num="107" count="0" type="stmt"/>
      <line num="109" count="0" type="stmt"/>
      <line num="116" count="0" type="cond" truecount="0" falsecount="3"/>
      <line num="119" count="0" type="cond" truecount="0" falsecount="2"/>
      <line num="120" count="0" type="stmt"/>
      <line num="124" count="0" type="cond" truecount="0" falsecount="2"/>
      <line num="125" count="0" type="stmt"/>
      <line num="132" count="0" type="cond" truecount="0" falsecount="2"/>
      <line num="133" count="0" type="stmt"/>
      <line num="134" count="0" type="stmt"/>
      <line num="135" count="0" type="cond" truecount="0" falsecount="2"/>
      <line num="138" count="0" type="cond" truecount="0" falsecount="2"/>
      <line num="139" count="0" type="stmt"/>
      <line num="146" count="0" type="stmt"/>
      <line num="149" count="0" type="stmt"/>
    </file>
    <file name="database.js" path="C:\Users\princ\OneDrive\Desktop\r\rfid\database.js">
      <metrics statements="337" coveredstatements="183" conditionals="109" coveredconditionals="16" methods="58" coveredmethods="17"/>
      <line num="7" count="17" type="stmt"/>
      <line num="8" count="17" type="stmt"/>
      <line num="9" count="17" type="stmt"/>
      <line num="12" count="17" type="stmt"/>
      <line num="15" count="17" type="stmt"/>
      <line num="16" count="17" type="stmt"/>
      <line num="17" count="17" type="stmt"/>
      <line num="19" count="0" type="stmt"/>
      <line num="20" count="0" type="stmt"/>
      <line num="21" count="0" type="stmt"/>
      <line num="22" count="0" type="stmt"/>
      <line num="23" count="0" type="stmt"/>
      <line num="24" count="0" type="stmt"/>
      <line num="28" count="17" type="stmt"/>
      <line num="33" count="17" type="stmt"/>
      <line num="34" count="17" type="stmt"/>
      <line num="35" count="17" type="stmt"/>
      <line num="36" count="17" type="stmt"/>
      <line num="37" count="17" type="stmt"/>
      <line num="38" count="17" type="stmt"/>
      <line num="40" count="0" type="stmt"/>
      <line num="50" count="17" type="stmt"/>
      <line num="67" count="17" type="stmt"/>
      <line num="83" count="17" type="stmt"/>
      <line num="96" count="17" type="stmt"/>
      <line num="112" count="17" type="stmt"/>
      <line num="129" count="17" type="stmt"/>
      <line num="140" count="17" type="stmt"/>
      <line num="146" count="17" type="stmt"/>
      <line num="148" count="17" type="cond" truecount="1" falsecount="1"/>
      <line num="149" count="17" type="stmt"/>
      <line num="150" count="17" type="stmt"/>
      <line num="151" count="17" type="stmt"/>
      <line num="153" count="0" type="stmt"/>
      <line num="157" count="17" type="stmt"/>
      <line num="158" count="17" type="stmt"/>
      <line num="166" count="0" type="cond" truecount="0" falsecount="2"/>
      <line num="169" count="0" type="cond" truecount="0" falsecount="2"/>
      <line num="170" count="0" type="stmt"/>
      <line num="171" count="0" type="cond" truecount="0" falsecount="2"/>
      <line num="178" count="0" type="stmt"/>
      <line num="179" count="0" type="cond" truecount="0" falsecount="2"/>
      <line num="180" count="0" type="stmt"/>
      <line num="184" count="0" type="stmt"/>
      <line num="185" count="0" type="cond" truecount="0" falsecount="2"/>
      <line num="186" count="0" type="stmt"/>
      <line num="189" count="0" type="stmt"/>
      <line num="193" count="17" type="stmt"/>
      <line num="199" count="17" type="stmt"/>
      <line num="201" count="17" type="cond" truecount="1" falsecount="1"/>
      <line num="202" count="17" type="stmt"/>
      <line num="203" count="17" type="stmt"/>
      <line num="204" count="17" type="stmt"/>
      <line num="206" count="0" type="stmt"/>
      <line num="211" count="17" type="stmt"/>
      <line num="217" count="17" type="stmt"/>
      <line num="219" count="17" type="cond" truecount="1" falsecount="1"/>
      <line num="220" count="17" type="stmt"/>
      <line num="221" count="17" type="stmt"/>
      <line num="222" count="17" type="stmt"/>
      <line num="224" count="0" type="stmt"/>
      <line num="229" count="17" type="stmt"/>
      <line num="235" count="17" type="stmt"/>
      <line num="237" count="17" type="cond" truecount="1" falsecount="1"/>
      <line num="238" count="17" type="stmt"/>
      <line num="239" count="17" type="stmt"/>
      <line num="240" count="17" type="stmt"/>
      <line num="242" count="0" type="stmt"/>
      <line num="247" count="17" type="stmt"/>
      <line num="253" count="17" type="stmt"/>
      <line num="255" count="17" type="cond" truecount="1" falsecount="1"/>
      <line num="256" count="17" type="stmt"/>
      <line num="257" count="17" type="stmt"/>
      <line num="258" count="17" type="stmt"/>
      <line num="260" count="0" type="stmt"/>
      <line num="265" count="17" type="stmt"/>
      <line num="269" count="17" type="stmt"/>
      <line num="271" count="17" type="stmt"/>
      <line num="272" count="17" type="stmt"/>
      <line num="273" count="0" type="stmt"/>
      <line num="274" count="0" type="cond" truecount="0" falsecount="2"/>
      <line num="275" count="0" type="stmt"/>
      <line num="276" count="0" type="stmt"/>
      <line num="279" count="17" type="cond" truecount="1" falsecount="1"/>
      <line num="280" count="0" type="stmt"/>
      <line num="284" count="17" type="stmt"/>
      <line num="288" count="17" type="stmt"/>
      <line num="290" count="17" type="stmt"/>
      <line num="291" count="17" type="stmt"/>
      <line num="292" count="0" type="stmt"/>
      <line num="293" count="0" type="cond" truecount="0" falsecount="2"/>
      <line num="294" count="0" type="stmt"/>
      <line num="295" count="0" type="stmt"/>
      <line num="298" count="17" type="cond" truecount="1" falsecount="1"/>
      <line num="299" count="0" type="stmt"/>
      <line num="303" count="17" type="stmt"/>
      <line num="307" count="17" type="stmt"/>
      <line num="309" count="17" type="stmt"/>
      <line num="310" count="17" type="stmt"/>
      <line num="311" count="0" type="stmt"/>
      <line num="312" count="0" type="cond" truecount="0" falsecount="2"/>
      <line num="313" count="0" type="stmt"/>
      <line num="314" count="0" type="stmt"/>
      <line num="317" count="17" type="cond" truecount="1" falsecount="1"/>
      <line num="318" count="0" type="stmt"/>
      <line num="324" count="17" type="stmt"/>
      <line num="326" count="17" type="stmt"/>
      <line num="330" count="17" type="cond" truecount="1" falsecount="1"/>
      <line num="331" count="17" type="stmt"/>
      <line num="332" count="17" type="stmt"/>
      <line num="333" count="17" type="stmt"/>
      <line num="335" count="0" type="stmt"/>
      <line num="341" count="17" type="stmt"/>
      <line num="355" count="17" type="stmt"/>
      <line num="360" count="17" type="stmt"/>
      <line num="366" count="17" type="stmt"/>
      <line num="367" count="0" type="stmt"/>
      <line num="368" count="0" type="cond" truecount="0" falsecount="2"/>
      <line num="369" count="0" type="cond" truecount="0" falsecount="3"/>
      <line num="370" count="0" type="cond" truecount="0" falsecount="2"/>
      <line num="374" count="17" type="stmt"/>
      <line num="379" count="17" type="stmt"/>
      <line num="381" count="0" type="stmt"/>
      <line num="386" count="17" type="stmt"/>
      <line num="389" count="17" type="stmt"/>
      <line num="391" count="17" type="stmt"/>
      <line num="392" count="17" type="stmt"/>
      <line num="394" count="17" type="stmt"/>
      <line num="395" count="0" type="stmt"/>
      <line num="396" count="0" type="cond" truecount="0" falsecount="2"/>
      <line num="398" count="0" type="stmt"/>
      <line num="402" count="0" type="cond" truecount="0" falsecount="2"/>
      <line num="405" count="0" type="cond" truecount="0" falsecount="2"/>
      <line num="406" count="0" type="cond" truecount="0" falsecount="2"/>
      <line num="408" count="0" type="stmt"/>
      <line num="409" count="0" type="stmt"/>
      <line num="410" count="0" type="stmt"/>
      <line num="411" count="0" type="cond" truecount="0" falsecount="2"/>
      <line num="413" count="0" type="stmt"/>
      <line num="414" count="0" type="stmt"/>
      <line num="417" count="0" type="stmt"/>
      <line num="418" count="0" type="stmt"/>
      <line num="419" count="0" type="stmt"/>
      <line num="421" count="0" type="stmt"/>
      <line num="422" count="0" type="stmt"/>
      <line num="427" count="0" type="stmt"/>
      <line num="428" count="0" type="stmt"/>
      <line num="429" count="0" type="stmt"/>
      <line num="431" count="0" type="stmt"/>
      <line num="432" count="0" type="stmt"/>
      <line num="437" count="17" type="cond" truecount="1" falsecount="1"/>
      <line num="438" count="0" type="stmt"/>
      <line num="440" count="17" type="cond" truecount="1" falsecount="1"/>
      <line num="441" count="0" type="stmt"/>
      <line num="446" count="0" type="cond" truecount="0" falsecount="2"/>
      <line num="447" count="0" type="cond" truecount="0" falsecount="2"/>
      <line num="448" count="0" type="stmt"/>
      <line num="449" count="0" type="cond" truecount="0" falsecount="2"/>
      <line num="451" count="0" type="stmt"/>
      <line num="452" count="0" type="cond" truecount="0" falsecount="2"/>
      <line num="458" count="17" type="stmt"/>
      <line num="478" count="17" type="stmt"/>
      <line num="490" count="17" type="stmt"/>
      <line num="495" count="17" type="stmt"/>
      <line num="496" count="17" type="stmt"/>
      <line num="498" count="17" type="cond" truecount="1" falsecount="1"/>
      <line num="499" count="17" type="stmt"/>
      <line num="500" count="17" type="stmt"/>
      <line num="505" count="17" type="stmt"/>
      <line num="506" count="17" type="stmt"/>
      <line num="513" count="17" type="stmt"/>
      <line num="518" count="17" type="stmt"/>
      <line num="522" count="17" type="stmt"/>
      <line num="527" count="17" type="stmt"/>
      <line num="533" count="17" type="stmt"/>
      <line num="539" count="17" type="stmt"/>
      <line num="543" count="17" type="stmt"/>
      <line num="549" count="17" type="stmt"/>
      <line num="555" count="17" type="stmt"/>
      <line num="559" count="17" type="stmt"/>
      <line num="563" count="17" type="stmt"/>
      <line num="571" count="17" type="stmt"/>
      <line num="576" count="17" type="stmt"/>
      <line num="583" count="17" type="stmt"/>
      <line num="587" count="17" type="stmt"/>
      <line num="595" count="17" type="stmt"/>
      <line num="600" count="17" type="stmt"/>
      <line num="604" count="17" type="stmt"/>
      <line num="611" count="17" type="stmt"/>
      <line num="618" count="17" type="stmt"/>
      <line num="623" count="17" type="stmt"/>
      <line num="628" count="17" type="stmt"/>
      <line num="635" count="17" type="stmt"/>
      <line num="640" count="17" type="stmt"/>
      <line num="645" count="17" type="stmt"/>
      <line num="652" count="17" type="stmt"/>
      <line num="663" count="17" type="stmt"/>
      <line num="668" count="17" type="stmt"/>
      <line num="672" count="17" type="stmt"/>
      <line num="677" count="17" type="stmt"/>
      <line num="682" count="17" type="stmt"/>
      <line num="686" count="17" type="stmt"/>
      <line num="690" count="17" type="stmt"/>
      <line num="694" count="17" type="stmt"/>
      <line num="698" count="17" type="stmt"/>
      <line num="704" count="17" type="stmt"/>
      <line num="710" count="17" type="stmt"/>
      <line num="716" count="17" type="stmt"/>
      <line num="720" count="17" type="stmt"/>
      <line num="728" count="17" type="stmt"/>
      <line num="733" count="17" type="stmt"/>
      <line num="738" count="17" type="stmt"/>
      <line num="743" count="17" type="stmt"/>
      <line num="747" count="17" type="stmt"/>
      <line num="751" count="17" type="stmt"/>
      <line num="757" count="17" type="stmt"/>
      <line num="763" count="17" type="stmt"/>
      <line num="769" count="17" type="stmt"/>
      <line num="776" count="17" type="stmt"/>
      <line num="783" count="17" type="stmt"/>
      <line num="789" count="17" type="stmt"/>
      <line num="796" count="17" type="stmt"/>
      <line num="803" count="17" type="stmt"/>
      <line num="812" count="17" type="stmt"/>
      <line num="821" count="17" type="stmt"/>
      <line num="833" count="17" type="stmt"/>
      <line num="845" count="17" type="stmt"/>
      <line num="849" count="17" type="stmt"/>
      <line num="859" count="17" type="stmt"/>
      <line num="868" count="17" type="stmt"/>
      <line num="881" count="17" type="stmt"/>
      <line num="888" count="1" type="stmt"/>
      <line num="889" count="1" type="stmt"/>
      <line num="893" count="1" type="stmt"/>
      <line num="897" count="0" type="stmt"/>
      <line num="901" count="0" type="stmt"/>
      <line num="905" count="1" type="stmt"/>
      <line num="906" count="1" type="stmt"/>
      <line num="917" count="0" type="stmt"/>
      <line num="921" count="0" type="stmt"/>
      <line num="925" count="0" type="stmt"/>
      <line num="929" count="0" type="stmt"/>
      <line num="934" count="0" type="stmt"/>
      <line num="935" count="0" type="stmt"/>
      <line num="940" count="2" type="stmt"/>
      <line num="947" count="1" type="stmt"/>
      <line num="951" count="0" type="stmt"/>
      <line num="955" count="1" type="stmt"/>
      <line num="959" count="1" type="stmt"/>
      <line num="966" count="0" type="cond" truecount="0" falsecount="2"/>
      <line num="970" count="0" type="stmt"/>
      <line num="974" count="0" type="cond" truecount="0" falsecount="2"/>
      <line num="975" count="0" type="stmt"/>
      <line num="977" count="0" type="stmt"/>
      <line num="981" count="0" type="cond" truecount="0" falsecount="2"/>
      <line num="982" count="0" type="stmt"/>
      <line num="984" count="0" type="stmt"/>
      <line num="988" count="0" type="stmt"/>
      <line num="992" count="0" type="stmt"/>
      <line num="996" count="0" type="stmt"/>
      <line num="997" count="0" type="stmt"/>
      <line num="1001" count="0" type="cond" truecount="0" falsecount="2"/>
      <line num="1002" count="0" type="stmt"/>
      <line num="1004" count="0" type="stmt"/>
      <line num="1012" count="1" type="cond" truecount="1" falsecount="1"/>
      <line num="1013" count="1" type="stmt"/>
      <line num="1017" count="0" type="stmt"/>
      <line num="1021" count="0" type="stmt"/>
      <line num="1025" count="0" type="stmt"/>
      <line num="1029" count="1" type="stmt"/>
      <line num="1030" count="1" type="stmt"/>
      <line num="1041" count="0" type="cond" truecount="0" falsecount="2"/>
      <line num="1042" count="0" type="stmt"/>
      <line num="1044" count="0" type="stmt"/>
      <line num="1048" count="0" type="cond" truecount="0" falsecount="2"/>
      <line num="1051" count="0" type="stmt"/>
      <line num="1052" count="0" type="stmt"/>
      <line num="1055" count="0" type="stmt"/>
      <line num="1061" count="1" type="stmt"/>
      <line num="1062" count="1" type="stmt"/>
      <line num="1066" count="1" type="cond" truecount="1" falsecount="1"/>
      <line num="1067" count="1" type="stmt"/>
      <line num="1071" count="0" type="stmt"/>
      <line num="1075" count="1" type="stmt"/>
      <line num="1076" count="1" type="stmt"/>
      <line num="1083" count="1" type="stmt"/>
      <line num="1087" count="0" type="stmt"/>
      <line num="1091" count="1" type="stmt"/>
      <line num="1092" count="1" type="stmt"/>
      <line num="1103" count="0" type="stmt"/>
      <line num="1107" count="0" type="stmt"/>
      <line num="1111" count="0" type="cond" truecount="0" falsecount="2"/>
      <line num="1112" count="0" type="stmt"/>
      <line num="1114" count="0" type="stmt"/>
      <line num="1118" count="0" type="cond" truecount="0" falsecount="2"/>
      <line num="1119" count="0" type="stmt"/>
      <line num="1121" count="0" type="stmt"/>
      <line num="1125" count="0" type="stmt"/>
      <line num="1129" count="0" type="stmt"/>
      <line num="1133" count="0" type="stmt"/>
      <line num="1138" count="1" type="cond" truecount="1" falsecount="1"/>
      <line num="1139" count="1" type="stmt"/>
      <line num="1141" count="0" type="stmt"/>
      <line num="1143" count="1" type="cond" truecount="1" falsecount="1"/>
      <line num="1147" count="0" type="cond" truecount="0" falsecount="2"/>
      <line num="1148" count="0" type="stmt"/>
      <line num="1150" count="0" type="stmt"/>
      <line num="1154" count="1" type="stmt"/>
      <line num="1158" count="0" type="stmt"/>
      <line num="1162" count="0" type="cond" truecount="0" falsecount="2"/>
      <line num="1163" count="0" type="stmt"/>
      <line num="1165" count="0" type="stmt"/>
      <line num="1169" count="0" type="stmt"/>
      <line num="1174" count="0" type="stmt"/>
      <line num="1175" count="0" type="stmt"/>
      <line num="1179" count="0" type="stmt"/>
      <line num="1185" count="0" type="stmt"/>
      <line num="1189" count="0" type="stmt"/>
      <line num="1195" count="0" type="stmt"/>
      <line num="1200" count="0" type="stmt"/>
      <line num="1209" count="0" type="stmt"/>
      <line num="1211" count="0" type="stmt"/>
      <line num="1212" count="0" type="stmt"/>
      <line num="1213" count="0" type="stmt"/>
      <line num="1218" count="0" type="stmt"/>
      <line num="1223" count="0" type="stmt"/>
      <line num="1231" count="0" type="stmt"/>
      <line num="1232" count="0" type="stmt"/>
      <line num="1233" count="0" type="stmt"/>
      <line num="1234" count="0" type="stmt"/>
      <line num="1236" count="0" type="stmt"/>
      <line num="1243" count="0" type="stmt"/>
      <line num="1252" count="0" type="stmt"/>
      <line num="1253" count="0" type="stmt"/>
      <line num="1254" count="0" type="stmt"/>
      <line num="1255" count="0" type="stmt"/>
      <line num="1261" count="0" type="stmt"/>
    </file>
    <file name="simulate.js" path="C:\Users\princ\OneDrive\Desktop\r\rfid\simulate.js">
      <metrics statements="93" coveredstatements="0" conditionals="22" coveredconditionals="0" methods="9" coveredmethods="0"/>
      <line num="6" count="0" type="stmt"/>
      <line num="12" count="0" type="stmt"/>
      <line num="13" count="0" type="stmt"/>
      <line num="16" count="0" type="stmt"/>
      <line num="28" count="0" type="stmt"/>
      <line num="29" count="0" type="stmt"/>
      <line num="30" count="0" type="stmt"/>
      <line num="32" count="0" type="stmt"/>
      <line num="37" count="0" type="stmt"/>
      <line num="38" count="0" type="stmt"/>
      <line num="46" count="0" type="stmt"/>
      <line num="48" count="0" type="stmt"/>
      <line num="49" count="0" type="stmt"/>
      <line num="51" count="0" type="cond" truecount="0" falsecount="2"/>
      <line num="52" count="0" type="cond" truecount="0" falsecount="2"/>
      <line num="53" count="0" type="stmt"/>
      <line num="54" count="0" type="stmt"/>
      <line num="55" count="0" type="stmt"/>
      <line num="56" count="0" type="cond" truecount="0" falsecount="2"/>
      <line num="57" count="0" type="stmt"/>
      <line num="59" count="0" type="stmt"/>
      <line num="60" count="0" type="stmt"/>
      <line num="61" count="0" type="stmt"/>
      <line num="63" count="0" type="stmt"/>
      <line num="64" count="0" type="stmt"/>
      <line num="66" count="0" type="stmt"/>
      <line num="67" count="0" type="stmt"/>
      <line num="71" count="0" type="stmt"/>
      <line num="72" count="0" type="stmt"/>
      <line num="74" count="0" type="cond" truecount="0" falsecount="2"/>
      <line num="75" count="0" type="stmt"/>
      <line num="76" count="0" type="stmt"/>
      <line num="80" count="0" type="stmt"/>
      <line num="87" count="0" type="stmt"/>
      <line num="88" count="0" type="stmt"/>
      <line num="89" count="0" type="stmt"/>
      <line num="90" count="0" type="stmt"/>
      <line num="92" count="0" type="stmt"/>
      <line num="99" count="0" type="stmt"/>
      <line num="100" count="0" type="stmt"/>
      <line num="101" count="0" type="stmt"/>
      <line num="102" count="0" type="stmt"/>
      <line num="103" count="0" type="stmt"/>
      <line num="104" count="0" type="stmt"/>
      <line num="105" count="0" type="stmt"/>
      <line num="106" count="0" type="stmt"/>
      <line num="108" count="0" type="stmt"/>
      <line num="109" count="0" type="stmt"/>
      <line num="110" count="0" type="stmt"/>
      <line num="111" count="0" type="stmt"/>
      <line num="112" count="0" type="stmt"/>
      <line num="113" count="0" type="stmt"/>
      <line num="114" count="0" type="stmt"/>
      <line num="115" count="0" type="stmt"/>
      <line num="122" count="0" type="stmt"/>
      <line num="124" count="0" type="stmt"/>
      <line num="125" count="0" type="stmt"/>
      <line num="129" count="0" type="stmt"/>
      <line num="131" count="0" type="stmt"/>
      <line num="132" count="0" type="stmt"/>
      <line num="133" count="0" type="stmt"/>
      <line num="135" count="0" type="stmt"/>
      <line num="136" count="0" type="stmt"/>
      <line num="137" count="0" type="stmt"/>
      <line num="145" count="0" type="stmt"/>
      <line num="146" count="0" type="stmt"/>
      <line num="148" count="0" type="stmt"/>
      <line num="149" count="0" type="stmt"/>
      <line num="150" count="0" type="stmt"/>
      <line num="153" count="0" type="stmt"/>
      <line num="160" count="0" type="stmt"/>
      <line num="165" count="0" type="stmt"/>
      <line num="167" count="0" type="stmt"/>
      <line num="168" count="0" type="stmt"/>
      <line num="170" count="0" type="cond" truecount="0" falsecount="4"/>
      <line num="171" count="0" type="stmt"/>
      <line num="172" count="0" type="stmt"/>
      <line num="173" count="0" type="stmt"/>
      <line num="176" count="0" type="cond" truecount="0" falsecount="2"/>
      <line num="177" count="0" type="stmt"/>
      <line num="180" count="0" type="cond" truecount="0" falsecount="2"/>
      <line num="181" count="0" type="stmt"/>
      <line num="182" count="0" type="stmt"/>
      <line num="185" count="0" type="cond" truecount="0" falsecount="2"/>
      <line num="186" count="0" type="stmt"/>
      <line num="189" count="0" type="cond" truecount="0" falsecount="2"/>
      <line num="190" count="0" type="stmt"/>
      <line num="193" count="0" type="cond" truecount="0" falsecount="2"/>
      <line num="195" count="0" type="stmt"/>
      <line num="198" count="0" type="stmt"/>
      <line num="201" count="0" type="stmt"/>
      <line num="202" count="0" type="stmt"/>
      <line num="205" count="0" type="stmt"/>
    </file>
  </project>
</coverage>
