{"C:\\Users\\princ\\OneDrive\\Desktop\\r\\rfid\\app.js": {"path":"C:\\Users\\princ\\OneDrive\\Desktop\\r\\rfid\\app.js","statementMap":{"0":{"start":{"line":2,"column":0},"end":{"line":2,"column":26}},"1":{"start":{"line":3,"column":16},"end":{"line":3,"column":34}},"2":{"start":{"line":4,"column":13},"end":{"line":4,"column":28}},"3":{"start":{"line":5,"column":13},"end":{"line":5,"column":28}},"4":{"start":{"line":6,"column":21},"end":{"line":6,"column":45}},"5":{"start":{"line":7,"column":15},"end":{"line":7,"column":32}},"6":{"start":{"line":8,"column":14},"end":{"line":8,"column":35}},"7":{"start":{"line":9,"column":15},"end":{"line":9,"column":32}},"8":{"start":{"line":10,"column":20},"end":{"line":10,"column":42}},"9":{"start":{"line":11,"column":18},"end":{"line":11,"column":47}},"10":{"start":{"line":12,"column":35},"end":{"line":12,"column":63}},"11":{"start":{"line":13,"column":13},"end":{"line":13,"column":29}},"12":{"start":{"line":14,"column":17},"end":{"line":14,"column":38}},"13":{"start":{"line":15,"column":13},"end":{"line":15,"column":41}},"14":{"start":{"line":18,"column":21},"end":{"line":20,"column":1}},"15":{"start":{"line":18,"column":29},"end":{"line":20,"column":1}},"16":{"start":{"line":19,"column":2},"end":{"line":19,"column":50}},"17":{"start":{"line":23,"column":12},"end":{"line":23,"column":21}},"18":{"start":{"line":24,"column":13},"end":{"line":24,"column":37}},"19":{"start":{"line":31,"column":0},"end":{"line":48,"column":4}},"20":{"start":{"line":51,"column":0},"end":{"line":56,"column":4}},"21":{"start":{"line":53,"column":4},"end":{"line":53,"column":54}},"22":{"start":{"line":53,"column":41},"end":{"line":53,"column":54}},"23":{"start":{"line":54,"column":4},"end":{"line":54,"column":40}},"24":{"start":{"line":59,"column":21},"end":{"line":68,"column":2}},"25":{"start":{"line":70,"column":19},"end":{"line":77,"column":2}},"26":{"start":{"line":79,"column":20},"end":{"line":86,"column":2}},"27":{"start":{"line":89,"column":23},"end":{"line":89,"column":45}},"28":{"start":{"line":92,"column":31},"end":{"line":102,"column":1}},"29":{"start":{"line":93,"column":17},"end":{"line":93,"column":38}},"30":{"start":{"line":94,"column":2},"end":{"line":100,"column":3}},"31":{"start":{"line":95,"column":4},"end":{"line":99,"column":7}},"32":{"start":{"line":101,"column":2},"end":{"line":101,"column":9}},"33":{"start":{"line":105,"column":26},"end":{"line":112,"column":1}},"34":{"start":{"line":114,"column":26},"end":{"line":120,"column":1}},"35":{"start":{"line":132,"column":23},"end":{"line":134,"column":6}},"36":{"start":{"line":136,"column":0},"end":{"line":141,"column":4}},"37":{"start":{"line":143,"column":0},"end":{"line":143,"column":24}},"38":{"start":{"line":144,"column":0},"end":{"line":144,"column":48}},"39":{"start":{"line":145,"column":0},"end":{"line":145,"column":24}},"40":{"start":{"line":148,"column":0},"end":{"line":158,"column":4}},"41":{"start":{"line":150,"column":4},"end":{"line":156,"column":5}},"42":{"start":{"line":151,"column":6},"end":{"line":151,"column":64}},"43":{"start":{"line":152,"column":11},"end":{"line":156,"column":5}},"44":{"start":{"line":153,"column":6},"end":{"line":153,"column":63}},"45":{"start":{"line":154,"column":11},"end":{"line":156,"column":5}},"46":{"start":{"line":155,"column":6},"end":{"line":155,"column":77}},"47":{"start":{"line":161,"column":0},"end":{"line":164,"column":3}},"48":{"start":{"line":162,"column":2},"end":{"line":162,"column":73}},"49":{"start":{"line":163,"column":2},"end":{"line":163,"column":9}},"50":{"start":{"line":175,"column":0},"end":{"line":270,"column":3}},"51":{"start":{"line":176,"column":2},"end":{"line":269,"column":3}},"52":{"start":{"line":177,"column":35},"end":{"line":177,"column":43}},"53":{"start":{"line":179,"column":4},"end":{"line":184,"column":5}},"54":{"start":{"line":180,"column":6},"end":{"line":183,"column":9}},"55":{"start":{"line":186,"column":20},"end":{"line":186,"column":61}},"56":{"start":{"line":188,"column":4},"end":{"line":193,"column":5}},"57":{"start":{"line":189,"column":6},"end":{"line":192,"column":9}},"58":{"start":{"line":196,"column":28},"end":{"line":196,"column":99}},"59":{"start":{"line":198,"column":4},"end":{"line":203,"column":5}},"60":{"start":{"line":199,"column":6},"end":{"line":202,"column":9}},"61":{"start":{"line":207,"column":30},"end":{"line":207,"column":83}},"62":{"start":{"line":208,"column":4},"end":{"line":211,"column":5}},"63":{"start":{"line":210,"column":6},"end":{"line":210,"column":50}},"64":{"start":{"line":214,"column":22},"end":{"line":214,"column":60}},"65":{"start":{"line":215,"column":22},"end":{"line":215,"column":64}},"66":{"start":{"line":217,"column":4},"end":{"line":217,"column":77}},"67":{"start":{"line":218,"column":4},"end":{"line":218,"column":50}},"68":{"start":{"line":221,"column":27},"end":{"line":221,"column":75}},"69":{"start":{"line":224,"column":26},"end":{"line":224,"column":72}},"70":{"start":{"line":224,"column":53},"end":{"line":224,"column":71}},"71":{"start":{"line":225,"column":26},"end":{"line":225,"column":73}},"72":{"start":{"line":225,"column":53},"end":{"line":225,"column":72}},"73":{"start":{"line":229,"column":4},"end":{"line":229,"column":33}},"74":{"start":{"line":232,"column":4},"end":{"line":237,"column":7}},"75":{"start":{"line":240,"column":4},"end":{"line":240,"column":72}},"76":{"start":{"line":242,"column":4},"end":{"line":261,"column":7}},"77":{"start":{"line":264,"column":4},"end":{"line":264,"column":41}},"78":{"start":{"line":265,"column":4},"end":{"line":268,"column":7}},"79":{"start":{"line":276,"column":0},"end":{"line":300,"column":3}},"80":{"start":{"line":277,"column":2},"end":{"line":298,"column":3}},"81":{"start":{"line":278,"column":22},"end":{"line":278,"column":75}},"82":{"start":{"line":280,"column":4},"end":{"line":282,"column":5}},"83":{"start":{"line":281,"column":6},"end":{"line":281,"column":42}},"84":{"start":{"line":284,"column":4},"end":{"line":284,"column":33}},"85":{"start":{"line":286,"column":4},"end":{"line":290,"column":7}},"86":{"start":{"line":293,"column":4},"end":{"line":293,"column":42}},"87":{"start":{"line":294,"column":4},"end":{"line":297,"column":7}},"88":{"start":{"line":306,"column":0},"end":{"line":325,"column":3}},"89":{"start":{"line":307,"column":2},"end":{"line":324,"column":3}},"90":{"start":{"line":308,"column":20},"end":{"line":308,"column":69}},"91":{"start":{"line":310,"column":4},"end":{"line":316,"column":7}},"92":{"start":{"line":319,"column":4},"end":{"line":319,"column":44}},"93":{"start":{"line":320,"column":4},"end":{"line":323,"column":7}},"94":{"start":{"line":331,"column":0},"end":{"line":336,"column":3}},"95":{"start":{"line":332,"column":2},"end":{"line":335,"column":5}},"96":{"start":{"line":347,"column":0},"end":{"line":402,"column":3}},"97":{"start":{"line":348,"column":2},"end":{"line":401,"column":3}},"98":{"start":{"line":349,"column":54},"end":{"line":349,"column":62}},"99":{"start":{"line":351,"column":4},"end":{"line":356,"column":5}},"100":{"start":{"line":352,"column":6},"end":{"line":355,"column":9}},"101":{"start":{"line":360,"column":24},"end":{"line":360,"column":41}},"102":{"start":{"line":363,"column":23},"end":{"line":363,"column":79}},"103":{"start":{"line":364,"column":4},"end":{"line":369,"column":5}},"104":{"start":{"line":365,"column":6},"end":{"line":368,"column":9}},"105":{"start":{"line":371,"column":21},"end":{"line":371,"column":62}},"106":{"start":{"line":372,"column":4},"end":{"line":377,"column":5}},"107":{"start":{"line":373,"column":6},"end":{"line":376,"column":9}},"108":{"start":{"line":379,"column":19},"end":{"line":379,"column":95}},"109":{"start":{"line":382,"column":4},"end":{"line":382,"column":84}},"110":{"start":{"line":384,"column":4},"end":{"line":393,"column":7}},"111":{"start":{"line":396,"column":4},"end":{"line":396,"column":50}},"112":{"start":{"line":397,"column":4},"end":{"line":400,"column":7}},"113":{"start":{"line":408,"column":0},"end":{"line":434,"column":3}},"114":{"start":{"line":409,"column":2},"end":{"line":433,"column":3}},"115":{"start":{"line":410,"column":21},"end":{"line":410,"column":47}},"116":{"start":{"line":413,"column":32},"end":{"line":419,"column":6}},"117":{"start":{"line":414,"column":22},"end":{"line":414,"column":70}},"118":{"start":{"line":415,"column":6},"end":{"line":418,"column":8}},"119":{"start":{"line":421,"column":4},"end":{"line":425,"column":7}},"120":{"start":{"line":428,"column":4},"end":{"line":428,"column":48}},"121":{"start":{"line":429,"column":4},"end":{"line":432,"column":7}},"122":{"start":{"line":441,"column":0},"end":{"line":459,"column":3}},"123":{"start":{"line":442,"column":2},"end":{"line":458,"column":3}},"124":{"start":{"line":443,"column":17},"end":{"line":443,"column":46}},"125":{"start":{"line":444,"column":18},"end":{"line":444,"column":49}},"126":{"start":{"line":445,"column":19},"end":{"line":445,"column":62}},"127":{"start":{"line":447,"column":4},"end":{"line":451,"column":7}},"128":{"start":{"line":453,"column":4},"end":{"line":453,"column":58}},"129":{"start":{"line":454,"column":4},"end":{"line":457,"column":7}},"130":{"start":{"line":465,"column":0},"end":{"line":497,"column":3}},"131":{"start":{"line":466,"column":2},"end":{"line":496,"column":3}},"132":{"start":{"line":467,"column":22},"end":{"line":467,"column":45}},"133":{"start":{"line":468,"column":34},"end":{"line":468,"column":42}},"134":{"start":{"line":470,"column":4},"end":{"line":475,"column":5}},"135":{"start":{"line":471,"column":6},"end":{"line":474,"column":9}},"136":{"start":{"line":477,"column":4},"end":{"line":477,"column":53}},"137":{"start":{"line":479,"column":4},"end":{"line":481,"column":5}},"138":{"start":{"line":480,"column":6},"end":{"line":480,"column":52}},"139":{"start":{"line":483,"column":4},"end":{"line":483,"column":51}},"140":{"start":{"line":485,"column":4},"end":{"line":488,"column":7}},"141":{"start":{"line":491,"column":4},"end":{"line":491,"column":50}},"142":{"start":{"line":492,"column":4},"end":{"line":495,"column":7}},"143":{"start":{"line":503,"column":0},"end":{"line":540,"column":3}},"144":{"start":{"line":504,"column":2},"end":{"line":539,"column":3}},"145":{"start":{"line":505,"column":22},"end":{"line":505,"column":45}},"146":{"start":{"line":506,"column":28},"end":{"line":506,"column":36}},"147":{"start":{"line":508,"column":4},"end":{"line":513,"column":5}},"148":{"start":{"line":509,"column":6},"end":{"line":512,"column":9}},"149":{"start":{"line":515,"column":20},"end":{"line":515,"column":56}},"150":{"start":{"line":516,"column":4},"end":{"line":521,"column":5}},"151":{"start":{"line":517,"column":6},"end":{"line":520,"column":9}},"152":{"start":{"line":523,"column":4},"end":{"line":523,"column":67}},"153":{"start":{"line":526,"column":4},"end":{"line":526,"column":65}},"154":{"start":{"line":528,"column":4},"end":{"line":531,"column":7}},"155":{"start":{"line":534,"column":4},"end":{"line":534,"column":50}},"156":{"start":{"line":535,"column":4},"end":{"line":538,"column":7}},"157":{"start":{"line":546,"column":0},"end":{"line":573,"column":3}},"158":{"start":{"line":547,"column":2},"end":{"line":572,"column":3}},"159":{"start":{"line":548,"column":22},"end":{"line":548,"column":45}},"160":{"start":{"line":550,"column":19},"end":{"line":550,"column":54}},"161":{"start":{"line":552,"column":4},"end":{"line":557,"column":5}},"162":{"start":{"line":553,"column":6},"end":{"line":556,"column":9}},"163":{"start":{"line":559,"column":4},"end":{"line":559,"column":51}},"164":{"start":{"line":561,"column":4},"end":{"line":564,"column":7}},"165":{"start":{"line":567,"column":4},"end":{"line":567,"column":50}},"166":{"start":{"line":568,"column":4},"end":{"line":571,"column":7}},"167":{"start":{"line":589,"column":0},"end":{"line":672,"column":3}},"168":{"start":{"line":590,"column":2},"end":{"line":671,"column":3}},"169":{"start":{"line":591,"column":62},"end":{"line":591,"column":70}},"170":{"start":{"line":593,"column":4},"end":{"line":598,"column":5}},"171":{"start":{"line":594,"column":6},"end":{"line":597,"column":9}},"172":{"start":{"line":601,"column":20},"end":{"line":601,"column":56}},"173":{"start":{"line":602,"column":4},"end":{"line":607,"column":5}},"174":{"start":{"line":603,"column":6},"end":{"line":606,"column":9}},"175":{"start":{"line":609,"column":4},"end":{"line":614,"column":5}},"176":{"start":{"line":610,"column":6},"end":{"line":613,"column":9}},"177":{"start":{"line":617,"column":4},"end":{"line":637,"column":5}},"178":{"start":{"line":619,"column":25},"end":{"line":619,"column":75}},"179":{"start":{"line":621,"column":6},"end":{"line":626,"column":7}},"180":{"start":{"line":622,"column":8},"end":{"line":625,"column":11}},"181":{"start":{"line":629,"column":22},"end":{"line":629,"column":76}},"182":{"start":{"line":631,"column":6},"end":{"line":636,"column":7}},"183":{"start":{"line":632,"column":8},"end":{"line":635,"column":11}},"184":{"start":{"line":640,"column":4},"end":{"line":650,"column":5}},"185":{"start":{"line":641,"column":33},"end":{"line":642,"column":93}},"186":{"start":{"line":642,"column":19},"end":{"line":642,"column":92}},"187":{"start":{"line":644,"column":6},"end":{"line":649,"column":7}},"188":{"start":{"line":645,"column":8},"end":{"line":648,"column":11}},"189":{"start":{"line":653,"column":4},"end":{"line":653,"column":99}},"190":{"start":{"line":655,"column":27},"end":{"line":655,"column":79}},"191":{"start":{"line":656,"column":26},"end":{"line":656,"column":73}},"192":{"start":{"line":658,"column":4},"end":{"line":658,"column":60}},"193":{"start":{"line":660,"column":4},"end":{"line":663,"column":7}},"194":{"start":{"line":666,"column":4},"end":{"line":666,"column":48}},"195":{"start":{"line":667,"column":4},"end":{"line":670,"column":7}},"196":{"start":{"line":677,"column":0},"end":{"line":706,"column":3}},"197":{"start":{"line":678,"column":2},"end":{"line":705,"column":3}},"198":{"start":{"line":679,"column":46},"end":{"line":679,"column":54}},"199":{"start":{"line":681,"column":4},"end":{"line":686,"column":5}},"200":{"start":{"line":682,"column":6},"end":{"line":685,"column":9}},"201":{"start":{"line":688,"column":4},"end":{"line":688,"column":74}},"202":{"start":{"line":690,"column":26},"end":{"line":690,"column":73}},"203":{"start":{"line":692,"column":4},"end":{"line":692,"column":61}},"204":{"start":{"line":694,"column":4},"end":{"line":697,"column":7}},"205":{"start":{"line":700,"column":4},"end":{"line":700,"column":48}},"206":{"start":{"line":701,"column":4},"end":{"line":704,"column":7}},"207":{"start":{"line":712,"column":0},"end":{"line":729,"column":3}},"208":{"start":{"line":713,"column":2},"end":{"line":728,"column":3}},"209":{"start":{"line":714,"column":24},"end":{"line":714,"column":56}},"210":{"start":{"line":716,"column":4},"end":{"line":720,"column":7}},"211":{"start":{"line":723,"column":4},"end":{"line":723,"column":51}},"212":{"start":{"line":724,"column":4},"end":{"line":727,"column":7}},"213":{"start":{"line":741,"column":0},"end":{"line":836,"column":3}},"214":{"start":{"line":742,"column":2},"end":{"line":835,"column":3}},"215":{"start":{"line":743,"column":31},"end":{"line":743,"column":39}},"216":{"start":{"line":745,"column":4},"end":{"line":750,"column":5}},"217":{"start":{"line":746,"column":6},"end":{"line":749,"column":9}},"218":{"start":{"line":753,"column":4},"end":{"line":758,"column":5}},"219":{"start":{"line":754,"column":6},"end":{"line":757,"column":9}},"220":{"start":{"line":761,"column":22},"end":{"line":761,"column":46}},"221":{"start":{"line":762,"column":26},"end":{"line":762,"column":66}},"222":{"start":{"line":765,"column":4},"end":{"line":765,"column":44}},"223":{"start":{"line":768,"column":20},"end":{"line":768,"column":64}},"224":{"start":{"line":770,"column":4},"end":{"line":795,"column":5}},"225":{"start":{"line":772,"column":6},"end":{"line":772,"column":46}},"226":{"start":{"line":775,"column":21},"end":{"line":782,"column":7}},"227":{"start":{"line":784,"column":6},"end":{"line":794,"column":9}},"228":{"start":{"line":798,"column":19},"end":{"line":805,"column":5}},"229":{"start":{"line":808,"column":4},"end":{"line":808,"column":67}},"230":{"start":{"line":810,"column":4},"end":{"line":826,"column":7}},"231":{"start":{"line":829,"column":4},"end":{"line":829,"column":48}},"232":{"start":{"line":830,"column":4},"end":{"line":834,"column":7}},"233":{"start":{"line":842,"column":0},"end":{"line":849,"column":3}},"234":{"start":{"line":843,"column":2},"end":{"line":848,"column":5}},"235":{"start":{"line":860,"column":0},"end":{"line":909,"column":3}},"236":{"start":{"line":861,"column":2},"end":{"line":908,"column":3}},"237":{"start":{"line":862,"column":29},"end":{"line":862,"column":37}},"238":{"start":{"line":864,"column":4},"end":{"line":869,"column":5}},"239":{"start":{"line":865,"column":6},"end":{"line":868,"column":9}},"240":{"start":{"line":871,"column":22},"end":{"line":871,"column":54}},"241":{"start":{"line":872,"column":26},"end":{"line":872,"column":66}},"242":{"start":{"line":875,"column":4},"end":{"line":875,"column":50}},"243":{"start":{"line":877,"column":20},"end":{"line":877,"column":64}},"244":{"start":{"line":879,"column":19},"end":{"line":886,"column":5}},"245":{"start":{"line":889,"column":4},"end":{"line":889,"column":91}},"246":{"start":{"line":891,"column":4},"end":{"line":900,"column":7}},"247":{"start":{"line":903,"column":4},"end":{"line":903,"column":56}},"248":{"start":{"line":904,"column":4},"end":{"line":907,"column":7}},"249":{"start":{"line":916,"column":0},"end":{"line":937,"column":3}},"250":{"start":{"line":917,"column":2},"end":{"line":936,"column":3}},"251":{"start":{"line":918,"column":26},"end":{"line":918,"column":36}},"252":{"start":{"line":919,"column":24},"end":{"line":919,"column":33}},"253":{"start":{"line":920,"column":18},"end":{"line":920,"column":50}},"254":{"start":{"line":922,"column":20},"end":{"line":922,"column":85}},"255":{"start":{"line":924,"column":4},"end":{"line":928,"column":7}},"256":{"start":{"line":931,"column":4},"end":{"line":931,"column":61}},"257":{"start":{"line":932,"column":4},"end":{"line":935,"column":7}},"258":{"start":{"line":944,"column":0},"end":{"line":992,"column":3}},"259":{"start":{"line":945,"column":2},"end":{"line":991,"column":3}},"260":{"start":{"line":946,"column":26},"end":{"line":946,"column":36}},"261":{"start":{"line":947,"column":24},"end":{"line":947,"column":33}},"262":{"start":{"line":950,"column":4},"end":{"line":983,"column":5}},"263":{"start":{"line":951,"column":22},"end":{"line":951,"column":85}},"264":{"start":{"line":952,"column":28},"end":{"line":952,"column":91}},"265":{"start":{"line":953,"column":27},"end":{"line":953,"column":95}},"266":{"start":{"line":954,"column":29},"end":{"line":954,"column":93}},"267":{"start":{"line":956,"column":6},"end":{"line":967,"column":9}},"268":{"start":{"line":970,"column":28},"end":{"line":970,"column":91}},"269":{"start":{"line":971,"column":27},"end":{"line":971,"column":95}},"270":{"start":{"line":973,"column":6},"end":{"line":982,"column":9}},"271":{"start":{"line":986,"column":4},"end":{"line":986,"column":64}},"272":{"start":{"line":987,"column":4},"end":{"line":990,"column":7}},"273":{"start":{"line":998,"column":0},"end":{"line":1014,"column":3}},"274":{"start":{"line":999,"column":2},"end":{"line":1013,"column":3}},"275":{"start":{"line":1000,"column":18},"end":{"line":1000,"column":48}},"276":{"start":{"line":1002,"column":4},"end":{"line":1005,"column":7}},"277":{"start":{"line":1008,"column":4},"end":{"line":1008,"column":61}},"278":{"start":{"line":1009,"column":4},"end":{"line":1012,"column":7}},"279":{"start":{"line":1020,"column":0},"end":{"line":1037,"column":3}},"280":{"start":{"line":1021,"column":2},"end":{"line":1036,"column":3}},"281":{"start":{"line":1022,"column":20},"end":{"line":1022,"column":51}},"282":{"start":{"line":1024,"column":4},"end":{"line":1028,"column":7}},"283":{"start":{"line":1031,"column":4},"end":{"line":1031,"column":62}},"284":{"start":{"line":1032,"column":4},"end":{"line":1035,"column":7}},"285":{"start":{"line":1044,"column":0},"end":{"line":1062,"column":3}},"286":{"start":{"line":1045,"column":2},"end":{"line":1061,"column":3}},"287":{"start":{"line":1046,"column":17},"end":{"line":1046,"column":46}},"288":{"start":{"line":1047,"column":18},"end":{"line":1047,"column":49}},"289":{"start":{"line":1048,"column":19},"end":{"line":1048,"column":64}},"290":{"start":{"line":1050,"column":4},"end":{"line":1054,"column":7}},"291":{"start":{"line":1056,"column":4},"end":{"line":1056,"column":60}},"292":{"start":{"line":1057,"column":4},"end":{"line":1060,"column":7}},"293":{"start":{"line":1068,"column":0},"end":{"line":1086,"column":3}},"294":{"start":{"line":1069,"column":2},"end":{"line":1085,"column":3}},"295":{"start":{"line":1070,"column":19},"end":{"line":1070,"column":49}},"296":{"start":{"line":1072,"column":4},"end":{"line":1072,"column":52}},"297":{"start":{"line":1074,"column":4},"end":{"line":1077,"column":7}},"298":{"start":{"line":1080,"column":4},"end":{"line":1080,"column":55}},"299":{"start":{"line":1081,"column":4},"end":{"line":1084,"column":7}},"300":{"start":{"line":1097,"column":0},"end":{"line":1160,"column":3}},"301":{"start":{"line":1098,"column":2},"end":{"line":1159,"column":3}},"302":{"start":{"line":1099,"column":64},"end":{"line":1099,"column":72}},"303":{"start":{"line":1101,"column":4},"end":{"line":1106,"column":5}},"304":{"start":{"line":1102,"column":6},"end":{"line":1105,"column":9}},"305":{"start":{"line":1109,"column":4},"end":{"line":1114,"column":5}},"306":{"start":{"line":1110,"column":6},"end":{"line":1113,"column":9}},"307":{"start":{"line":1117,"column":4},"end":{"line":1122,"column":5}},"308":{"start":{"line":1118,"column":6},"end":{"line":1121,"column":9}},"309":{"start":{"line":1124,"column":4},"end":{"line":1129,"column":5}},"310":{"start":{"line":1125,"column":6},"end":{"line":1128,"column":9}},"311":{"start":{"line":1131,"column":19},"end":{"line":1137,"column":5}},"312":{"start":{"line":1139,"column":4},"end":{"line":1139,"column":96}},"313":{"start":{"line":1141,"column":4},"end":{"line":1151,"column":7}},"314":{"start":{"line":1154,"column":4},"end":{"line":1154,"column":55}},"315":{"start":{"line":1155,"column":4},"end":{"line":1158,"column":7}},"316":{"start":{"line":1166,"column":0},"end":{"line":1183,"column":3}},"317":{"start":{"line":1167,"column":2},"end":{"line":1182,"column":3}},"318":{"start":{"line":1168,"column":21},"end":{"line":1168,"column":47}},"319":{"start":{"line":1170,"column":4},"end":{"line":1174,"column":7}},"320":{"start":{"line":1177,"column":4},"end":{"line":1177,"column":53}},"321":{"start":{"line":1178,"column":4},"end":{"line":1181,"column":7}},"322":{"start":{"line":1190,"column":0},"end":{"line":1208,"column":3}},"323":{"start":{"line":1191,"column":2},"end":{"line":1207,"column":3}},"324":{"start":{"line":1192,"column":17},"end":{"line":1192,"column":46}},"325":{"start":{"line":1193,"column":18},"end":{"line":1193,"column":49}},"326":{"start":{"line":1194,"column":19},"end":{"line":1194,"column":62}},"327":{"start":{"line":1196,"column":4},"end":{"line":1200,"column":7}},"328":{"start":{"line":1202,"column":4},"end":{"line":1202,"column":58}},"329":{"start":{"line":1203,"column":4},"end":{"line":1206,"column":7}},"330":{"start":{"line":1215,"column":0},"end":{"line":1234,"column":3}},"331":{"start":{"line":1216,"column":2},"end":{"line":1233,"column":3}},"332":{"start":{"line":1217,"column":26},"end":{"line":1217,"column":36}},"333":{"start":{"line":1218,"column":24},"end":{"line":1218,"column":33}},"334":{"start":{"line":1219,"column":21},"end":{"line":1219,"column":77}},"335":{"start":{"line":1221,"column":4},"end":{"line":1225,"column":7}},"336":{"start":{"line":1228,"column":4},"end":{"line":1228,"column":53}},"337":{"start":{"line":1229,"column":4},"end":{"line":1232,"column":7}},"338":{"start":{"line":1246,"column":0},"end":{"line":1278,"column":3}},"339":{"start":{"line":1247,"column":2},"end":{"line":1277,"column":3}},"340":{"start":{"line":1248,"column":21},"end":{"line":1248,"column":47}},"341":{"start":{"line":1251,"column":28},"end":{"line":1251,"column":72}},"342":{"start":{"line":1254,"column":30},"end":{"line":1263,"column":6}},"343":{"start":{"line":1255,"column":20},"end":{"line":1255,"column":51}},"344":{"start":{"line":1256,"column":6},"end":{"line":1262,"column":8}},"345":{"start":{"line":1265,"column":4},"end":{"line":1269,"column":7}},"346":{"start":{"line":1272,"column":4},"end":{"line":1272,"column":48}},"347":{"start":{"line":1273,"column":4},"end":{"line":1276,"column":7}},"348":{"start":{"line":1284,"column":0},"end":{"line":1318,"column":3}},"349":{"start":{"line":1285,"column":2},"end":{"line":1317,"column":3}},"350":{"start":{"line":1286,"column":22},"end":{"line":1286,"column":45}},"351":{"start":{"line":1287,"column":20},"end":{"line":1287,"column":56}},"352":{"start":{"line":1289,"column":4},"end":{"line":1294,"column":5}},"353":{"start":{"line":1290,"column":6},"end":{"line":1293,"column":9}},"354":{"start":{"line":1297,"column":30},"end":{"line":1297,"column":79}},"355":{"start":{"line":1298,"column":28},"end":{"line":1298,"column":76}},"356":{"start":{"line":1300,"column":4},"end":{"line":1309,"column":7}},"357":{"start":{"line":1312,"column":4},"end":{"line":1312,"column":47}},"358":{"start":{"line":1313,"column":4},"end":{"line":1316,"column":7}},"359":{"start":{"line":1324,"column":0},"end":{"line":1388,"column":3}},"360":{"start":{"line":1325,"column":2},"end":{"line":1387,"column":3}},"361":{"start":{"line":1326,"column":22},"end":{"line":1326,"column":45}},"362":{"start":{"line":1327,"column":64},"end":{"line":1327,"column":72}},"363":{"start":{"line":1329,"column":4},"end":{"line":1334,"column":5}},"364":{"start":{"line":1330,"column":6},"end":{"line":1333,"column":9}},"365":{"start":{"line":1337,"column":28},"end":{"line":1337,"column":64}},"366":{"start":{"line":1338,"column":4},"end":{"line":1343,"column":5}},"367":{"start":{"line":1339,"column":6},"end":{"line":1342,"column":9}},"368":{"start":{"line":1346,"column":4},"end":{"line":1354,"column":5}},"369":{"start":{"line":1347,"column":25},"end":{"line":1347,"column":62}},"370":{"start":{"line":1348,"column":6},"end":{"line":1353,"column":7}},"371":{"start":{"line":1349,"column":8},"end":{"line":1352,"column":11}},"372":{"start":{"line":1357,"column":4},"end":{"line":1364,"column":6}},"373":{"start":{"line":1366,"column":4},"end":{"line":1366,"column":65}},"374":{"start":{"line":1368,"column":4},"end":{"line":1379,"column":7}},"375":{"start":{"line":1382,"column":4},"end":{"line":1382,"column":50}},"376":{"start":{"line":1383,"column":4},"end":{"line":1386,"column":7}},"377":{"start":{"line":1394,"column":0},"end":{"line":1431,"column":3}},"378":{"start":{"line":1395,"column":2},"end":{"line":1430,"column":3}},"379":{"start":{"line":1396,"column":22},"end":{"line":1396,"column":45}},"380":{"start":{"line":1398,"column":20},"end":{"line":1398,"column":56}},"381":{"start":{"line":1399,"column":4},"end":{"line":1404,"column":5}},"382":{"start":{"line":1400,"column":6},"end":{"line":1403,"column":9}},"383":{"start":{"line":1407,"column":19},"end":{"line":1407,"column":54}},"384":{"start":{"line":1409,"column":4},"end":{"line":1414,"column":5}},"385":{"start":{"line":1410,"column":6},"end":{"line":1413,"column":9}},"386":{"start":{"line":1417,"column":4},"end":{"line":1417,"column":54}},"387":{"start":{"line":1419,"column":4},"end":{"line":1422,"column":7}},"388":{"start":{"line":1425,"column":4},"end":{"line":1425,"column":50}},"389":{"start":{"line":1426,"column":4},"end":{"line":1429,"column":7}},"390":{"start":{"line":1437,"column":0},"end":{"line":1480,"column":3}},"391":{"start":{"line":1438,"column":2},"end":{"line":1479,"column":3}},"392":{"start":{"line":1439,"column":39},"end":{"line":1439,"column":47}},"393":{"start":{"line":1441,"column":4},"end":{"line":1446,"column":5}},"394":{"start":{"line":1442,"column":6},"end":{"line":1445,"column":9}},"395":{"start":{"line":1448,"column":4},"end":{"line":1453,"column":5}},"396":{"start":{"line":1449,"column":6},"end":{"line":1452,"column":9}},"397":{"start":{"line":1455,"column":20},"end":{"line":1455,"column":56}},"398":{"start":{"line":1456,"column":4},"end":{"line":1461,"column":5}},"399":{"start":{"line":1457,"column":6},"end":{"line":1460,"column":9}},"400":{"start":{"line":1463,"column":4},"end":{"line":1463,"column":67}},"401":{"start":{"line":1466,"column":4},"end":{"line":1466,"column":65}},"402":{"start":{"line":1468,"column":4},"end":{"line":1471,"column":7}},"403":{"start":{"line":1474,"column":4},"end":{"line":1474,"column":58}},"404":{"start":{"line":1475,"column":4},"end":{"line":1478,"column":7}},"405":{"start":{"line":1486,"column":0},"end":{"line":1601,"column":3}},"406":{"start":{"line":1487,"column":2},"end":{"line":1600,"column":3}},"407":{"start":{"line":1488,"column":25},"end":{"line":1488,"column":33}},"408":{"start":{"line":1490,"column":4},"end":{"line":1495,"column":5}},"409":{"start":{"line":1491,"column":6},"end":{"line":1494,"column":9}},"410":{"start":{"line":1497,"column":20},"end":{"line":1501,"column":5}},"411":{"start":{"line":1504,"column":27},"end":{"line":1512,"column":5}},"412":{"start":{"line":1505,"column":6},"end":{"line":1505,"column":35}},"413":{"start":{"line":1505,"column":23},"end":{"line":1505,"column":35}},"414":{"start":{"line":1506,"column":22},"end":{"line":1506,"column":53}},"415":{"start":{"line":1508,"column":6},"end":{"line":1508,"column":59}},"416":{"start":{"line":1510,"column":6},"end":{"line":1510,"column":73}},"417":{"start":{"line":1511,"column":6},"end":{"line":1511,"column":30}},"418":{"start":{"line":1515,"column":26},"end":{"line":1520,"column":5}},"419":{"start":{"line":1516,"column":6},"end":{"line":1519,"column":36}},"420":{"start":{"line":1522,"column":4},"end":{"line":1584,"column":7}},"421":{"start":{"line":1523,"column":6},"end":{"line":1583,"column":7}},"422":{"start":{"line":1525,"column":8},"end":{"line":1532,"column":9}},"423":{"start":{"line":1526,"column":10},"end":{"line":1526,"column":27}},"424":{"start":{"line":1527,"column":10},"end":{"line":1530,"column":13}},"425":{"start":{"line":1531,"column":10},"end":{"line":1531,"column":17}},"426":{"start":{"line":1534,"column":66},"end":{"line":1534,"column":73}},"427":{"start":{"line":1537,"column":8},"end":{"line":1544,"column":9}},"428":{"start":{"line":1538,"column":10},"end":{"line":1538,"column":27}},"429":{"start":{"line":1539,"column":10},"end":{"line":1542,"column":13}},"430":{"start":{"line":1543,"column":10},"end":{"line":1543,"column":17}},"431":{"start":{"line":1547,"column":8},"end":{"line":1547,"column":45}},"432":{"start":{"line":1548,"column":8},"end":{"line":1548,"column":41}},"433":{"start":{"line":1549,"column":8},"end":{"line":1549,"column":56}},"434":{"start":{"line":1550,"column":8},"end":{"line":1550,"column":46}},"435":{"start":{"line":1551,"column":8},"end":{"line":1551,"column":52}},"436":{"start":{"line":1554,"column":8},"end":{"line":1562,"column":9}},"437":{"start":{"line":1555,"column":10},"end":{"line":1555,"column":27}},"438":{"start":{"line":1556,"column":10},"end":{"line":1560,"column":13}},"439":{"start":{"line":1561,"column":10},"end":{"line":1561,"column":17}},"440":{"start":{"line":1565,"column":8},"end":{"line":1571,"column":10}},"441":{"start":{"line":1573,"column":8},"end":{"line":1573,"column":26}},"442":{"start":{"line":1576,"column":8},"end":{"line":1576,"column":25}},"443":{"start":{"line":1578,"column":8},"end":{"line":1581,"column":11}},"444":{"start":{"line":1582,"column":8},"end":{"line":1582,"column":64}},"445":{"start":{"line":1586,"column":4},"end":{"line":1586,"column":87}},"446":{"start":{"line":1588,"column":4},"end":{"line":1592,"column":7}},"447":{"start":{"line":1595,"column":4},"end":{"line":1595,"column":47}},"448":{"start":{"line":1596,"column":4},"end":{"line":1599,"column":7}},"449":{"start":{"line":1606,"column":0},"end":{"line":1613,"column":3}},"450":{"start":{"line":1607,"column":2},"end":{"line":1612,"column":5}},"451":{"start":{"line":1615,"column":0},"end":{"line":1639,"column":3}},"452":{"start":{"line":1616,"column":2},"end":{"line":1638,"column":3}},"453":{"start":{"line":1617,"column":18},"end":{"line":1617,"column":48}},"454":{"start":{"line":1618,"column":25},"end":{"line":1618,"column":58}},"455":{"start":{"line":1619,"column":25},"end":{"line":1619,"column":58}},"456":{"start":{"line":1621,"column":4},"end":{"line":1630,"column":7}},"457":{"start":{"line":1633,"column":4},"end":{"line":1637,"column":7}},"458":{"start":{"line":1651,"column":0},"end":{"line":1702,"column":3}},"459":{"start":{"line":1652,"column":2},"end":{"line":1701,"column":3}},"460":{"start":{"line":1653,"column":21},"end":{"line":1653,"column":47}},"461":{"start":{"line":1656,"column":26},"end":{"line":1658,"column":5}},"462":{"start":{"line":1659,"column":27},"end":{"line":1659,"column":46}},"463":{"start":{"line":1662,"column":27},"end":{"line":1662,"column":77}},"464":{"start":{"line":1665,"column":21},"end":{"line":1665,"column":49}},"465":{"start":{"line":1668,"column":19},"end":{"line":1695,"column":6}},"466":{"start":{"line":1669,"column":27},"end":{"line":1669,"column":62}},"467":{"start":{"line":1672,"column":25},"end":{"line":1674,"column":11}},"468":{"start":{"line":1677,"column":23},"end":{"line":1677,"column":97}},"469":{"start":{"line":1679,"column":24},"end":{"line":1679,"column":42}},"470":{"start":{"line":1680,"column":18},"end":{"line":1680,"column":22}},"471":{"start":{"line":1681,"column":6},"end":{"line":1685,"column":44}},"472":{"start":{"line":1681,"column":27},"end":{"line":1681,"column":39}},"473":{"start":{"line":1682,"column":11},"end":{"line":1685,"column":44}},"474":{"start":{"line":1682,"column":32},"end":{"line":1682,"column":44}},"475":{"start":{"line":1683,"column":11},"end":{"line":1685,"column":44}},"476":{"start":{"line":1683,"column":32},"end":{"line":1683,"column":44}},"477":{"start":{"line":1684,"column":11},"end":{"line":1685,"column":44}},"478":{"start":{"line":1684,"column":32},"end":{"line":1684,"column":44}},"479":{"start":{"line":1685,"column":11},"end":{"line":1685,"column":44}},"480":{"start":{"line":1685,"column":32},"end":{"line":1685,"column":44}},"481":{"start":{"line":1687,"column":6},"end":{"line":1694,"column":8}},"482":{"start":{"line":1697,"column":4},"end":{"line":1697,"column":68}},"483":{"start":{"line":1699,"column":4},"end":{"line":1699,"column":48}},"484":{"start":{"line":1700,"column":4},"end":{"line":1700,"column":83}},"485":{"start":{"line":1712,"column":0},"end":{"line":1780,"column":3}},"486":{"start":{"line":1713,"column":2},"end":{"line":1779,"column":3}},"487":{"start":{"line":1715,"column":28},"end":{"line":1719,"column":5}},"488":{"start":{"line":1722,"column":4},"end":{"line":1727,"column":7}},"489":{"start":{"line":1723,"column":6},"end":{"line":1726,"column":63}},"490":{"start":{"line":1725,"column":8},"end":{"line":1725,"column":75}},"491":{"start":{"line":1729,"column":23},"end":{"line":1729,"column":31}},"492":{"start":{"line":1730,"column":4},"end":{"line":1732,"column":5}},"493":{"start":{"line":1731,"column":6},"end":{"line":1731,"column":88}},"494":{"start":{"line":1734,"column":23},"end":{"line":1737,"column":6}},"495":{"start":{"line":1740,"column":31},"end":{"line":1745,"column":5}},"496":{"start":{"line":1741,"column":6},"end":{"line":1741,"column":37}},"497":{"start":{"line":1741,"column":25},"end":{"line":1741,"column":37}},"498":{"start":{"line":1742,"column":18},"end":{"line":1742,"column":51}},"499":{"start":{"line":1744,"column":6},"end":{"line":1744,"column":48}},"500":{"start":{"line":1748,"column":30},"end":{"line":1750,"column":5}},"501":{"start":{"line":1749,"column":6},"end":{"line":1749,"column":73}},"502":{"start":{"line":1752,"column":18},"end":{"line":1752,"column":19}},"503":{"start":{"line":1753,"column":18},"end":{"line":1769,"column":6}},"504":{"start":{"line":1754,"column":6},"end":{"line":1768,"column":9}},"505":{"start":{"line":1756,"column":8},"end":{"line":1759,"column":9}},"506":{"start":{"line":1757,"column":10},"end":{"line":1757,"column":67}},"507":{"start":{"line":1758,"column":10},"end":{"line":1758,"column":17}},"508":{"start":{"line":1762,"column":31},"end":{"line":1762,"column":56}},"509":{"start":{"line":1763,"column":33},"end":{"line":1763,"column":83}},"510":{"start":{"line":1764,"column":31},"end":{"line":1764,"column":84}},"511":{"start":{"line":1766,"column":21},"end":{"line":1766,"column":105}},"512":{"start":{"line":1767,"column":8},"end":{"line":1767,"column":40}},"513":{"start":{"line":1767,"column":30},"end":{"line":1767,"column":40}},"514":{"start":{"line":1770,"column":4},"end":{"line":1770,"column":12}},"515":{"start":{"line":1772,"column":4},"end":{"line":1772,"column":63}},"516":{"start":{"line":1773,"column":4},"end":{"line":1773,"column":41}},"517":{"start":{"line":1775,"column":4},"end":{"line":1775,"column":48}},"518":{"start":{"line":1777,"column":4},"end":{"line":1777,"column":42}},"519":{"start":{"line":1778,"column":4},"end":{"line":1778,"column":71}},"520":{"start":{"line":1791,"column":0},"end":{"line":1835,"column":4}},"521":{"start":{"line":1792,"column":22},"end":{"line":1792,"column":30}},"522":{"start":{"line":1793,"column":2},"end":{"line":1793,"column":93}},"523":{"start":{"line":1793,"column":16},"end":{"line":1793,"column":93}},"524":{"start":{"line":1795,"column":19},"end":{"line":1795,"column":45}},"525":{"start":{"line":1796,"column":4},"end":{"line":1801,"column":5}},"526":{"start":{"line":1797,"column":6},"end":{"line":1800,"column":9}},"527":{"start":{"line":1803,"column":21},"end":{"line":1822,"column":5}},"528":{"start":{"line":1824,"column":17},"end":{"line":1824,"column":38}},"529":{"start":{"line":1826,"column":4},"end":{"line":1830,"column":5}},"530":{"start":{"line":1828,"column":6},"end":{"line":1828,"column":53}},"531":{"start":{"line":1829,"column":6},"end":{"line":1829,"column":85}},"532":{"start":{"line":1833,"column":18},"end":{"line":1833,"column":90}},"533":{"start":{"line":1834,"column":2},"end":{"line":1834,"column":39}},"534":{"start":{"line":1843,"column":19},"end":{"line":1853,"column":2}},"535":{"start":{"line":1855,"column":24},"end":{"line":1861,"column":2}},"536":{"start":{"line":1863,"column":34},"end":{"line":1869,"column":2}},"537":{"start":{"line":1871,"column":26},"end":{"line":1877,"column":2}},"538":{"start":{"line":1879,"column":25},"end":{"line":1881,"column":2}},"539":{"start":{"line":1884,"column":27},"end":{"line":1886,"column":2}},"540":{"start":{"line":1888,"column":35},"end":{"line":1900,"column":2}},"541":{"start":{"line":1902,"column":38},"end":{"line":1914,"column":2}},"542":{"start":{"line":1916,"column":34},"end":{"line":1927,"column":2}},"543":{"start":{"line":1929,"column":37},"end":{"line":1940,"column":2}},"544":{"start":{"line":1944,"column":0},"end":{"line":1963,"column":3}},"545":{"start":{"line":1945,"column":2},"end":{"line":1962,"column":3}},"546":{"start":{"line":1946,"column":18},"end":{"line":1946,"column":20}},"547":{"start":{"line":1948,"column":4},"end":{"line":1956,"column":5}},"548":{"start":{"line":1950,"column":19},"end":{"line":1950,"column":43}},"549":{"start":{"line":1951,"column":6},"end":{"line":1951,"column":39}},"550":{"start":{"line":1951,"column":30},"end":{"line":1951,"column":37}},"551":{"start":{"line":1954,"column":26},"end":{"line":1954,"column":75}},"552":{"start":{"line":1955,"column":6},"end":{"line":1955,"column":58}},"553":{"start":{"line":1955,"column":37},"end":{"line":1955,"column":49}},"554":{"start":{"line":1958,"column":4},"end":{"line":1958,"column":41}},"555":{"start":{"line":1960,"column":4},"end":{"line":1960,"column":47}},"556":{"start":{"line":1961,"column":4},"end":{"line":1961,"column":79}},"557":{"start":{"line":1969,"column":0},"end":{"line":1998,"column":3}},"558":{"start":{"line":1970,"column":2},"end":{"line":1997,"column":3}},"559":{"start":{"line":1971,"column":26},"end":{"line":1971,"column":36}},"560":{"start":{"line":1972,"column":24},"end":{"line":1972,"column":33}},"561":{"start":{"line":1975,"column":4},"end":{"line":1990,"column":5}},"562":{"start":{"line":1976,"column":26},"end":{"line":1976,"column":75}},"563":{"start":{"line":1977,"column":26},"end":{"line":1986,"column":8}},"564":{"start":{"line":1979,"column":8},"end":{"line":1979,"column":53}},"565":{"start":{"line":1979,"column":40},"end":{"line":1979,"column":53}},"566":{"start":{"line":1981,"column":8},"end":{"line":1981,"column":36}},"567":{"start":{"line":1981,"column":24},"end":{"line":1981,"column":36}},"568":{"start":{"line":1983,"column":8},"end":{"line":1983,"column":50}},"569":{"start":{"line":1983,"column":21},"end":{"line":1983,"column":50}},"570":{"start":{"line":1985,"column":8},"end":{"line":1985,"column":20}},"571":{"start":{"line":1987,"column":6},"end":{"line":1989,"column":7}},"572":{"start":{"line":1988,"column":8},"end":{"line":1988,"column":92}},"573":{"start":{"line":1992,"column":21},"end":{"line":1992,"column":77}},"574":{"start":{"line":1993,"column":4},"end":{"line":1993,"column":42}},"575":{"start":{"line":1995,"column":4},"end":{"line":1995,"column":48}},"576":{"start":{"line":1996,"column":4},"end":{"line":1996,"column":80}},"577":{"start":{"line":2004,"column":0},"end":{"line":2034,"column":3}},"578":{"start":{"line":2005,"column":2},"end":{"line":2033,"column":3}},"579":{"start":{"line":2006,"column":26},"end":{"line":2006,"column":36}},"580":{"start":{"line":2007,"column":24},"end":{"line":2007,"column":33}},"581":{"start":{"line":2009,"column":4},"end":{"line":2021,"column":5}},"582":{"start":{"line":2010,"column":26},"end":{"line":2010,"column":75}},"583":{"start":{"line":2011,"column":24},"end":{"line":2017,"column":8}},"584":{"start":{"line":2012,"column":8},"end":{"line":2012,"column":53}},"585":{"start":{"line":2012,"column":40},"end":{"line":2012,"column":53}},"586":{"start":{"line":2014,"column":8},"end":{"line":2014,"column":36}},"587":{"start":{"line":2014,"column":24},"end":{"line":2014,"column":36}},"588":{"start":{"line":2016,"column":8},"end":{"line":2016,"column":51}},"589":{"start":{"line":2018,"column":6},"end":{"line":2020,"column":7}},"590":{"start":{"line":2019,"column":8},"end":{"line":2019,"column":92}},"591":{"start":{"line":2024,"column":4},"end":{"line":2028,"column":5}},"592":{"start":{"line":2025,"column":6},"end":{"line":2025,"column":66}},"593":{"start":{"line":2027,"column":6},"end":{"line":2027,"column":51}},"594":{"start":{"line":2029,"column":4},"end":{"line":2029,"column":41}},"595":{"start":{"line":2031,"column":4},"end":{"line":2031,"column":47}},"596":{"start":{"line":2032,"column":4},"end":{"line":2032,"column":79}},"597":{"start":{"line":2038,"column":0},"end":{"line":2060,"column":3}},"598":{"start":{"line":2039,"column":2},"end":{"line":2059,"column":3}},"599":{"start":{"line":2040,"column":22},"end":{"line":2040,"column":52}},"600":{"start":{"line":2041,"column":22},"end":{"line":2041,"column":37}},"601":{"start":{"line":2043,"column":4},"end":{"line":2045,"column":5}},"602":{"start":{"line":2044,"column":6},"end":{"line":2044,"column":93}},"603":{"start":{"line":2047,"column":4},"end":{"line":2052,"column":5}},"604":{"start":{"line":2048,"column":26},"end":{"line":2048,"column":75}},"605":{"start":{"line":2049,"column":6},"end":{"line":2051,"column":7}},"606":{"start":{"line":2049,"column":33},"end":{"line":2049,"column":59}},"607":{"start":{"line":2050,"column":8},"end":{"line":2050,"column":92}},"608":{"start":{"line":2054,"column":20},"end":{"line":2054,"column":63}},"609":{"start":{"line":2055,"column":4},"end":{"line":2055,"column":41}},"610":{"start":{"line":2057,"column":4},"end":{"line":2057,"column":46}},"611":{"start":{"line":2058,"column":4},"end":{"line":2058,"column":78}},"612":{"start":{"line":2065,"column":0},"end":{"line":2163,"column":3}},"613":{"start":{"line":2066,"column":2},"end":{"line":2162,"column":3}},"614":{"start":{"line":2067,"column":24},"end":{"line":2067,"column":32}},"615":{"start":{"line":2069,"column":4},"end":{"line":2071,"column":5}},"616":{"start":{"line":2070,"column":6},"end":{"line":2070,"column":89}},"617":{"start":{"line":2074,"column":27},"end":{"line":2074,"column":77}},"618":{"start":{"line":2075,"column":4},"end":{"line":2114,"column":5}},"619":{"start":{"line":2077,"column":6},"end":{"line":2082,"column":7}},"620":{"start":{"line":2078,"column":8},"end":{"line":2081,"column":11}},"621":{"start":{"line":2085,"column":6},"end":{"line":2090,"column":7}},"622":{"start":{"line":2086,"column":8},"end":{"line":2089,"column":11}},"623":{"start":{"line":2092,"column":6},"end":{"line":2097,"column":7}},"624":{"start":{"line":2093,"column":8},"end":{"line":2096,"column":11}},"625":{"start":{"line":2100,"column":6},"end":{"line":2105,"column":7}},"626":{"start":{"line":2101,"column":8},"end":{"line":2104,"column":11}},"627":{"start":{"line":2108,"column":6},"end":{"line":2113,"column":7}},"628":{"start":{"line":2109,"column":8},"end":{"line":2112,"column":11}},"629":{"start":{"line":2117,"column":22},"end":{"line":2117,"column":42}},"630":{"start":{"line":2118,"column":20},"end":{"line":2118,"column":38}},"631":{"start":{"line":2119,"column":4},"end":{"line":2131,"column":5}},"632":{"start":{"line":2120,"column":26},"end":{"line":2120,"column":75}},"633":{"start":{"line":2121,"column":24},"end":{"line":2127,"column":8}},"634":{"start":{"line":2122,"column":8},"end":{"line":2122,"column":53}},"635":{"start":{"line":2122,"column":40},"end":{"line":2122,"column":53}},"636":{"start":{"line":2124,"column":8},"end":{"line":2124,"column":36}},"637":{"start":{"line":2124,"column":24},"end":{"line":2124,"column":36}},"638":{"start":{"line":2126,"column":8},"end":{"line":2126,"column":51}},"639":{"start":{"line":2128,"column":6},"end":{"line":2130,"column":7}},"640":{"start":{"line":2129,"column":8},"end":{"line":2129,"column":92}},"641":{"start":{"line":2133,"column":16},"end":{"line":2133,"column":17}},"642":{"start":{"line":2134,"column":18},"end":{"line":2151,"column":6}},"643":{"start":{"line":2135,"column":6},"end":{"line":2150,"column":9}},"644":{"start":{"line":2137,"column":26},"end":{"line":2137,"column":79}},"645":{"start":{"line":2138,"column":8},"end":{"line":2148,"column":10}},"646":{"start":{"line":2149,"column":8},"end":{"line":2149,"column":16}},"647":{"start":{"line":2152,"column":4},"end":{"line":2152,"column":12}},"648":{"start":{"line":2155,"column":4},"end":{"line":2155,"column":77}},"649":{"start":{"line":2156,"column":4},"end":{"line":2156,"column":39}},"650":{"start":{"line":2158,"column":4},"end":{"line":2158,"column":46}},"651":{"start":{"line":2160,"column":4},"end":{"line":2160,"column":46}},"652":{"start":{"line":2161,"column":4},"end":{"line":2161,"column":78}},"653":{"start":{"line":2168,"column":0},"end":{"line":2185,"column":3}},"654":{"start":{"line":2169,"column":2},"end":{"line":2184,"column":3}},"655":{"start":{"line":2170,"column":45},"end":{"line":2170,"column":53}},"656":{"start":{"line":2171,"column":4},"end":{"line":2173,"column":5}},"657":{"start":{"line":2172,"column":6},"end":{"line":2172,"column":104}},"658":{"start":{"line":2175,"column":4},"end":{"line":2177,"column":5}},"659":{"start":{"line":2176,"column":6},"end":{"line":2176,"column":77}},"660":{"start":{"line":2179,"column":19},"end":{"line":2179,"column":69}},"661":{"start":{"line":2180,"column":4},"end":{"line":2180,"column":57}},"662":{"start":{"line":2182,"column":4},"end":{"line":2182,"column":47}},"663":{"start":{"line":2183,"column":4},"end":{"line":2183,"column":79}},"664":{"start":{"line":2190,"column":0},"end":{"line":2209,"column":3}},"665":{"start":{"line":2191,"column":2},"end":{"line":2208,"column":3}},"666":{"start":{"line":2192,"column":26},"end":{"line":2192,"column":36}},"667":{"start":{"line":2193,"column":24},"end":{"line":2193,"column":33}},"668":{"start":{"line":2198,"column":4},"end":{"line":2202,"column":5}},"669":{"start":{"line":2199,"column":6},"end":{"line":2199,"column":87}},"670":{"start":{"line":2201,"column":6},"end":{"line":2201,"column":72}},"671":{"start":{"line":2204,"column":4},"end":{"line":2204,"column":41}},"672":{"start":{"line":2206,"column":4},"end":{"line":2206,"column":43}},"673":{"start":{"line":2207,"column":4},"end":{"line":2207,"column":79}},"674":{"start":{"line":2214,"column":0},"end":{"line":2233,"column":3}},"675":{"start":{"line":2215,"column":2},"end":{"line":2232,"column":3}},"676":{"start":{"line":2216,"column":26},"end":{"line":2216,"column":36}},"677":{"start":{"line":2217,"column":24},"end":{"line":2217,"column":33}},"678":{"start":{"line":2222,"column":4},"end":{"line":2226,"column":5}},"679":{"start":{"line":2223,"column":6},"end":{"line":2223,"column":90}},"680":{"start":{"line":2225,"column":6},"end":{"line":2225,"column":75}},"681":{"start":{"line":2228,"column":4},"end":{"line":2228,"column":45}},"682":{"start":{"line":2230,"column":4},"end":{"line":2230,"column":47}},"683":{"start":{"line":2231,"column":4},"end":{"line":2231,"column":83}},"684":{"start":{"line":2242,"column":0},"end":{"line":2250,"column":3}},"685":{"start":{"line":2243,"column":2},"end":{"line":2243,"column":41}},"686":{"start":{"line":2244,"column":2},"end":{"line":2249,"column":5}},"687":{"start":{"line":2252,"column":0},"end":{"line":2264,"column":3}},"688":{"start":{"line":2253,"column":2},"end":{"line":2253,"column":51}},"689":{"start":{"line":2254,"column":2},"end":{"line":2254,"column":51}},"690":{"start":{"line":2255,"column":2},"end":{"line":2255,"column":51}},"691":{"start":{"line":2256,"column":2},"end":{"line":2256,"column":50}},"692":{"start":{"line":2257,"column":2},"end":{"line":2257,"column":49}},"693":{"start":{"line":2258,"column":2},"end":{"line":2258,"column":50}},"694":{"start":{"line":2259,"column":2},"end":{"line":2259,"column":34}},"695":{"start":{"line":2260,"column":2},"end":{"line":2260,"column":35}},"696":{"start":{"line":2261,"column":2},"end":{"line":2261,"column":38}},"697":{"start":{"line":2262,"column":2},"end":{"line":2262,"column":40}},"698":{"start":{"line":2263,"column":2},"end":{"line":2263,"column":53}},"699":{"start":{"line":2266,"column":0},"end":{"line":2271,"column":3}},"700":{"start":{"line":2267,"column":2},"end":{"line":2267,"column":49}},"701":{"start":{"line":2268,"column":2},"end":{"line":2268,"column":22}},"702":{"start":{"line":2269,"column":2},"end":{"line":2269,"column":46}},"703":{"start":{"line":2270,"column":2},"end":{"line":2270,"column":18}},"704":{"start":{"line":2274,"column":0},"end":{"line":2279,"column":3}},"705":{"start":{"line":2275,"column":2},"end":{"line":2275,"column":67}},"706":{"start":{"line":2276,"column":2},"end":{"line":2276,"column":22}},"707":{"start":{"line":2277,"column":2},"end":{"line":2277,"column":46}},"708":{"start":{"line":2278,"column":2},"end":{"line":2278,"column":18}},"709":{"start":{"line":2282,"column":0},"end":{"line":2286,"column":3}},"710":{"start":{"line":2283,"column":2},"end":{"line":2283,"column":44}},"711":{"start":{"line":2284,"column":2},"end":{"line":2284,"column":22}},"712":{"start":{"line":2285,"column":2},"end":{"line":2285,"column":18}},"713":{"start":{"line":2289,"column":0},"end":{"line":2291,"column":3}},"714":{"start":{"line":2290,"column":2},"end":{"line":2290,"column":71}},"715":{"start":{"line":2294,"column":0},"end":{"line":2299,"column":3}},"716":{"start":{"line":2295,"column":2},"end":{"line":2295,"column":83}},"717":{"start":{"line":2296,"column":2},"end":{"line":2296,"column":22}},"718":{"start":{"line":2297,"column":2},"end":{"line":2297,"column":46}},"719":{"start":{"line":2298,"column":2},"end":{"line":2298,"column":18}}},"fnMap":{"0":{"name":"(anonymous_0)","decl":{"start":{"line":18,"column":21},"end":{"line":18,"column":22}},"loc":{"start":{"line":18,"column":29},"end":{"line":20,"column":1}},"line":18},"1":{"name":"(anonymous_1)","decl":{"start":{"line":18,"column":29},"end":{"line":18,"column":30}},"loc":{"start":{"line":18,"column":49},"end":{"line":20,"column":1}},"line":18},"2":{"name":"(anonymous_2)","decl":{"start":{"line":52,"column":10},"end":{"line":52,"column":11}},"loc":{"start":{"line":52,"column":24},"end":{"line":55,"column":3}},"line":52},"3":{"name":"(anonymous_3)","decl":{"start":{"line":92,"column":31},"end":{"line":92,"column":32}},"loc":{"start":{"line":92,"column":51},"end":{"line":102,"column":1}},"line":92},"4":{"name":"(anonymous_4)","decl":{"start":{"line":149,"column":14},"end":{"line":149,"column":15}},"loc":{"start":{"line":149,"column":33},"end":{"line":157,"column":3}},"line":149},"5":{"name":"(anonymous_5)","decl":{"start":{"line":161,"column":8},"end":{"line":161,"column":9}},"loc":{"start":{"line":161,"column":28},"end":{"line":164,"column":1}},"line":161},"6":{"name":"(anonymous_6)","decl":{"start":{"line":175,"column":38},"end":{"line":175,"column":39}},"loc":{"start":{"line":175,"column":58},"end":{"line":270,"column":1}},"line":175},"7":{"name":"(anonymous_7)","decl":{"start":{"line":224,"column":48},"end":{"line":224,"column":49}},"loc":{"start":{"line":224,"column":53},"end":{"line":224,"column":71}},"line":224},"8":{"name":"(anonymous_8)","decl":{"start":{"line":225,"column":48},"end":{"line":225,"column":49}},"loc":{"start":{"line":225,"column":53},"end":{"line":225,"column":72}},"line":225},"9":{"name":"(anonymous_9)","decl":{"start":{"line":276,"column":63},"end":{"line":276,"column":64}},"loc":{"start":{"line":276,"column":77},"end":{"line":300,"column":1}},"line":276},"10":{"name":"(anonymous_10)","decl":{"start":{"line":306,"column":42},"end":{"line":306,"column":43}},"loc":{"start":{"line":306,"column":56},"end":{"line":325,"column":1}},"line":306},"11":{"name":"(anonymous_11)","decl":{"start":{"line":331,"column":44},"end":{"line":331,"column":45}},"loc":{"start":{"line":331,"column":58},"end":{"line":336,"column":1}},"line":331},"12":{"name":"(anonymous_12)","decl":{"start":{"line":347,"column":99},"end":{"line":347,"column":100}},"loc":{"start":{"line":347,"column":119},"end":{"line":402,"column":1}},"line":347},"13":{"name":"(anonymous_13)","decl":{"start":{"line":408,"column":63},"end":{"line":408,"column":64}},"loc":{"start":{"line":408,"column":77},"end":{"line":434,"column":1}},"line":408},"14":{"name":"(anonymous_14)","decl":{"start":{"line":413,"column":45},"end":{"line":413,"column":46}},"loc":{"start":{"line":413,"column":56},"end":{"line":419,"column":5}},"line":413},"15":{"name":"(anonymous_15)","decl":{"start":{"line":441,"column":73},"end":{"line":441,"column":74}},"loc":{"start":{"line":441,"column":87},"end":{"line":459,"column":1}},"line":441},"16":{"name":"(anonymous_16)","decl":{"start":{"line":465,"column":83},"end":{"line":465,"column":84}},"loc":{"start":{"line":465,"column":97},"end":{"line":497,"column":1}},"line":465},"17":{"name":"(anonymous_17)","decl":{"start":{"line":503,"column":99},"end":{"line":503,"column":100}},"loc":{"start":{"line":503,"column":119},"end":{"line":540,"column":1}},"line":503},"18":{"name":"(anonymous_18)","decl":{"start":{"line":546,"column":86},"end":{"line":546,"column":87}},"loc":{"start":{"line":546,"column":100},"end":{"line":573,"column":1}},"line":546},"19":{"name":"(anonymous_19)","decl":{"start":{"line":589,"column":84},"end":{"line":589,"column":85}},"loc":{"start":{"line":589,"column":98},"end":{"line":672,"column":1}},"line":589},"20":{"name":"(anonymous_20)","decl":{"start":{"line":642,"column":14},"end":{"line":642,"column":15}},"loc":{"start":{"line":642,"column":19},"end":{"line":642,"column":92}},"line":642},"21":{"name":"(anonymous_21)","decl":{"start":{"line":677,"column":86},"end":{"line":677,"column":87}},"loc":{"start":{"line":677,"column":100},"end":{"line":706,"column":1}},"line":677},"22":{"name":"(anonymous_22)","decl":{"start":{"line":712,"column":72},"end":{"line":712,"column":73}},"loc":{"start":{"line":712,"column":86},"end":{"line":729,"column":1}},"line":712},"23":{"name":"(anonymous_23)","decl":{"start":{"line":741,"column":40},"end":{"line":741,"column":41}},"loc":{"start":{"line":741,"column":54},"end":{"line":836,"column":1}},"line":741},"24":{"name":"(anonymous_24)","decl":{"start":{"line":842,"column":26},"end":{"line":842,"column":27}},"loc":{"start":{"line":842,"column":40},"end":{"line":849,"column":1}},"line":842},"25":{"name":"(anonymous_25)","decl":{"start":{"line":860,"column":70},"end":{"line":860,"column":71}},"loc":{"start":{"line":860,"column":84},"end":{"line":909,"column":1}},"line":860},"26":{"name":"(anonymous_26)","decl":{"start":{"line":916,"column":83},"end":{"line":916,"column":84}},"loc":{"start":{"line":916,"column":97},"end":{"line":937,"column":1}},"line":916},"27":{"name":"(anonymous_27)","decl":{"start":{"line":944,"column":89},"end":{"line":944,"column":90}},"loc":{"start":{"line":944,"column":103},"end":{"line":992,"column":1}},"line":944},"28":{"name":"(anonymous_28)","decl":{"start":{"line":998,"column":51},"end":{"line":998,"column":52}},"loc":{"start":{"line":998,"column":65},"end":{"line":1014,"column":1}},"line":998},"29":{"name":"(anonymous_29)","decl":{"start":{"line":1020,"column":66},"end":{"line":1020,"column":67}},"loc":{"start":{"line":1020,"column":80},"end":{"line":1037,"column":1}},"line":1020},"30":{"name":"(anonymous_30)","decl":{"start":{"line":1044,"column":69},"end":{"line":1044,"column":70}},"loc":{"start":{"line":1044,"column":83},"end":{"line":1062,"column":1}},"line":1044},"31":{"name":"(anonymous_31)","decl":{"start":{"line":1068,"column":84},"end":{"line":1068,"column":85}},"loc":{"start":{"line":1068,"column":98},"end":{"line":1086,"column":1}},"line":1068},"32":{"name":"(anonymous_32)","decl":{"start":{"line":1097,"column":93},"end":{"line":1097,"column":94}},"loc":{"start":{"line":1097,"column":107},"end":{"line":1160,"column":1}},"line":1097},"33":{"name":"(anonymous_33)","decl":{"start":{"line":1166,"column":43},"end":{"line":1166,"column":44}},"loc":{"start":{"line":1166,"column":57},"end":{"line":1183,"column":1}},"line":1166},"34":{"name":"(anonymous_34)","decl":{"start":{"line":1190,"column":53},"end":{"line":1190,"column":54}},"loc":{"start":{"line":1190,"column":67},"end":{"line":1208,"column":1}},"line":1190},"35":{"name":"(anonymous_35)","decl":{"start":{"line":1215,"column":81},"end":{"line":1215,"column":82}},"loc":{"start":{"line":1215,"column":95},"end":{"line":1234,"column":1}},"line":1215},"36":{"name":"(anonymous_36)","decl":{"start":{"line":1246,"column":63},"end":{"line":1246,"column":64}},"loc":{"start":{"line":1246,"column":77},"end":{"line":1278,"column":1}},"line":1246},"37":{"name":"(anonymous_37)","decl":{"start":{"line":1254,"column":43},"end":{"line":1254,"column":44}},"loc":{"start":{"line":1254,"column":54},"end":{"line":1263,"column":5}},"line":1254},"38":{"name":"(anonymous_38)","decl":{"start":{"line":1284,"column":67},"end":{"line":1284,"column":68}},"loc":{"start":{"line":1284,"column":81},"end":{"line":1318,"column":1}},"line":1284},"39":{"name":"(anonymous_39)","decl":{"start":{"line":1324,"column":83},"end":{"line":1324,"column":84}},"loc":{"start":{"line":1324,"column":103},"end":{"line":1388,"column":1}},"line":1324},"40":{"name":"(anonymous_40)","decl":{"start":{"line":1394,"column":86},"end":{"line":1394,"column":87}},"loc":{"start":{"line":1394,"column":100},"end":{"line":1431,"column":1}},"line":1394},"41":{"name":"(anonymous_41)","decl":{"start":{"line":1437,"column":92},"end":{"line":1437,"column":93}},"loc":{"start":{"line":1437,"column":112},"end":{"line":1480,"column":1}},"line":1437},"42":{"name":"(anonymous_42)","decl":{"start":{"line":1486,"column":92},"end":{"line":1486,"column":93}},"loc":{"start":{"line":1486,"column":106},"end":{"line":1601,"column":1}},"line":1486},"43":{"name":"(anonymous_43)","decl":{"start":{"line":1504,"column":27},"end":{"line":1504,"column":28}},"loc":{"start":{"line":1504,"column":53},"end":{"line":1512,"column":5}},"line":1504},"44":{"name":"(anonymous_44)","decl":{"start":{"line":1515,"column":26},"end":{"line":1515,"column":27}},"loc":{"start":{"line":1515,"column":34},"end":{"line":1520,"column":5}},"line":1515},"45":{"name":"(anonymous_45)","decl":{"start":{"line":1522,"column":21},"end":{"line":1522,"column":22}},"loc":{"start":{"line":1522,"column":41},"end":{"line":1584,"column":5}},"line":1522},"46":{"name":"(anonymous_46)","decl":{"start":{"line":1606,"column":17},"end":{"line":1606,"column":18}},"loc":{"start":{"line":1606,"column":31},"end":{"line":1613,"column":1}},"line":1606},"47":{"name":"(anonymous_47)","decl":{"start":{"line":1615,"column":19},"end":{"line":1615,"column":20}},"loc":{"start":{"line":1615,"column":33},"end":{"line":1639,"column":1}},"line":1615},"48":{"name":"(anonymous_48)","decl":{"start":{"line":1651,"column":60},"end":{"line":1651,"column":61}},"loc":{"start":{"line":1651,"column":74},"end":{"line":1702,"column":1}},"line":1651},"49":{"name":"(anonymous_49)","decl":{"start":{"line":1668,"column":32},"end":{"line":1668,"column":33}},"loc":{"start":{"line":1668,"column":43},"end":{"line":1695,"column":5}},"line":1668},"50":{"name":"(anonymous_50)","decl":{"start":{"line":1712,"column":93},"end":{"line":1712,"column":94}},"loc":{"start":{"line":1712,"column":107},"end":{"line":1780,"column":1}},"line":1712},"51":{"name":"(anonymous_51)","decl":{"start":{"line":1722,"column":44},"end":{"line":1722,"column":45}},"loc":{"start":{"line":1722,"column":61},"end":{"line":1727,"column":5}},"line":1722},"52":{"name":"(anonymous_52)","decl":{"start":{"line":1740,"column":31},"end":{"line":1740,"column":32}},"loc":{"start":{"line":1740,"column":58},"end":{"line":1745,"column":5}},"line":1740},"53":{"name":"(anonymous_53)","decl":{"start":{"line":1748,"column":30},"end":{"line":1748,"column":31}},"loc":{"start":{"line":1748,"column":38},"end":{"line":1750,"column":5}},"line":1748},"54":{"name":"(anonymous_54)","decl":{"start":{"line":1753,"column":42},"end":{"line":1753,"column":43}},"loc":{"start":{"line":1753,"column":48},"end":{"line":1769,"column":5}},"line":1753},"55":{"name":"(anonymous_55)","decl":{"start":{"line":1754,"column":21},"end":{"line":1754,"column":22}},"loc":{"start":{"line":1754,"column":69},"end":{"line":1768,"column":7}},"line":1754},"56":{"name":"(anonymous_56)","decl":{"start":{"line":1791,"column":73},"end":{"line":1791,"column":74}},"loc":{"start":{"line":1791,"column":93},"end":{"line":1835,"column":1}},"line":1791},"57":{"name":"(anonymous_57)","decl":{"start":{"line":1944,"column":52},"end":{"line":1944,"column":53}},"loc":{"start":{"line":1944,"column":66},"end":{"line":1963,"column":1}},"line":1944},"58":{"name":"(anonymous_58)","decl":{"start":{"line":1951,"column":25},"end":{"line":1951,"column":26}},"loc":{"start":{"line":1951,"column":30},"end":{"line":1951,"column":37}},"line":1951},"59":{"name":"(anonymous_59)","decl":{"start":{"line":1955,"column":32},"end":{"line":1955,"column":33}},"loc":{"start":{"line":1955,"column":37},"end":{"line":1955,"column":49}},"line":1955},"60":{"name":"(anonymous_60)","decl":{"start":{"line":1969,"column":64},"end":{"line":1969,"column":65}},"loc":{"start":{"line":1969,"column":78},"end":{"line":1998,"column":1}},"line":1969},"61":{"name":"(anonymous_61)","decl":{"start":{"line":1977,"column":43},"end":{"line":1977,"column":44}},"loc":{"start":{"line":1977,"column":48},"end":{"line":1986,"column":7}},"line":1977},"62":{"name":"(anonymous_62)","decl":{"start":{"line":2004,"column":63},"end":{"line":2004,"column":64}},"loc":{"start":{"line":2004,"column":77},"end":{"line":2034,"column":1}},"line":2004},"63":{"name":"(anonymous_63)","decl":{"start":{"line":2011,"column":41},"end":{"line":2011,"column":42}},"loc":{"start":{"line":2011,"column":46},"end":{"line":2017,"column":7}},"line":2011},"64":{"name":"(anonymous_64)","decl":{"start":{"line":2038,"column":62},"end":{"line":2038,"column":63}},"loc":{"start":{"line":2038,"column":76},"end":{"line":2060,"column":1}},"line":2038},"65":{"name":"(anonymous_65)","decl":{"start":{"line":2049,"column":28},"end":{"line":2049,"column":29}},"loc":{"start":{"line":2049,"column":33},"end":{"line":2049,"column":59}},"line":2049},"66":{"name":"(anonymous_66)","decl":{"start":{"line":2065,"column":66},"end":{"line":2065,"column":67}},"loc":{"start":{"line":2065,"column":80},"end":{"line":2163,"column":1}},"line":2065},"67":{"name":"(anonymous_67)","decl":{"start":{"line":2121,"column":41},"end":{"line":2121,"column":42}},"loc":{"start":{"line":2121,"column":46},"end":{"line":2127,"column":7}},"line":2121},"68":{"name":"(anonymous_68)","decl":{"start":{"line":2134,"column":42},"end":{"line":2134,"column":43}},"loc":{"start":{"line":2134,"column":48},"end":{"line":2151,"column":5}},"line":2134},"69":{"name":"(anonymous_69)","decl":{"start":{"line":2135,"column":22},"end":{"line":2135,"column":23}},"loc":{"start":{"line":2135,"column":27},"end":{"line":2150,"column":7}},"line":2135},"70":{"name":"(anonymous_70)","decl":{"start":{"line":2168,"column":84},"end":{"line":2168,"column":85}},"loc":{"start":{"line":2168,"column":98},"end":{"line":2185,"column":1}},"line":2168},"71":{"name":"(anonymous_71)","decl":{"start":{"line":2190,"column":63},"end":{"line":2190,"column":64}},"loc":{"start":{"line":2190,"column":77},"end":{"line":2209,"column":1}},"line":2190},"72":{"name":"(anonymous_72)","decl":{"start":{"line":2214,"column":67},"end":{"line":2214,"column":68}},"loc":{"start":{"line":2214,"column":81},"end":{"line":2233,"column":1}},"line":2214},"73":{"name":"(anonymous_73)","decl":{"start":{"line":2242,"column":8},"end":{"line":2242,"column":9}},"loc":{"start":{"line":2242,"column":33},"end":{"line":2250,"column":1}},"line":2242},"74":{"name":"(anonymous_74)","decl":{"start":{"line":2252,"column":17},"end":{"line":2252,"column":18}},"loc":{"start":{"line":2252,"column":23},"end":{"line":2264,"column":1}},"line":2252},"75":{"name":"(anonymous_75)","decl":{"start":{"line":2266,"column":21},"end":{"line":2266,"column":22}},"loc":{"start":{"line":2266,"column":27},"end":{"line":2271,"column":1}},"line":2266},"76":{"name":"(anonymous_76)","decl":{"start":{"line":2274,"column":22},"end":{"line":2274,"column":23}},"loc":{"start":{"line":2274,"column":28},"end":{"line":2279,"column":1}},"line":2274},"77":{"name":"(anonymous_77)","decl":{"start":{"line":2282,"column":32},"end":{"line":2282,"column":33}},"loc":{"start":{"line":2282,"column":41},"end":{"line":2286,"column":1}},"line":2282},"78":{"name":"(anonymous_78)","decl":{"start":{"line":2289,"column":33},"end":{"line":2289,"column":34}},"loc":{"start":{"line":2289,"column":54},"end":{"line":2291,"column":1}},"line":2289},"79":{"name":"(anonymous_79)","decl":{"start":{"line":2294,"column":22},"end":{"line":2294,"column":23}},"loc":{"start":{"line":2294,"column":28},"end":{"line":2299,"column":1}},"line":2294}},"branchMap":{"0":{"loc":{"start":{"line":24,"column":13},"end":{"line":24,"column":37}},"type":"binary-expr","locations":[{"start":{"line":24,"column":13},"end":{"line":24,"column":29}},{"start":{"line":24,"column":33},"end":{"line":24,"column":37}}],"line":24},"1":{"loc":{"start":{"line":53,"column":4},"end":{"line":53,"column":54}},"type":"if","locations":[{"start":{"line":53,"column":4},"end":{"line":53,"column":54}},{"start":{},"end":{}}],"line":53},"2":{"loc":{"start":{"line":94,"column":2},"end":{"line":100,"column":3}},"type":"if","locations":[{"start":{"line":94,"column":2},"end":{"line":100,"column":3}},{"start":{},"end":{}}],"line":94},"3":{"loc":{"start":{"line":132,"column":23},"end":{"line":134,"column":6}},"type":"cond-expr","locations":[{"start":{"line":133,"column":4},"end":{"line":133,"column":58}},{"start":{"line":134,"column":4},"end":{"line":134,"column":6}}],"line":132},"4":{"loc":{"start":{"line":137,"column":10},"end":{"line":139,"column":10}},"type":"cond-expr","locations":[{"start":{"line":138,"column":7},"end":{"line":138,"column":57}},{"start":{"line":139,"column":6},"end":{"line":139,"column":10}}],"line":137},"5":{"loc":{"start":{"line":138,"column":7},"end":{"line":138,"column":57}},"type":"cond-expr","locations":[{"start":{"line":138,"column":35},"end":{"line":138,"column":49}},{"start":{"line":138,"column":52},"end":{"line":138,"column":57}}],"line":138},"6":{"loc":{"start":{"line":150,"column":4},"end":{"line":156,"column":5}},"type":"if","locations":[{"start":{"line":150,"column":4},"end":{"line":156,"column":5}},{"start":{"line":152,"column":11},"end":{"line":156,"column":5}}],"line":150},"7":{"loc":{"start":{"line":152,"column":11},"end":{"line":156,"column":5}},"type":"if","locations":[{"start":{"line":152,"column":11},"end":{"line":156,"column":5}},{"start":{"line":154,"column":11},"end":{"line":156,"column":5}}],"line":152},"8":{"loc":{"start":{"line":154,"column":11},"end":{"line":156,"column":5}},"type":"if","locations":[{"start":{"line":154,"column":11},"end":{"line":156,"column":5}},{"start":{},"end":{}}],"line":154},"9":{"loc":{"start":{"line":179,"column":4},"end":{"line":184,"column":5}},"type":"if","locations":[{"start":{"line":179,"column":4},"end":{"line":184,"column":5}},{"start":{},"end":{}}],"line":179},"10":{"loc":{"start":{"line":179,"column":8},"end":{"line":179,"column":30}},"type":"binary-expr","locations":[{"start":{"line":179,"column":8},"end":{"line":179,"column":17}},{"start":{"line":179,"column":21},"end":{"line":179,"column":30}}],"line":179},"11":{"loc":{"start":{"line":188,"column":4},"end":{"line":193,"column":5}},"type":"if","locations":[{"start":{"line":188,"column":4},"end":{"line":193,"column":5}},{"start":{},"end":{}}],"line":188},"12":{"loc":{"start":{"line":198,"column":4},"end":{"line":203,"column":5}},"type":"if","locations":[{"start":{"line":198,"column":4},"end":{"line":203,"column":5}},{"start":{},"end":{}}],"line":198},"13":{"loc":{"start":{"line":207,"column":30},"end":{"line":207,"column":83}},"type":"binary-expr","locations":[{"start":{"line":207,"column":30},"end":{"line":207,"column":52}},{"start":{"line":207,"column":56},"end":{"line":207,"column":83}}],"line":207},"14":{"loc":{"start":{"line":208,"column":4},"end":{"line":211,"column":5}},"type":"if","locations":[{"start":{"line":208,"column":4},"end":{"line":211,"column":5}},{"start":{},"end":{}}],"line":208},"15":{"loc":{"start":{"line":259,"column":20},"end":{"line":259,"column":98}},"type":"cond-expr","locations":[{"start":{"line":259,"column":47},"end":{"line":259,"column":70}},{"start":{"line":259,"column":73},"end":{"line":259,"column":98}}],"line":259},"16":{"loc":{"start":{"line":278,"column":22},"end":{"line":278,"column":75}},"type":"binary-expr","locations":[{"start":{"line":278,"column":22},"end":{"line":278,"column":49}},{"start":{"line":278,"column":53},"end":{"line":278,"column":75}}],"line":278},"17":{"loc":{"start":{"line":280,"column":4},"end":{"line":282,"column":5}},"type":"if","locations":[{"start":{"line":280,"column":4},"end":{"line":282,"column":5}},{"start":{},"end":{}}],"line":280},"18":{"loc":{"start":{"line":351,"column":4},"end":{"line":356,"column":5}},"type":"if","locations":[{"start":{"line":351,"column":4},"end":{"line":356,"column":5}},{"start":{},"end":{}}],"line":351},"19":{"loc":{"start":{"line":351,"column":8},"end":{"line":351,"column":49}},"type":"binary-expr","locations":[{"start":{"line":351,"column":8},"end":{"line":351,"column":17}},{"start":{"line":351,"column":21},"end":{"line":351,"column":30}},{"start":{"line":351,"column":34},"end":{"line":351,"column":39}},{"start":{"line":351,"column":43},"end":{"line":351,"column":49}}],"line":351},"20":{"loc":{"start":{"line":360,"column":24},"end":{"line":360,"column":41}},"type":"binary-expr","locations":[{"start":{"line":360,"column":24},"end":{"line":360,"column":28}},{"start":{"line":360,"column":32},"end":{"line":360,"column":41}}],"line":360},"21":{"loc":{"start":{"line":364,"column":4},"end":{"line":369,"column":5}},"type":"if","locations":[{"start":{"line":364,"column":4},"end":{"line":369,"column":5}},{"start":{},"end":{}}],"line":364},"22":{"loc":{"start":{"line":372,"column":4},"end":{"line":377,"column":5}},"type":"if","locations":[{"start":{"line":372,"column":4},"end":{"line":377,"column":5}},{"start":{},"end":{}}],"line":372},"23":{"loc":{"start":{"line":443,"column":17},"end":{"line":443,"column":46}},"type":"binary-expr","locations":[{"start":{"line":443,"column":17},"end":{"line":443,"column":41}},{"start":{"line":443,"column":45},"end":{"line":443,"column":46}}],"line":443},"24":{"loc":{"start":{"line":444,"column":18},"end":{"line":444,"column":49}},"type":"binary-expr","locations":[{"start":{"line":444,"column":18},"end":{"line":444,"column":43}},{"start":{"line":444,"column":47},"end":{"line":444,"column":49}}],"line":444},"25":{"loc":{"start":{"line":470,"column":4},"end":{"line":475,"column":5}},"type":"if","locations":[{"start":{"line":470,"column":4},"end":{"line":475,"column":5}},{"start":{},"end":{}}],"line":470},"26":{"loc":{"start":{"line":470,"column":8},"end":{"line":470,"column":23}},"type":"binary-expr","locations":[{"start":{"line":470,"column":8},"end":{"line":470,"column":13}},{"start":{"line":470,"column":17},"end":{"line":470,"column":23}}],"line":470},"27":{"loc":{"start":{"line":479,"column":4},"end":{"line":481,"column":5}},"type":"if","locations":[{"start":{"line":479,"column":4},"end":{"line":481,"column":5}},{"start":{},"end":{}}],"line":479},"28":{"loc":{"start":{"line":508,"column":4},"end":{"line":513,"column":5}},"type":"if","locations":[{"start":{"line":508,"column":4},"end":{"line":513,"column":5}},{"start":{},"end":{}}],"line":508},"29":{"loc":{"start":{"line":508,"column":8},"end":{"line":508,"column":46}},"type":"binary-expr","locations":[{"start":{"line":508,"column":8},"end":{"line":508,"column":20}},{"start":{"line":508,"column":24},"end":{"line":508,"column":46}}],"line":508},"30":{"loc":{"start":{"line":516,"column":4},"end":{"line":521,"column":5}},"type":"if","locations":[{"start":{"line":516,"column":4},"end":{"line":521,"column":5}},{"start":{},"end":{}}],"line":516},"31":{"loc":{"start":{"line":552,"column":4},"end":{"line":557,"column":5}},"type":"if","locations":[{"start":{"line":552,"column":4},"end":{"line":557,"column":5}},{"start":{},"end":{}}],"line":552},"32":{"loc":{"start":{"line":593,"column":4},"end":{"line":598,"column":5}},"type":"if","locations":[{"start":{"line":593,"column":4},"end":{"line":598,"column":5}},{"start":{},"end":{}}],"line":593},"33":{"loc":{"start":{"line":593,"column":8},"end":{"line":593,"column":32}},"type":"binary-expr","locations":[{"start":{"line":593,"column":8},"end":{"line":593,"column":18}},{"start":{"line":593,"column":22},"end":{"line":593,"column":32}}],"line":593},"34":{"loc":{"start":{"line":602,"column":4},"end":{"line":607,"column":5}},"type":"if","locations":[{"start":{"line":602,"column":4},"end":{"line":607,"column":5}},{"start":{},"end":{}}],"line":602},"35":{"loc":{"start":{"line":609,"column":4},"end":{"line":614,"column":5}},"type":"if","locations":[{"start":{"line":609,"column":4},"end":{"line":614,"column":5}},{"start":{},"end":{}}],"line":609},"36":{"loc":{"start":{"line":617,"column":4},"end":{"line":637,"column":5}},"type":"if","locations":[{"start":{"line":617,"column":4},"end":{"line":637,"column":5}},{"start":{},"end":{}}],"line":617},"37":{"loc":{"start":{"line":621,"column":6},"end":{"line":626,"column":7}},"type":"if","locations":[{"start":{"line":621,"column":6},"end":{"line":626,"column":7}},{"start":{},"end":{}}],"line":621},"38":{"loc":{"start":{"line":621,"column":10},"end":{"line":621,"column":95}},"type":"binary-expr","locations":[{"start":{"line":621,"column":10},"end":{"line":621,"column":20}},{"start":{"line":621,"column":25},"end":{"line":621,"column":60}},{"start":{"line":621,"column":64},"end":{"line":621,"column":94}}],"line":621},"39":{"loc":{"start":{"line":624,"column":87},"end":{"line":624,"column":137}},"type":"cond-expr","locations":[{"start":{"line":624,"column":108},"end":{"line":624,"column":132}},{"start":{"line":624,"column":135},"end":{"line":624,"column":137}}],"line":624},"40":{"loc":{"start":{"line":631,"column":6},"end":{"line":636,"column":7}},"type":"if","locations":[{"start":{"line":631,"column":6},"end":{"line":636,"column":7}},{"start":{},"end":{}}],"line":631},"41":{"loc":{"start":{"line":631,"column":10},"end":{"line":631,"column":53}},"type":"binary-expr","locations":[{"start":{"line":631,"column":10},"end":{"line":631,"column":17}},{"start":{"line":631,"column":21},"end":{"line":631,"column":53}}],"line":631},"42":{"loc":{"start":{"line":634,"column":40},"end":{"line":634,"column":68}},"type":"cond-expr","locations":[{"start":{"line":634,"column":50},"end":{"line":634,"column":63}},{"start":{"line":634,"column":66},"end":{"line":634,"column":68}}],"line":634},"43":{"loc":{"start":{"line":640,"column":4},"end":{"line":650,"column":5}},"type":"if","locations":[{"start":{"line":640,"column":4},"end":{"line":650,"column":5}},{"start":{},"end":{}}],"line":640},"44":{"loc":{"start":{"line":642,"column":19},"end":{"line":642,"column":92}},"type":"binary-expr","locations":[{"start":{"line":642,"column":19},"end":{"line":642,"column":45}},{"start":{"line":642,"column":49},"end":{"line":642,"column":70}},{"start":{"line":642,"column":74},"end":{"line":642,"column":92}}],"line":642},"45":{"loc":{"start":{"line":644,"column":6},"end":{"line":649,"column":7}},"type":"if","locations":[{"start":{"line":644,"column":6},"end":{"line":649,"column":7}},{"start":{},"end":{}}],"line":644},"46":{"loc":{"start":{"line":647,"column":75},"end":{"line":647,"column":103}},"type":"cond-expr","locations":[{"start":{"line":647,"column":85},"end":{"line":647,"column":98}},{"start":{"line":647,"column":101},"end":{"line":647,"column":103}}],"line":647},"47":{"loc":{"start":{"line":653,"column":57},"end":{"line":653,"column":72}},"type":"binary-expr","locations":[{"start":{"line":653,"column":57},"end":{"line":653,"column":64}},{"start":{"line":653,"column":68},"end":{"line":653,"column":72}}],"line":653},"48":{"loc":{"start":{"line":653,"column":74},"end":{"line":653,"column":97}},"type":"binary-expr","locations":[{"start":{"line":653,"column":74},"end":{"line":653,"column":88}},{"start":{"line":653,"column":92},"end":{"line":653,"column":97}}],"line":653},"49":{"loc":{"start":{"line":655,"column":27},"end":{"line":655,"column":79}},"type":"cond-expr","locations":[{"start":{"line":655,"column":44},"end":{"line":655,"column":59}},{"start":{"line":655,"column":62},"end":{"line":655,"column":79}}],"line":655},"50":{"loc":{"start":{"line":656,"column":26},"end":{"line":656,"column":73}},"type":"cond-expr","locations":[{"start":{"line":656,"column":36},"end":{"line":656,"column":61}},{"start":{"line":656,"column":64},"end":{"line":656,"column":73}}],"line":656},"51":{"loc":{"start":{"line":681,"column":4},"end":{"line":686,"column":5}},"type":"if","locations":[{"start":{"line":681,"column":4},"end":{"line":686,"column":5}},{"start":{},"end":{}}],"line":681},"52":{"loc":{"start":{"line":681,"column":8},"end":{"line":681,"column":32}},"type":"binary-expr","locations":[{"start":{"line":681,"column":8},"end":{"line":681,"column":18}},{"start":{"line":681,"column":22},"end":{"line":681,"column":32}}],"line":681},"53":{"loc":{"start":{"line":688,"column":57},"end":{"line":688,"column":72}},"type":"binary-expr","locations":[{"start":{"line":688,"column":57},"end":{"line":688,"column":64}},{"start":{"line":688,"column":68},"end":{"line":688,"column":72}}],"line":688},"54":{"loc":{"start":{"line":690,"column":26},"end":{"line":690,"column":73}},"type":"cond-expr","locations":[{"start":{"line":690,"column":36},"end":{"line":690,"column":61}},{"start":{"line":690,"column":64},"end":{"line":690,"column":73}}],"line":690},"55":{"loc":{"start":{"line":745,"column":4},"end":{"line":750,"column":5}},"type":"if","loca
[...]
{"line":1028,"column":27}},"type":"default-arg","locations":[{"start":{"line":1028,"column":26},"end":{"line":1028,"column":27}}],"line":1028},"40":{"loc":{"start":{"line":1028,"column":29},"end":{"line":1028,"column":39}},"type":"default-arg","locations":[{"start":{"line":1028,"column":37},"end":{"line":1028,"column":39}}],"line":1028},"41":{"loc":{"start":{"line":1041,"column":6},"end":{"line":1043,"column":7}},"type":"if","locations":[{"start":{"line":1041,"column":6},"end":{"line":1043,"column":7}},{"start":{},"end":{}}],"line":1041},"42":{"loc":{"start":{"line":1048,"column":6},"end":{"line":1056,"column":7}},"type":"if","locations":[{"start":{"line":1048,"column":6},"end":{"line":1056,"column":7}},{"start":{"line":1053,"column":13},"end":{"line":1056,"column":7}}],"line":1048},"43":{"loc":{"start":{"line":1066,"column":6},"end":{"line":1066,"column":40}},"type":"if","locations":[{"start":{"line":1066,"column":6},"end":{"line":1066,"column":40}},{"start":{},"end":{}}],"line":1066},"44":{"loc":{"start":{"line":1086,"column":13},"end":{"line":1086,"column":24}},"type":"default-arg","locations":[{"start":{"line":1086,"column":21},"end":{"line":1086,"column":24}}],"line":1086},"45":{"loc":{"start":{"line":1090,"column":19},"end":{"line":1090,"column":27}},"type":"default-arg","locations":[{"start":{"line":1090,"column":26},"end":{"line":1090,"column":27}}],"line":1090},"46":{"loc":{"start":{"line":1090,"column":29},"end":{"line":1090,"column":39}},"type":"default-arg","locations":[{"start":{"line":1090,"column":37},"end":{"line":1090,"column":39}}],"line":1090},"47":{"loc":{"start":{"line":1111,"column":6},"end":{"line":1113,"column":7}},"type":"if","locations":[{"start":{"line":1111,"column":6},"end":{"line":1113,"column":7}},{"start":{},"end":{}}],"line":1111},"48":{"loc":{"start":{"line":1117,"column":37},"end":{"line":1117,"column":48}},"type":"default-arg","locations":[{"start":{"line":1117,"column":45},"end":{"line":1117,"column":48}}],"line":1117},"49":{"loc":{"start":{"line":1118,"column":6},"end":{"line":1120,"column":7}},"type":"if","locations":[{"start":{"line":1118,"column":6},"end":{"line":1120,"column":7}},{"start":{},"end":{}}],"line":1118},"50":{"loc":{"start":{"line":1128,"column":30},"end":{"line":1128,"column":40}},"type":"default-arg","locations":[{"start":{"line":1128,"column":38},"end":{"line":1128,"column":40}}],"line":1128},"51":{"loc":{"start":{"line":1138,"column":6},"end":{"line":1142,"column":7}},"type":"if","locations":[{"start":{"line":1138,"column":6},"end":{"line":1142,"column":7}},{"start":{"line":1140,"column":13},"end":{"line":1142,"column":7}}],"line":1138},"52":{"loc":{"start":{"line":1143,"column":13},"end":{"line":1143,"column":46}},"type":"cond-expr","locations":[{"start":{"line":1143,"column":22},"end":{"line":1143,"column":42}},{"start":{"line":1143,"column":45},"end":{"line":1143,"column":46}}],"line":1143},"53":{"loc":{"start":{"line":1147,"column":6},"end":{"line":1149,"column":7}},"type":"if","locations":[{"start":{"line":1147,"column":6},"end":{"line":1149,"column":7}},{"start":{},"end":{}}],"line":1147},"54":{"loc":{"start":{"line":1162,"column":6},"end":{"line":1164,"column":7}},"type":"if","locations":[{"start":{"line":1162,"column":6},"end":{"line":1164,"column":7}},{"start":{},"end":{}}],"line":1162},"55":{"loc":{"start":{"line":1188,"column":32},"end":{"line":1188,"column":42}},"type":"default-arg","locations":[{"start":{"line":1188,"column":40},"end":{"line":1188,"column":42}}],"line":1188},"56":{"loc":{"start":{"line":1256,"column":23},"end":{"line":1256,"column":43}},"type":"binary-expr","locations":[{"start":{"line":1256,"column":23},"end":{"line":1256,"column":38}},{"start":{"line":1256,"column":42},"end":{"line":1256,"column":43}}],"line":1256},"57":{"loc":{"start":{"line":1257,"column":21},"end":{"line":1257,"column":39}},"type":"binary-expr","locations":[{"start":{"line":1257,"column":21},"end":{"line":1257,"column":34}},{"start":{"line":1257,"column":38},"end":{"line":1257,"column":39}}],"line":1257},"58":{"loc":{"start":{"line":1258,"column":21},"end":{"line":1258,"column":39}},"type":"binary-expr","locations":[{"start":{"line":1258,"column":21},"end":{"line":1258,"column":34}},{"start":{"line":1258,"column":38},"end":{"line":1258,"column":39}}],"line":1258}},"s":{"0":17,"1":17,"2":17,"3":17,"4":17,"5":17,"6":17,"7":0,"8":0,"9":0,"10":0,"11":0,"12":0,"13":17,"14":17,"15":17,"16":17,"17":17,"18":17,"19":17,"20":0,"21":17,"22":17,"23":17,"24":17,"25":17,"26":17,"27":17,"28":17,"29":17,"30":17,"31":17,"32":17,"33":0,"34":17,"35":17,"36":0,"37":0,"38":0,"39":0,"40":0,"41":0,"42":0,"43":0,"44":0,"45":0,"46":0,"47":0,"48":17,"49":17,"50":17,"51":17,"52":17,"53":17,"54":0,"55":17,"56":17,"57":17,"58":17,"59":17,"60":17,"61":0,"62":17,"63":17,"64":17,"65":17,"66":17,"67":17,"68":0,"69":17,"70":17,"71":17,"72":17,"73":17,"74":17,"75":0,"76":17,"77":17,"78":17,"79":17,"80":0,"81":0,"82":0,"83":0,"84":17,"85":0,"86":17,"87":17,"88":17,"89":17,"90":0,"91":0,"92":0,"93":0,"94":17,"95":0,"96":17,"97":17,"98":17,"99":17,"100":0,"101":0,"102":0,"103":0,"104":17,"105":0,"106":17,"107":17,"108":17,"109":17,"110":17,"111":17,"112":0,"113":17,"114":17,"115":17,"116":17,"117":0,"118":0,"119":0,"120":0,"121":17,"122":17,"123":0,"124":17,"125":17,"126":17,"127":17,"128":17,"129":0,"130":0,"131":0,"132":0,"133":0,"134":0,"135":0,"136":0,"137":0,"138":0,"139":0,"140":0,"141":0,"142":0,"143":0,"144":0,"145":0,"146":0,"147":0,"148":0,"149":0,"150":0,"151":17,"152":0,"153":17,"154":0,"155":0,"156":0,"157":0,"158":0,"159":0,"160":0,"161":0,"162":17,"163":17,"164":17,"165":17,"166":17,"167":17,"168":17,"169":17,"170":17,"171":17,"172":17,"173":17,"174":17,"175":17,"176":17,"177":17,"178":17,"179":17,"180":17,"181":17,"182":17,"183":17,"184":17,"185":17,"186":17,"187":17,"188":17,"189":17,"190":17,"191":17,"192":17,"193":17,"194":17,"195":17,"196":17,"197":17,"198":17,"199":17,"200":17,"201":17,"202":17,"203":17,"204":17,"205":17,"206":17,"207":17,"208":17,"209":17,"210":17,"211":17,"212":17,"213":17,"214":17,"215":17,"216":17,"217":17,"218":17,"219":17,"220":17,"221":17,"222":17,"223":17,"224":17,"225":17,"226":17,"227":17,"228":17,"229":17,"230":17,"231":17,"232":17,"233":1,"234":1,"235":1,"236":0,"237":0,"238":1,"239":1,"240":0,"241":0,"242":0,"243":0,"244":0,"245":0,"246":2,"247":1,"248":0,"249":1,"250":1,"251":0,"252":0,"253":0,"254":0,"255":0,"256":0,"257":0,"258":0,"259":0,"260":0,"261":0,"262":0,"263":0,"264":0,"265":0,"266":1,"267":1,"268":0,"269":0,"270":0,"271":1,"272":1,"273":0,"274":0,"275":0,"276":0,"277":0,"278":0,"279":0,"280":1,"281":1,"282":1,"283":0,"284":1,"285":0,"286":1,"287":1,"288":1,"289":0,"290":1,"291":1,"292":0,"293":0,"294":0,"295":0,"296":0,"297":0,"298":0,"299":0,"300":0,"301":0,"302":0,"303":1,"304":1,"305":0,"306":1,"307":0,"308":0,"309":0,"310":1,"311":0,"312":0,"313":0,"314":0,"315":0,"316":0,"317":0,"318":0,"319":0,"320":0,"321":0,"322":0,"323":0,"324":0,"325":0,"326":0,"327":0,"328":0,"329":0,"330":0,"331":0,"332":0,"333":0,"334":0,"335":0,"336":0,"337":0,"338":0,"339":0},"f":{"0":0,"1":17,"2":0,"3":1,"4":1,"5":0,"6":0,"7":1,"8":0,"9":0,"10":0,"11":0,"12":0,"13":2,"14":1,"15":0,"16":1,"17":1,"18":0,"19":0,"20":0,"21":0,"22":0,"23":0,"24":0,"25":0,"26":1,"27":0,"28":0,"29":0,"30":1,"31":0,"32":0,"33":1,"34":1,"35":0,"36":1,"37":1,"38":0,"39":1,"40":0,"41":0,"42":0,"43":0,"44":0,"45":0,"46":0,"47":1,"48":0,"49":1,"50":0,"51":0,"52":0,"53":0,"54":0,"55":0,"56":0,"57":0},"b":{"0":[17,0],"1":[0,0],"2":[0,0],"3":[0,0],"4":[0,0],"5":[0,0],"6":[17,0],"7":[17,0],"8":[17,0],"9":[17,0],"10":[0,0],"11":[0,17],"12":[0,0],"13":[0,17],"14":[0,0],"15":[0,17],"16":[17,0],"17":[0,0],"18":[0,0,0],"19":[0,0],"20":[0,0],"21":[0,0],"22":[0,0],"23":[0,0],"24":[0,0],"25":[0,17],"26":[0,17],"27":[0,0],"28":[0,0],"29":[0,0],"30":[0,0],"31":[17,0],"32":[0],"33":[0],"34":[0,0],"35":[0,0],"36":[0,0],"37":[0,0],"38":[1,0],"39":[0],"40":[0],"41":[0,0],"42":[0,0],"43":[0,1],"44":[0],"45":[0],"46":[0],"47":[0,0],"48":[0],"49":[0,0],"50":[0],"51":[1,0],"52":[1,0],"53":[0,0],"54":[0,0],"55":[0],"56":[0,0],"57":[0,0],"58":[0,0]},"_coverageSchema":"1a1c01bbd47fc00a2c39e90264f33305004495a9","hash":"fc9c0d673b89086f74f6a4afc7c77cb234535e8a"}
,"C:\\Users\\princ\\OneDrive\\Desktop\\r\\rfid\\simulate.js": {"path":"C:\\Users\\princ\\OneDrive\\Desktop\\r\\rfid\\simulate.js","statementMap":{"0":{"start":{"line":6,"column":17},"end":{"line":6,"column":36}},"1":{"start":{"line":12,"column":19},"end":{"line":12,"column":56}},"2":{"start":{"line":13,"column":16},"end":{"line":13,"column":42}},"3":{"start":{"line":16,"column":21},"end":{"line":18,"column":1}},"4":{"start":{"line":28,"column":2},"end":{"line":28,"column":46}},"5":{"start":{"line":29,"column":2},"end":{"line":29,"column":36}},"6":{"start":{"line":30,"column":2},"end":{"line":30,"column":30}},"7":{"start":{"line":32,"column":18},"end":{"line":35,"column":3}},"8":{"start":{"line":37,"column":2},"end":{"line":78,"column":3}},"9":{"start":{"line":38,"column":21},"end":{"line":44,"column":6}},"10":{"start":{"line":46,"column":17},"end":{"line":46,"column":38}},"11":{"start":{"line":48,"column":4},"end":{"line":48,"column":62}},"12":{"start":{"line":49,"column":4},"end":{"line":49,"column":32}},"13":{"start":{"line":51,"column":4},"end":{"line":68,"column":5}},"14":{"start":{"line":52,"column":6},"end":{"line":62,"column":7}},"15":{"start":{"line":53,"column":8},"end":{"line":53,"column":50}},"16":{"start":{"line":54,"column":8},"end":{"line":54,"column":55}},"17":{"start":{"line":55,"column":8},"end":{"line":55,"column":57}},"18":{"start":{"line":56,"column":8},"end":{"line":56,"column":70}},"19":{"start":{"line":57,"column":8},"end":{"line":57,"column":51}},"20":{"start":{"line":59,"column":8},"end":{"line":59,"column":51}},"21":{"start":{"line":60,"column":8},"end":{"line":60,"column":65}},"22":{"start":{"line":61,"column":8},"end":{"line":61,"column":51}},"23":{"start":{"line":63,"column":6},"end":{"line":63,"column":55}},"24":{"start":{"line":64,"column":6},"end":{"line":64,"column":48}},"25":{"start":{"line":66,"column":6},"end":{"line":66,"column":29}},"26":{"start":{"line":67,"column":6},"end":{"line":67,"column":46}},"27":{"start":{"line":71,"column":4},"end":{"line":71,"column":36}},"28":{"start":{"line":72,"column":4},"end":{"line":72,"column":43}},"29":{"start":{"line":74,"column":4},"end":{"line":77,"column":5}},"30":{"start":{"line":75,"column":6},"end":{"line":75,"column":77}},"31":{"start":{"line":76,"column":6},"end":{"line":76,"column":51}},"32":{"start":{"line":80,"column":2},"end":{"line":80,"column":30}},"33":{"start":{"line":87,"column":16},"end":{"line":87,"column":34}},"34":{"start":{"line":88,"column":15},"end":{"line":88,"column":17}},"35":{"start":{"line":89,"column":2},"end":{"line":91,"column":3}},"36":{"start":{"line":89,"column":15},"end":{"line":89,"column":16}},"37":{"start":{"line":90,"column":4},"end":{"line":90,"column":69}},"38":{"start":{"line":92,"column":2},"end":{"line":92,"column":16}},"39":{"start":{"line":99,"column":2},"end":{"line":99,"column":37}},"40":{"start":{"line":100,"column":2},"end":{"line":100,"column":43}},"41":{"start":{"line":101,"column":2},"end":{"line":101,"column":30}},"42":{"start":{"line":102,"column":2},"end":{"line":102,"column":39}},"43":{"start":{"line":103,"column":2},"end":{"line":103,"column":30}},"44":{"start":{"line":104,"column":2},"end":{"line":104,"column":37}},"45":{"start":{"line":105,"column":2},"end":{"line":107,"column":5}},"46":{"start":{"line":106,"column":4},"end":{"line":106,"column":50}},"47":{"start":{"line":108,"column":2},"end":{"line":108,"column":29}},"48":{"start":{"line":109,"column":2},"end":{"line":109,"column":50}},"49":{"start":{"line":110,"column":2},"end":{"line":110,"column":61}},"50":{"start":{"line":111,"column":2},"end":{"line":111,"column":53}},"51":{"start":{"line":112,"column":2},"end":{"line":112,"column":68}},"52":{"start":{"line":113,"column":2},"end":{"line":113,"column":56}},"53":{"start":{"line":114,"column":2},"end":{"line":114,"column":48}},"54":{"start":{"line":115,"column":2},"end":{"line":115,"column":30}},"55":{"start":{"line":122,"column":2},"end":{"line":122,"column":51}},"56":{"start":{"line":124,"column":2},"end":{"line":138,"column":3}},"57":{"start":{"line":125,"column":21},"end":{"line":127,"column":6}},"58":{"start":{"line":129,"column":17},"end":{"line":129,"column":38}},"59":{"start":{"line":131,"column":4},"end":{"line":131,"column":39}},"60":{"start":{"line":132,"column":4},"end":{"line":132,"column":44}},"61":{"start":{"line":133,"column":4},"end":{"line":133,"column":51}},"62":{"start":{"line":135,"column":4},"end":{"line":135,"column":47}},"63":{"start":{"line":136,"column":4},"end":{"line":136,"column":43}},"64":{"start":{"line":137,"column":4},"end":{"line":137,"column":79}},"65":{"start":{"line":145,"column":2},"end":{"line":145,"column":42}},"66":{"start":{"line":146,"column":2},"end":{"line":146,"column":69}},"67":{"start":{"line":148,"column":2},"end":{"line":151,"column":3}},"68":{"start":{"line":149,"column":4},"end":{"line":149,"column":38}},"69":{"start":{"line":150,"column":4},"end":{"line":150,"column":60}},"70":{"start":{"line":150,"column":33},"end":{"line":150,"column":58}},"71":{"start":{"line":153,"column":2},"end":{"line":153,"column":41}},"72":{"start":{"line":160,"column":11},"end":{"line":163,"column":2}},"73":{"start":{"line":165,"column":0},"end":{"line":165,"column":11}},"74":{"start":{"line":167,"column":0},"end":{"line":199,"column":3}},"75":{"start":{"line":168,"column":18},"end":{"line":168,"column":44}},"76":{"start":{"line":170,"column":2},"end":{"line":196,"column":3}},"77":{"start":{"line":171,"column":4},"end":{"line":171,"column":35}},"78":{"start":{"line":172,"column":4},"end":{"line":172,"column":15}},"79":{"start":{"line":173,"column":4},"end":{"line":173,"column":20}},"80":{"start":{"line":176,"column":7},"end":{"line":196,"column":3}},"81":{"start":{"line":177,"column":4},"end":{"line":177,"column":23}},"82":{"start":{"line":180,"column":7},"end":{"line":196,"column":3}},"83":{"start":{"line":181,"column":23},"end":{"line":181,"column":45}},"84":{"start":{"line":182,"column":4},"end":{"line":182,"column":31}},"85":{"start":{"line":185,"column":7},"end":{"line":196,"column":3}},"86":{"start":{"line":186,"column":4},"end":{"line":186,"column":25}},"87":{"start":{"line":189,"column":7},"end":{"line":196,"column":3}},"88":{"start":{"line":190,"column":4},"end":{"line":190,"column":42}},"89":{"start":{"line":193,"column":7},"end":{"line":196,"column":3}},"90":{"start":{"line":195,"column":4},"end":{"line":195,"column":42}},"91":{"start":{"line":198,"column":2},"end":{"line":198,"column":55}},"92":{"start":{"line":201,"column":0},"end":{"line":203,"column":3}},"93":{"start":{"line":202,"column":2},"end":{"line":202,"column":18}},"94":{"start":{"line":205,"column":0},"end":{"line":205,"column":53}}},"fnMap":{"0":{"name":"scanCard","decl":{"start":{"line":27,"column":15},"end":{"line":27,"column":23}},"loc":{"start":{"line":27,"column":32},"end":{"line":81,"column":1}},"line":27},"1":{"name":"generateRandomCardId","decl":{"start":{"line":86,"column":9},"end":{"line":86,"column":29}},"loc":{"start":{"line":86,"column":32},"end":{"line":93,"column":1}},"line":86},"2":{"name":"showMenu","decl":{"start":{"line":98,"column":9},"end":{"line":98,"column":17}},"loc":{"start":{"line":98,"column":20},"end":{"line":116,"column":1}},"line":98},"3":{"name":"(anonymous_3)","decl":{"start":{"line":105,"column":36},"end":{"line":105,"column":37}},"loc":{"start":{"line":105,"column":43},"end":{"line":107,"column":3}},"line":105},"4":{"name":"testServer","decl":{"start":{"line":121,"column":15},"end":{"line":121,"column":25}},"loc":{"start":{"line":121,"column":28},"end":{"line":139,"column":1}},"line":121},"5":{"name":"autoScanDemo","decl":{"start":{"line":144,"column":15},"end":{"line":144,"column":27}},"loc":{"start":{"line":144,"column":30},"end":{"line":154,"column":1}},"line":144},"6":{"name":"(anonymous_6)","decl":{"start":{"line":150,"column":22},"end":{"line":150,"column":23}},"loc":{"start":{"line":150,"column":33},"end":{"line":150,"column":58}},"line":150},"7":{"name":"(anonymous_7)","decl":{"start":{"line":167,"column":14},"end":{"line":167,"column":15}},"loc":{"start":{"line":167,"column":31},"end":{"line":199,"column":1}},"line":167},"8":{"name":"(anonymous_8)","decl":{"start":{"line":201,"column":15},"end":{"line":201,"column":16}},"loc":{"start":{"line":201,"column":21},"end":{"line":203,"column":1}},"line":201}},"branchMap":{"0":{"loc":{"start":{"line":51,"column":4},"end":{"line":68,"column":5}},"type":"if","locations":[{"start":{"line":51,"column":4},"end":{"line":68,"column":5}},{"start":{"line":65,"column":11},"end":{"line":68,"column":5}}],"line":51},"1":{"loc":{"start":{"line":52,"column":6},"end":{"line":62,"column":7}},"type":"if","locations":[{"start":{"line":52,"column":6},"end":{"line":62,"column":7}},{"start":{"line":58,"column":13},"end":{"line":62,"column":7}}],"line":52},"2":{"loc":{"start":{"line":56,"column":29},"end":{"line":56,"column":66}},"type":"binary-expr","locations":[{"start":{"line":56,"column":29},"end":{"line":56,"column":57}},{"start":{"line":56,"column":61},"end":{"line":56,"column":66}}],"line":56},"3":{"loc":{"start":{"line":74,"column":4},"end":{"line":77,"column":5}},"type":"if","locations":[{"start":{"line":74,"column":4},"end":{"line":77,"column":5}},{"start":{},"end":{}}],"line":74},"4":{"loc":{"start":{"line":170,"column":2},"end":{"line":196,"column":3}},"type":"if","locations":[{"start":{"line":170,"column":2},"end":{"line":196,"column":3}},{"start":{"line":176,"column":7},"end":{"line":196,"column":3}}],"line":170},"5":{"loc":{"start":{"line":170,"column":6},"end":{"line":170,"column":46}},"type":"binary-expr","locations":[{"start":{"line":170,"column":6},"end":{"line":170,"column":24}},{"start":{"line":170,"column":28},"end":{"line":170,"column":46}}],"line":170},"6":{"loc":{"start":{"line":176,"column":7},"end":{"line":196,"column":3}},"type":"if","locations":[{"start":{"line":176,"column":7},"end":{"line":196,"column":3}},{"start":{"line":180,"column":7},"end":{"line":196,"column":3}}],"line":176},"7":{"loc":{"start":{"line":180,"column":7},"end":{"line":196,"column":3}},"type":"if","locations":[{"start":{"line":180,"column":7},"end":{"line":196,"column":3}},{"start":{"line":185,"column":7},"end":{"line":196,"column":3}}],"line":180},"8":{"loc":{"start":{"line":185,"column":7},"end":{"line":196,"column":3}},"type":"if","locations":[{"start":{"line":185,"column":7},"end":{"line":196,"column":3}},{"start":{"line":189,"column":7},"end":{"line":196,"column":3}}],"line":185},"9":{"loc":{"start":{"line":189,"column":7},"end":{"line":196,"column":3}},"type":"if","locations":[{"start":{"line":189,"column":7},"end":{"line":196,"column":3}},{"start":{"line":193,"column":7},"end":{"line":196,"column":3}}],"line":189},"10":{"loc":{"start":{"line":193,"column":7},"end":{"line":196,"column":3}},"type":"if","locations":[{"start":{"line":193,"column":7},"end":{"line":196,"column":3}},{"start":{},"end":{}}],"line":193}},"s":{"0":0,"1":0,"2":0,"3":0,"4":0,"5":0,"6":0,"7":0,"8":0,"9":0,"10":0,"11":0,"12":0,"13":0,"14":0,"15":0,"16":0,"17":0,"18":0,"19":0,"20":0,"21":0,"22":0,"23":0,"24":0,"25":0,"26":0,"27":0,"28":0,"29":0,"30":0,"31":0,"32":0,"33":0,"34":0,"35":0,"36":0,"37":0,"38":0,"39":0,"40":0,"41":0,"42":0,"43":0,"44":0,"45":0,"46":0,"47":0,"48":0,"49":0,"50":0,"51":0,"52":0,"53":0,"54":0,"55":0,"56":0,"57":0,"58":0,"59":0,"60":0,"61":0,"62":0,"63":0,"64":0,"65":0,"66":0,"67":0,"68":0,"69":0,"70":0,"71":0,"72":0,"73":0,"74":0,"75":0,"76":0,"77":0,"78":0,"79":0,"80":0,"81":0,"82":0,"83":0,"84":0,"85":0,"86":0,"87":0,"88":0,"89":0,"90":0,"91":0,"92":0,"93":0,"94":0},"f":{"0":0,"1":0,"2":0,"3":0,"4":0,"5":0,"6":0,"7":0,"8":0},"b":{"0":[0,0],"1":[0,0],"2":[0,0],"3":[0,0],"4":[0,0],"5":[0,0],"6":[0,0],"7":[0,0],"8":[0,0],"9":[0,0],"10":[0,0]}}
}
