TN:
SF:app.js
FN:18,(anonymous_0)
FN:18,(anonymous_1)
FN:52,(anonymous_2)
FN:92,(anonymous_3)
FN:149,(anonymous_4)
FN:161,(anonymous_5)
FN:175,(anonymous_6)
FN:224,(anonymous_7)
FN:225,(anonymous_8)
FN:276,(anonymous_9)
FN:306,(anonymous_10)
FN:331,(anonymous_11)
FN:347,(anonymous_12)
FN:408,(anonymous_13)
FN:413,(anonymous_14)
FN:441,(anonymous_15)
FN:465,(anonymous_16)
FN:503,(anonymous_17)
FN:546,(anonymous_18)
FN:589,(anonymous_19)
FN:642,(anonymous_20)
FN:677,(anonymous_21)
FN:712,(anonymous_22)
FN:741,(anonymous_23)
FN:842,(anonymous_24)
FN:860,(anonymous_25)
FN:916,(anonymous_26)
FN:944,(anonymous_27)
FN:998,(anonymous_28)
FN:1020,(anonymous_29)
FN:1044,(anonymous_30)
FN:1068,(anonymous_31)
FN:1097,(anonymous_32)
FN:1166,(anonymous_33)
FN:1190,(anonymous_34)
FN:1215,(anonymous_35)
FN:1246,(anonymous_36)
FN:1254,(anonymous_37)
FN:1284,(anonymous_38)
FN:1324,(anonymous_39)
FN:1394,(anonymous_40)
FN:1437,(anonymous_41)
FN:1486,(anonymous_42)
FN:1504,(anonymous_43)
FN:1515,(anonymous_44)
FN:1522,(anonymous_45)
FN:1606,(anonymous_46)
FN:1615,(anonymous_47)
FN:1651,(anonymous_48)
FN:1668,(anonymous_49)
FN:1712,(anonymous_50)
FN:1722,(anonymous_51)
FN:1740,(anonymous_52)
FN:1748,(anonymous_53)
FN:1753,(anonymous_54)
FN:1754,(anonymous_55)
FN:1791,(anonymous_56)
FN:1944,(anonymous_57)
FN:1951,(anonymous_58)
FN:1955,(anonymous_59)
FN:1969,(anonymous_60)
FN:1977,(anonymous_61)
FN:2004,(anonymous_62)
FN:2011,(anonymous_63)
FN:2038,(anonymous_64)
FN:2049,(anonymous_65)
FN:2065,(anonymous_66)
FN:2121,(anonymous_67)
FN:2134,(anonymous_68)
FN:2135,(anonymous_69)
FN:2168,(anonymous_70)
FN:2190,(anonymous_71)
FN:2214,(anonymous_72)
FN:2242,(anonymous_73)
FN:2252,(anonymous_74)
FN:2266,(anonymous_75)
FN:2274,(anonymous_76)
FN:2282,(anonymous_77)
FN:2289,(anonymous_78)
FN:2294,(anonymous_79)
FNF:80
FNH:0
FNDA:0,(anonymous_0)
FNDA:0,(anonymous_1)
FNDA:0,(anonymous_2)
FNDA:0,(anonymous_3)
FNDA:0,(anonymous_4)
FNDA:0,(anonymous_5)
FNDA:0,(anonymous_6)
FNDA:0,(anonymous_7)
FNDA:0,(anonymous_8)
FNDA:0,(anonymous_9)
FNDA:0,(anonymous_10)
FNDA:0,(anonymous_11)
FNDA:0,(anonymous_12)
FNDA:0,(anonymous_13)
FNDA:0,(anonymous_14)
FNDA:0,(anonymous_15)
FNDA:0,(anonymous_16)
FNDA:0,(anonymous_17)
FNDA:0,(anonymous_18)
FNDA:0,(anonymous_19)
FNDA:0,(anonymous_20)
FNDA:0,(anonymous_21)
FNDA:0,(anonymous_22)
FNDA:0,(anonymous_23)
FNDA:0,(anonymous_24)
FNDA:0,(anonymous_25)
FNDA:0,(anonymous_26)
FNDA:0,(anonymous_27)
FNDA:0,(anonymous_28)
FNDA:0,(anonymous_29)
FNDA:0,(anonymous_30)
FNDA:0,(anonymous_31)
FNDA:0,(anonymous_32)
FNDA:0,(anonymous_33)
FNDA:0,(anonymous_34)
FNDA:0,(anonymous_35)
FNDA:0,(anonymous_36)
FNDA:0,(anonymous_37)
FNDA:0,(anonymous_38)
FNDA:0,(anonymous_39)
FNDA:0,(anonymous_40)
FNDA:0,(anonymous_41)
FNDA:0,(anonymous_42)
FNDA:0,(anonymous_43)
FNDA:0,(anonymous_44)
FNDA:0,(anonymous_45)
FNDA:0,(anonymous_46)
FNDA:0,(anonymous_47)
FNDA:0,(anonymous_48)
FNDA:0,(anonymous_49)
FNDA:0,(anonymous_50)
FNDA:0,(anonymous_51)
FNDA:0,(anonymous_52)
FNDA:0,(anonymous_53)
FNDA:0,(anonymous_54)
FNDA:0,(anonymous_55)
FNDA:0,(anonymous_56)
FNDA:0,(anonymous_57)
FNDA:0,(anonymous_58)
FNDA:0,(anonymous_59)
FNDA:0,(anonymous_60)
FNDA:0,(anonymous_61)
FNDA:0,(anonymous_62)
FNDA:0,(anonymous_63)
FNDA:0,(anonymous_64)
FNDA:0,(anonymous_65)
FNDA:0,(anonymous_66)
FNDA:0,(anonymous_67)
FNDA:0,(anonymous_68)
FNDA:0,(anonymous_69)
FNDA:0,(anonymous_70)
FNDA:0,(anonymous_71)
FNDA:0,(anonymous_72)
FNDA:0,(anonymous_73)
FNDA:0,(anonymous_74)
FNDA:0,(anonymous_75)
FNDA:0,(anonymous_76)
FNDA:0,(anonymous_77)
FNDA:0,(anonymous_78)
FNDA:0,(anonymous_79)
DA:2,0
DA:3,0
DA:4,0
DA:5,0
DA:6,0
DA:7,0
DA:8,0
DA:9,0
DA:10,0
DA:11,0
DA:12,0
DA:13,0
DA:14,0
DA:15,0
DA:18,0
DA:19,0
DA:23,0
DA:24,0
DA:31,0
DA:51,0
DA:53,0
DA:54,0
DA:59,0
DA:70,0
DA:79,0
DA:89,0
DA:92,0
DA:93,0
DA:94,0
DA:95,0
DA:101,0
DA:105,0
DA:114,0
DA:132,0
DA:136,0
DA:143,0
DA:144,0
DA:145,0
DA:148,0
DA:150,0
DA:151,0
DA:152,0
DA:153,0
DA:154,0
DA:155,0
DA:161,0
DA:162,0
DA:163,0
DA:175,0
DA:176,0
DA:177,0
DA:179,0
DA:180,0
DA:186,0
DA:188,0
DA:189,0
DA:196,0
DA:198,0
DA:199,0
DA:207,0
DA:208,0
DA:210,0
DA:214,0
DA:215,0
DA:217,0
DA:218,0
DA:221,0
DA:224,0
DA:225,0
DA:229,0
DA:232,0
DA:240,0
DA:242,0
DA:264,0
DA:265,0
DA:276,0
DA:277,0
DA:278,0
DA:280,0
DA:281,0
DA:284,0
DA:286,0
DA:293,0
DA:294,0
DA:306,0
DA:307,0
DA:308,0
DA:310,0
DA:319,0
DA:320,0
DA:331,0
DA:332,0
DA:347,0
DA:348,0
DA:349,0
DA:351,0
DA:352,0
DA:360,0
DA:363,0
DA:364,0
DA:365,0
DA:371,0
DA:372,0
DA:373,0
DA:379,0
DA:382,0
DA:384,0
DA:396,0
DA:397,0
DA:408,0
DA:409,0
DA:410,0
DA:413,0
DA:414,0
DA:415,0
DA:421,0
DA:428,0
DA:429,0
DA:441,0
DA:442,0
DA:443,0
DA:444,0
DA:445,0
DA:447,0
DA:453,0
DA:454,0
DA:465,0
DA:466,0
DA:467,0
DA:468,0
DA:470,0
DA:471,0
DA:477,0
DA:479,0
DA:480,0
DA:483,0
DA:485,0
DA:491,0
DA:492,0
DA:503,0
DA:504,0
DA:505,0
DA:506,0
DA:508,0
DA:509,0
DA:515,0
DA:516,0
DA:517,0
DA:523,0
DA:526,0
DA:528,0
DA:534,0
DA:535,0
DA:546,0
DA:547,0
DA:548,0
DA:550,0
DA:552,0
DA:553,0
DA:559,0
DA:561,0
DA:567,0
DA:568,0
DA:589,0
DA:590,0
DA:591,0
DA:593,0
DA:594,0
DA:601,0
DA:602,0
DA:603,0
DA:609,0
DA:610,0
DA:617,0
DA:619,0
DA:621,0
DA:622,0
DA:629,0
DA:631,0
DA:632,0
DA:640,0
DA:641,0
DA:642,0
DA:644,0
DA:645,0
DA:653,0
DA:655,0
DA:656,0
DA:658,0
DA:660,0
DA:666,0
DA:667,0
DA:677,0
DA:678,0
DA:679,0
DA:681,0
DA:682,0
DA:688,0
DA:690,0
DA:692,0
DA:694,0
DA:700,0
DA:701,0
DA:712,0
DA:713,0
DA:714,0
DA:716,0
DA:723,0
DA:724,0
DA:741,0
DA:742,0
DA:743,0
DA:745,0
DA:746,0
DA:753,0
DA:754,0
DA:761,0
DA:762,0
DA:765,0
DA:768,0
DA:770,0
DA:772,0
DA:775,0
DA:784,0
DA:798,0
DA:808,0
DA:810,0
DA:829,0
DA:830,0
DA:842,0
DA:843,0
DA:860,0
DA:861,0
DA:862,0
DA:864,0
DA:865,0
DA:871,0
DA:872,0
DA:875,0
DA:877,0
DA:879,0
DA:889,0
DA:891,0
DA:903,0
DA:904,0
DA:916,0
DA:917,0
DA:918,0
DA:919,0
DA:920,0
DA:922,0
DA:924,0
DA:931,0
DA:932,0
DA:944,0
DA:945,0
DA:946,0
DA:947,0
DA:950,0
DA:951,0
DA:952,0
DA:953,0
DA:954,0
DA:956,0
DA:970,0
DA:971,0
DA:973,0
DA:986,0
DA:987,0
DA:998,0
DA:999,0
DA:1000,0
DA:1002,0
DA:1008,0
DA:1009,0
DA:1020,0
DA:1021,0
DA:1022,0
DA:1024,0
DA:1031,0
DA:1032,0
DA:1044,0
DA:1045,0
DA:1046,0
DA:1047,0
DA:1048,0
DA:1050,0
DA:1056,0
DA:1057,0
DA:1068,0
DA:1069,0
DA:1070,0
DA:1072,0
DA:1074,0
DA:1080,0
DA:1081,0
DA:1097,0
DA:1098,0
DA:1099,0
DA:1101,0
DA:1102,0
DA:1109,0
DA:1110,0
DA:1117,0
DA:1118,0
DA:1124,0
DA:1125,0
DA:1131,0
DA:1139,0
DA:1141,0
DA:1154,0
DA:1155,0
DA:1166,0
DA:1167,0
DA:1168,0
DA:1170,0
DA:1177,0
DA:1178,0
DA:1190,0
DA:1191,0
DA:1192,0
DA:1193,0
DA:1194,0
DA:1196,0
DA:1202,0
DA:1203,0
DA:1215,0
DA:1216,0
DA:1217,0
DA:1218,0
DA:1219,0
DA:1221,0
DA:1228,0
DA:1229,0
DA:1246,0
DA:1247,0
DA:1248,0
DA:1251,0
DA:1254,0
DA:1255,0
DA:1256,0
DA:1265,0
DA:1272,0
DA:1273,0
DA:1284,0
DA:1285,0
DA:1286,0
DA:1287,0
DA:1289,0
DA:1290,0
DA:1297,0
DA:1298,0
DA:1300,0
DA:1312,0
DA:1313,0
DA:1324,0
DA:1325,0
DA:1326,0
DA:1327,0
DA:1329,0
DA:1330,0
DA:1337,0
DA:1338,0
DA:1339,0
DA:1346,0
DA:1347,0
DA:1348,0
DA:1349,0
DA:1357,0
DA:1366,0
DA:1368,0
DA:1382,0
DA:1383,0
DA:1394,0
DA:1395,0
DA:1396,0
DA:1398,0
DA:1399,0
DA:1400,0
DA:1407,0
DA:1409,0
DA:1410,0
DA:1417,0
DA:1419,0
DA:1425,0
DA:1426,0
DA:1437,0
DA:1438,0
DA:1439,0
DA:1441,0
DA:1442,0
DA:1448,0
DA:1449,0
DA:1455,0
DA:1456,0
DA:1457,0
DA:1463,0
DA:1466,0
DA:1468,0
DA:1474,0
DA:1475,0
DA:1486,0
DA:1487,0
DA:1488,0
DA:1490,0
DA:1491,0
DA:1497,0
DA:1504,0
DA:1505,0
DA:1506,0
DA:1508,0
DA:1510,0
DA:1511,0
DA:1515,0
DA:1516,0
DA:1522,0
DA:1523,0
DA:1525,0
DA:1526,0
DA:1527,0
DA:1531,0
DA:1534,0
DA:1537,0
DA:1538,0
DA:1539,0
DA:1543,0
DA:1547,0
DA:1548,0
DA:1549,0
DA:1550,0
DA:1551,0
DA:1554,0
DA:1555,0
DA:1556,0
DA:1561,0
DA:1565,0
DA:1573,0
DA:1576,0
DA:1578,0
DA:1582,0
DA:1586,0
DA:1588,0
DA:1595,0
DA:1596,0
DA:1606,0
DA:1607,0
DA:1615,0
DA:1616,0
DA:1617,0
DA:1618,0
DA:1619,0
DA:1621,0
DA:1633,0
DA:1651,0
DA:1652,0
DA:1653,0
DA:1656,0
DA:1659,0
DA:1662,0
DA:1665,0
DA:1668,0
DA:1669,0
DA:1672,0
DA:1677,0
DA:1679,0
DA:1680,0
DA:1681,0
DA:1682,0
DA:1683,0
DA:1684,0
DA:1685,0
DA:1687,0
DA:1697,0
DA:1699,0
DA:1700,0
DA:1712,0
DA:1713,0
DA:1715,0
DA:1722,0
DA:1723,0
DA:1725,0
DA:1729,0
DA:1730,0
DA:1731,0
DA:1734,0
DA:1740,0
DA:1741,0
DA:1742,0
DA:1744,0
DA:1748,0
DA:1749,0
DA:1752,0
DA:1753,0
DA:1754,0
DA:1756,0
DA:1757,0
DA:1758,0
DA:1762,0
DA:1763,0
DA:1764,0
DA:1766,0
DA:1767,0
DA:1770,0
DA:1772,0
DA:1773,0
DA:1775,0
DA:1777,0
DA:1778,0
DA:1791,0
DA:1792,0
DA:1793,0
DA:1795,0
DA:1796,0
DA:1797,0
DA:1803,0
DA:1824,0
DA:1826,0
DA:1828,0
DA:1829,0
DA:1833,0
DA:1834,0
DA:1843,0
DA:1855,0
DA:1863,0
DA:1871,0
DA:1879,0
DA:1884,0
DA:1888,0
DA:1902,0
DA:1916,0
DA:1929,0
DA:1944,0
DA:1945,0
DA:1946,0
DA:1948,0
DA:1950,0
DA:1951,0
DA:1954,0
DA:1955,0
DA:1958,0
DA:1960,0
DA:1961,0
DA:1969,0
DA:1970,0
DA:1971,0
DA:1972,0
DA:1975,0
DA:1976,0
DA:1977,0
DA:1979,0
DA:1981,0
DA:1983,0
DA:1985,0
DA:1987,0
DA:1988,0
DA:1992,0
DA:1993,0
DA:1995,0
DA:1996,0
DA:2004,0
DA:2005,0
DA:2006,0
DA:2007,0
DA:2009,0
DA:2010,0
DA:2011,0
DA:2012,0
DA:2014,0
DA:2016,0
DA:2018,0
DA:2019,0
DA:2024,0
DA:2025,0
DA:2027,0
DA:2029,0
DA:2031,0
DA:2032,0
DA:2038,0
DA:2039,0
DA:2040,0
DA:2041,0
DA:2043,0
DA:2044,0
DA:2047,0
DA:2048,0
DA:2049,0
DA:2050,0
DA:2054,0
DA:2055,0
DA:2057,0
DA:2058,0
DA:2065,0
DA:2066,0
DA:2067,0
DA:2069,0
DA:2070,0
DA:2074,0
DA:2075,0
DA:2077,0
DA:2078,0
DA:2085,0
DA:2086,0
DA:2092,0
DA:2093,0
DA:2100,0
DA:2101,0
DA:2108,0
DA:2109,0
DA:2117,0
DA:2118,0
DA:2119,0
DA:2120,0
DA:2121,0
DA:2122,0
DA:2124,0
DA:2126,0
DA:2128,0
DA:2129,0
DA:2133,0
DA:2134,0
DA:2135,0
DA:2137,0
DA:2138,0
DA:2149,0
DA:2152,0
DA:2155,0
DA:2156,0
DA:2158,0
DA:2160,0
DA:2161,0
DA:2168,0
DA:2169,0
DA:2170,0
DA:2171,0
DA:2172,0
DA:2175,0
DA:2176,0
DA:2179,0
DA:2180,0
DA:2182,0
DA:2183,0
DA:2190,0
DA:2191,0
DA:2192,0
DA:2193,0
DA:2198,0
DA:2199,0
DA:2201,0
DA:2204,0
DA:2206,0
DA:2207,0
DA:2214,0
DA:2215,0
DA:2216,0
DA:2217,0
DA:2222,0
DA:2223,0
DA:2225,0
DA:2228,0
DA:2230,0
DA:2231,0
DA:2242,0
DA:2243,0
DA:2244,0
DA:2252,0
DA:2253,0
DA:2254,0
DA:2255,0
DA:2256,0
DA:2257,0
DA:2258,0
DA:2259,0
DA:2260,0
DA:2261,0
DA:2262,0
DA:2263,0
DA:2266,0
DA:2267,0
DA:2268,0
DA:2269,0
DA:2270,0
DA:2274,0
DA:2275,0
DA:2276,0
DA:2277,0
DA:2278,0
DA:2282,0
DA:2283,0
DA:2284,0
DA:2285,0
DA:2289,0
DA:2290,0
DA:2294,0
DA:2295,0
DA:2296,0
DA:2297,0
DA:2298,0
LF:697
LH:0
BRDA:24,0,0,0
BRDA:24,0,1,0
BRDA:53,1,0,0
BRDA:53,1,1,0
BRDA:94,2,0,0
BRDA:94,2,1,0
BRDA:132,3,0,0
BRDA:132,3,1,0
BRDA:137,4,0,0
BRDA:137,4,1,0
BRDA:138,5,0,0
BRDA:138,5,1,0
BRDA:150,6,0,0
BRDA:150,6,1,0
BRDA:152,7,0,0
BRDA:152,7,1,0
BRDA:154,8,0,0
BRDA:154,8,1,0
BRDA:179,9,0,0
BRDA:179,9,1,0
BRDA:179,10,0,0
BRDA:179,10,1,0
BRDA:188,11,0,0
BRDA:188,11,1,0
BRDA:198,12,0,0
BRDA:198,12,1,0
BRDA:207,13,0,0
BRDA:207,13,1,0
BRDA:208,14,0,0
BRDA:208,14,1,0
BRDA:259,15,0,0
BRDA:259,15,1,0
BRDA:278,16,0,0
BRDA:278,16,1,0
BRDA:280,17,0,0
BRDA:280,17,1,0
BRDA:351,18,0,0
BRDA:351,18,1,0
BRDA:351,19,0,0
BRDA:351,19,1,0
BRDA:351,19,2,0
BRDA:351,19,3,0
BRDA:360,20,0,0
BRDA:360,20,1,0
BRDA:364,21,0,0
BRDA:364,21,1,0
BRDA:372,22,0,0
BRDA:372,22,1,0
BRDA:443,23,0,0
BRDA:443,23,1,0
BRDA:444,24,0,0
BRDA:444,24,1,0
BRDA:470,25,0,0
BRDA:470,25,1,0
BRDA:470,26,0,0
BRDA:470,26,1,0
BRDA:479,27,0,0
BRDA:479,27,1,0
BRDA:508,28,0,0
BRDA:508,28,1,0
BRDA:508,29,0,0
BRDA:508,29,1,0
BRDA:516,30,0,0
BRDA:516,30,1,0
BRDA:552,31,0,0
BRDA:552,31,1,0
BRDA:593,32,0,0
BRDA:593,32,1,0
BRDA:593,33,0,0
BRDA:593,33,1,0
BRDA:602,34,0,0
BRDA:602,34,1,0
BRDA:609,35,0,0
BRDA:609,35,1,0
BRDA:617,36,0,0
BRDA:617,36,1,0
BRDA:621,37,0,0
BRDA:621,37,1,0
BRDA:621,38,0,0
BRDA:621,38,1,0
BRDA:621,38,2,0
BRDA:624,39,0,0
BRDA:624,39,1,0
BRDA:631,40,0,0
BRDA:631,40,1,0
BRDA:631,41,0,0
BRDA:631,41,1,0
BRDA:634,42,0,0
BRDA:634,42,1,0
BRDA:640,43,0,0
BRDA:640,43,1,0
BRDA:642,44,0,0
BRDA:642,44,1,0
BRDA:642,44,2,0
BRDA:644,45,0,0
BRDA:644,45,1,0
BRDA:647,46,0,0
BRDA:647,46,1,0
BRDA:653,47,0,0
BRDA:653,47,1,0
BRDA:653,48,0,0
BRDA:653,48,1,0
BRDA:655,49,0,0
BRDA:655,49,1,0
BRDA:656,50,0,0
BRDA:656,50,1,0
BRDA:681,51,0,0
BRDA:681,51,1,0
BRDA:681,52,0,0
BRDA:681,52,1,0
BRDA:688,53,0,0
BRDA:688,53,1,0
BRDA:690,54,0,0
BRDA:690,54,1,0
BRDA:745,55,0,0
BRDA:745,55,1,0
BRDA:745,56,0,0
BRDA:745,56,1,0
BRDA:753,57,0,0
BRDA:753,57,1,0
BRDA:770,58,0,0
BRDA:770,58,1,0
BRDA:864,59,0,0
BRDA:864,59,1,0
BRDA:864,60,0,0
BRDA:864,60,1,0
BRDA:871,61,0,0
BRDA:871,61,1,0
BRDA:881,62,0,0
BRDA:881,62,1,0
BRDA:882,63,0,0
BRDA:882,63,1,0
BRDA:883,64,0,0
BRDA:883,64,1,0
BRDA:884,65,0,0
BRDA:884,65,1,0
BRDA:889,66,0,0
BRDA:889,66,1,0
BRDA:898,67,0,0
BRDA:898,67,1,0
BRDA:920,68,0,0
BRDA:920,68,1,0
BRDA:922,69,0,0
BRDA:922,69,1,0
BRDA:950,70,0,0
BRDA:950,70,1,0
BRDA:950,71,0,0
BRDA:950,71,1,0
BRDA:951,72,0,0
BRDA:951,72,1,0
BRDA:952,73,0,0
BRDA:952,73,1,0
BRDA:953,74,0,0
BRDA:953,74,1,0
BRDA:954,75,0,0
BRDA:954,75,1,0
BRDA:970,76,0,0
BRDA:970,76,1,0
BRDA:971,77,0,0
BRDA:971,77,1,0
BRDA:1046,78,0,0
BRDA:1046,78,1,0
BRDA:1047,79,0,0
BRDA:1047,79,1,0
BRDA:1101,80,0,0
BRDA:1101,80,1,0
BRDA:1101,81,0,0
BRDA:1101,81,1,0
BRDA:1109,82,0,0
BRDA:1109,82,1,0
BRDA:1117,83,0,0
BRDA:1117,83,1,0
BRDA:1124,84,0,0
BRDA:1124,84,1,0
BRDA:1134,85,0,0
BRDA:1134,85,1,0
BRDA:1135,86,0,0
BRDA:1135,86,1,0
BRDA:1136,87,0,0
BRDA:1136,87,1,0
BRDA:1192,88,0,0
BRDA:1192,88,1,0
BRDA:1193,89,0,0
BRDA:1193,89,1,0
BRDA:1219,90,0,0
BRDA:1219,90,1,0
BRDA:1259,91,0,0
BRDA:1259,91,1,0
BRDA:1260,92,0,0
BRDA:1260,92,1,0
BRDA:1289,93,0,0
BRDA:1289,93,1,0
BRDA:1329,94,0,0
BRDA:1329,94,1,0
BRDA:1338,95,0,0
BRDA:1338,95,1,0
BRDA:1346,96,0,0
BRDA:1346,96,1,0
BRDA:1346,97,0,0
BRDA:1346,97,1,0
BRDA:1348,98,0,0
BRDA:1348,98,1,0
BRDA:1348,99,0,0
BRDA:1348,99,1,0
BRDA:1359,100,0,0
BRDA:1359,100,1,0
BRDA:1361,101,0,0
BRDA:1361,101,1,0
BRDA:1362,102,0,0
BRDA:1362,102,1,0
BRDA:1363,103,0,0
BRDA:1363,103,1,0
BRDA:1373,104,0,0
BRDA:1373,104,1,0
BRDA:1399,105,0,0
BRDA:1399,105,1,0
BRDA:1409,106,0,0
BRDA:1409,106,1,0
BRDA:1441,107,0,0
BRDA:1441,107,1,0
BRDA:1441,108,0,0
BRDA:1441,108,1,0
BRDA:1448,109,0,0
BRDA:1448,109,1,0
BRDA:1456,110,0,0
BRDA:1456,110,1,0
BRDA:1490,111,0,0
BRDA:1490,111,1,0
BRDA:1490,112,0,0
BRDA:1490,112,1,0
BRDA:1504,113,0,0
BRDA:1505,114,0,0
BRDA:1505,114,1,0
BRDA:1516,115,0,0
BRDA:1516,115,1,0
BRDA:1516,115,2,0
BRDA:1516,115,3,0
BRDA:1525,116,0,0
BRDA:1525,116,1,0
BRDA:1525,117,0,0
BRDA:1525,117,1,0
BRDA:1537,118,0,0
BRDA:1537,118,1,0
BRDA:1537,119,0,0
BRDA:1537,119,1,0
BRDA:1537,119,2,0
BRDA:1554,120,0,0
BRDA:1554,120,1,0
BRDA:1669,121,0,0
BRDA:1669,121,1,0
BRDA:1672,122,0,0
BRDA:1672,122,1,0
BRDA:1677,123,0,0
BRDA:1677,123,1,0
BRDA:1681,124,0,0
BRDA:1681,124,1,0
BRDA:1682,125,0,0
BRDA:1682,125,1,0
BRDA:1683,126,0,0
BRDA:1683,126,1,0
BRDA:1684,127,0,0
BRDA:1684,127,1,0
BRDA:1685,128,0,0
BRDA:1685,128,1,0
BRDA:1730,129,0,0
BRDA:1730,129,1,0
BRDA:1730,130,0,0
BRDA:1730,130,1,0
BRDA:1740,131,0,0
BRDA:1741,132,0,0
BRDA:1741,132,1,0
BRDA:1749,133,0,0
BRDA:1749,133,1,0
BRDA:1749,133,2,0
BRDA:1756,134,0,0
BRDA:1756,134,1,0
BRDA:1763,135,0,0
BRDA:1763,135,1,0
BRDA:1764,136,0,0
BRDA:1764,136,1,0
BRDA:1767,137,0,0
BRDA:1767,137,1,0
BRDA:1793,138,0,0
BRDA:1793,138,1,0
BRDA:1796,139,0,0
BRDA:1796,139,1,0
BRDA:1826,140,0,0
BRDA:1826,140,1,0
BRDA:1833,141,0,0
BRDA:1833,141,1,0
BRDA:1948,142,0,0
BRDA:1948,142,1,0
BRDA:1975,143,0,0
BRDA:1975,143,1,0
BRDA:1979,144,0,0
BRDA:1979,144,1,0
BRDA:1981,145,0,0
BRDA:1981,145,1,0
BRDA:1983,146,0,0
BRDA:1983,146,1,0
BRDA:1987,147,0,0
BRDA:1987,147,1,0
BRDA:1992,148,0,0
BRDA:1992,148,1,0
BRDA:2009,149,0,0
BRDA:2009,149,1,0
BRDA:2012,150,0,0
BRDA:2012,150,1,0
BRDA:2014,151,0,0
BRDA:2014,151,1,0
BRDA:2016,152,0,0
BRDA:2016,152,1,0
BRDA:2018,153,0,0
BRDA:2018,153,1,0
BRDA:2024,154,0,0
BRDA:2024,154,1,0
BRDA:2043,155,0,0
BRDA:2043,155,1,0
BRDA:2047,156,0,0
BRDA:2047,156,1,0
BRDA:2049,157,0,0
BRDA:2049,157,1,0
BRDA:2069,158,0,0
BRDA:2069,158,1,0
BRDA:2069,159,0,0
BRDA:2069,159,1,0
BRDA:2077,160,0,0
BRDA:2077,160,1,0
BRDA:2077,161,0,0
BRDA:2077,161,1,0
BRDA:2085,162,0,0
BRDA:2085,162,1,0
BRDA:2085,163,0,0
BRDA:2085,163,1,0
BRDA:2092,164,0,0
BRDA:2092,164,1,0
BRDA:2092,165,0,0
BRDA:2092,165,1,0
BRDA:2095,166,0,0
BRDA:2095,166,1,0
BRDA:2100,167,0,0
BRDA:2100,167,1,0
BRDA:2100,168,0,0
BRDA:2100,168,1,0
BRDA:2108,169,0,0
BRDA:2108,169,1,0
BRDA:2108,170,0,0
BRDA:2108,170,1,0
BRDA:2119,171,0,0
BRDA:2119,171,1,0
BRDA:2122,172,0,0
BRDA:2122,172,1,0
BRDA:2124,173,0,0
BRDA:2124,173,1,0
BRDA:2126,174,0,0
BRDA:2126,174,1,0
BRDA:2128,175,0,0
BRDA:2128,175,1,0
BRDA:2137,176,0,0
BRDA:2137,176,1,0
BRDA:2141,177,0,0
BRDA:2141,177,1,0
BRDA:2145,178,0,0
BRDA:2145,178,1,0
BRDA:2146,179,0,0
BRDA:2146,179,1,0
BRDA:2171,180,0,0
BRDA:2171,180,1,0
BRDA:2171,181,0,0
BRDA:2171,181,1,0
BRDA:2171,181,2,0
BRDA:2175,182,0,0
BRDA:2175,182,1,0
BRDA:2198,183,0,0
BRDA:2198,183,1,0
BRDA:2222,184,0,0
BRDA:2222,184,1,0
BRDA:2246,185,0,0
BRDA:2246,185,1,0
BRF:379
BRH:0
end_of_record
TN:
SF:auth-middleware.js
FN:11,isAuthenticated
FN:48,isAdmin
FN:61,isClassTeacher
FN:74,hasClassAccess
FN:92,(anonymous_4)
FN:103,(anonymous_5)
FN:115,canMarkAttendance
FN:135,(anonymous_7)
FNF:8
FNH:0
FNDA:0,isAuthenticated
FNDA:0,isAdmin
FNDA:0,isClassTeacher
FNDA:0,hasClassAccess
FNDA:0,(anonymous_4)
FNDA:0,(anonymous_5)
FNDA:0,canMarkAttendance
FNDA:0,(anonymous_7)
DA:6,0
DA:12,0
DA:14,0
DA:15,0
DA:22,0
DA:24,0
DA:26,0
DA:27,0
DA:34,0
DA:42,0
DA:49,0
DA:50,0
DA:55,0
DA:62,0
DA:63,0
DA:68,0
DA:75,0
DA:77,0
DA:78,0
DA:85,0
DA:86,0
DA:87,0
DA:91,0
DA:92,0
DA:94,0
DA:95,0
DA:102,0
DA:103,0
DA:106,0
DA:107,0
DA:109,0
DA:116,0
DA:119,0
DA:120,0
DA:124,0
DA:125,0
DA:132,0
DA:133,0
DA:134,0
DA:135,0
DA:138,0
DA:139,0
DA:146,0
DA:149,0
LF:44
LH:0
BRDA:12,0,0,0
BRDA:12,0,1,0
BRDA:14,1,0,0
BRDA:14,1,1,0
BRDA:26,2,0,0
BRDA:26,2,1,0
BRDA:49,3,0,0
BRDA:49,3,1,0
BRDA:49,4,0,0
BRDA:49,4,1,0
BRDA:62,5,0,0
BRDA:62,5,1,0
BRDA:62,6,0,0
BRDA:62,6,1,0
BRDA:62,6,2,0
BRDA:75,7,0,0
BRDA:75,7,1,0
BRDA:75,7,2,0
BRDA:77,8,0,0
BRDA:77,8,1,0
BRDA:85,9,0,0
BRDA:85,9,1,0
BRDA:94,10,0,0
BRDA:94,10,1,0
BRDA:103,11,0,0
BRDA:103,11,1,0
BRDA:116,12,0,0
BRDA:116,12,1,0
BRDA:116,12,2,0
BRDA:119,13,0,0
BRDA:119,13,1,0
BRDA:124,14,0,0
BRDA:124,14,1,0
BRDA:132,15,0,0
BRDA:132,15,1,0
BRDA:135,16,0,0
BRDA:135,16,1,0
BRDA:138,17,0,0
BRDA:138,17,1,0
BRF:39
BRH:0
end_of_record
TN:
SF:database.js
FN:165,parseClassName
FN:323,recreateTeacherClassesTable
FN:445,getSection
FN:886,(anonymous_3)
FN:892,(anonymous_4)
FN:896,(anonymous_5)
FN:900,(anonymous_6)
FN:904,(anonymous_7)
FN:916,(anonymous_8)
FN:920,(anonymous_9)
FN:924,(anonymous_10)
FN:928,(anonymous_11)
FN:932,(anonymous_12)
FN:938,(anonymous_13)
FN:946,(anonymous_14)
FN:950,(anonymous_15)
FN:954,(anonymous_16)
FN:958,(anonymous_17)
FN:965,(anonymous_18)
FN:969,(anonymous_19)
FN:973,(anonymous_20)
FN:980,(anonymous_21)
FN:987,(anonymous_22)
FN:991,(anonymous_23)
FN:995,(anonymous_24)
FN:1000,(anonymous_25)
FN:1010,(anonymous_26)
FN:1016,(anonymous_27)
FN:1020,(anonymous_28)
FN:1024,(anonymous_29)
FN:1028,(anonymous_30)
FN:1040,(anonymous_31)
FN:1047,(anonymous_32)
FN:1059,(anonymous_33)
FN:1065,(anonymous_34)
FN:1070,(anonymous_35)
FN:1074,(anonymous_36)
FN:1082,(anonymous_37)
FN:1086,(anonymous_38)
FN:1090,(anonymous_39)
FN:1102,(anonymous_40)
FN:1106,(anonymous_41)
FN:1110,(anonymous_42)
FN:1117,(anonymous_43)
FN:1124,(anonymous_44)
FN:1128,(anonymous_45)
FN:1132,(anonymous_46)
FN:1136,(anonymous_47)
FN:1146,(anonymous_48)
FN:1153,(anonymous_49)
FN:1157,(anonymous_50)
FN:1161,(anonymous_51)
FN:1168,(anonymous_52)
FN:1178,(anonymous_53)
FN:1188,(anonymous_54)
FN:1199,(anonymous_55)
FN:1222,(anonymous_56)
FN:1242,(anonymous_57)
FNF:58
FNH:17
FNDA:0,parseClassName
FNDA:17,recreateTeacherClassesTable
FNDA:0,getSection
FNDA:1,(anonymous_3)
FNDA:1,(anonymous_4)
FNDA:0,(anonymous_5)
FNDA:0,(anonymous_6)
FNDA:1,(anonymous_7)
FNDA:0,(anonymous_8)
FNDA:0,(anonymous_9)
FNDA:0,(anonymous_10)
FNDA:0,(anonymous_11)
FNDA:0,(anonymous_12)
FNDA:2,(anonymous_13)
FNDA:1,(anonymous_14)
FNDA:0,(anonymous_15)
FNDA:1,(anonymous_16)
FNDA:1,(anonymous_17)
FNDA:0,(anonymous_18)
FNDA:0,(anonymous_19)
FNDA:0,(anonymous_20)
FNDA:0,(anonymous_21)
FNDA:0,(anonymous_22)
FNDA:0,(anonymous_23)
FNDA:0,(anonymous_24)
FNDA:0,(anonymous_25)
FNDA:1,(anonymous_26)
FNDA:0,(anonymous_27)
FNDA:0,(anonymous_28)
FNDA:0,(anonymous_29)
FNDA:1,(anonymous_30)
FNDA:0,(anonymous_31)
FNDA:0,(anonymous_32)
FNDA:1,(anonymous_33)
FNDA:1,(anonymous_34)
FNDA:0,(anonymous_35)
FNDA:1,(anonymous_36)
FNDA:1,(anonymous_37)
FNDA:0,(anonymous_38)
FNDA:1,(anonymous_39)
FNDA:0,(anonymous_40)
FNDA:0,(anonymous_41)
FNDA:0,(anonymous_42)
FNDA:0,(anonymous_43)
FNDA:0,(anonymous_44)
FNDA:0,(anonymous_45)
FNDA:0,(anonymous_46)
FNDA:1,(anonymous_47)
FNDA:0,(anonymous_48)
FNDA:1,(anonymous_49)
FNDA:0,(anonymous_50)
FNDA:0,(anonymous_51)
FNDA:0,(anonymous_52)
FNDA:0,(anonymous_53)
FNDA:0,(anonymous_54)
FNDA:0,(anonymous_55)
FNDA:0,(anonymous_56)
FNDA:0,(anonymous_57)
DA:7,17
DA:8,17
DA:9,17
DA:12,17
DA:15,17
DA:16,17
DA:17,17
DA:19,0
DA:20,0
DA:21,0
DA:22,0
DA:23,0
DA:24,0
DA:28,17
DA:33,17
DA:34,17
DA:35,17
DA:36,17
DA:37,17
DA:38,17
DA:40,0
DA:50,17
DA:67,17
DA:83,17
DA:96,17
DA:112,17
DA:129,17
DA:140,17
DA:146,17
DA:148,17
DA:149,17
DA:150,17
DA:151,17
DA:153,0
DA:157,17
DA:158,17
DA:166,0
DA:169,0
DA:170,0
DA:171,0
DA:178,0
DA:179,0
DA:180,0
DA:184,0
DA:185,0
DA:186,0
DA:189,0
DA:193,17
DA:199,17
DA:201,17
DA:202,17
DA:203,17
DA:204,17
DA:206,0
DA:211,17
DA:217,17
DA:219,17
DA:220,17
DA:221,17
DA:222,17
DA:224,0
DA:229,17
DA:235,17
DA:237,17
DA:238,17
DA:239,17
DA:240,17
DA:242,0
DA:247,17
DA:253,17
DA:255,17
DA:256,17
DA:257,17
DA:258,17
DA:260,0
DA:265,17
DA:269,17
DA:271,17
DA:272,17
DA:273,0
DA:274,0
DA:275,0
DA:276,0
DA:279,17
DA:280,0
DA:284,17
DA:288,17
DA:290,17
DA:291,17
DA:292,0
DA:293,0
DA:294,0
DA:295,0
DA:298,17
DA:299,0
DA:303,17
DA:307,17
DA:309,17
DA:310,17
DA:311,0
DA:312,0
DA:313,0
DA:314,0
DA:317,17
DA:318,0
DA:324,17
DA:326,17
DA:330,17
DA:331,17
DA:332,17
DA:333,17
DA:335,0
DA:341,17
DA:355,17
DA:360,17
DA:366,17
DA:367,0
DA:368,0
DA:369,0
DA:370,0
DA:374,17
DA:379,17
DA:381,0
DA:386,17
DA:389,17
DA:391,17
DA:392,17
DA:394,17
DA:395,0
DA:396,0
DA:398,0
DA:402,0
DA:405,0
DA:406,0
DA:408,0
DA:409,0
DA:410,0
DA:411,0
DA:413,0
DA:414,0
DA:417,0
DA:418,0
DA:419,0
DA:421,0
DA:422,0
DA:427,0
DA:428,0
DA:429,0
DA:431,0
DA:432,0
DA:437,17
DA:438,0
DA:440,17
DA:441,0
DA:446,0
DA:447,0
DA:448,0
DA:449,0
DA:451,0
DA:452,0
DA:458,17
DA:478,17
DA:490,17
DA:495,17
DA:496,17
DA:498,17
DA:499,17
DA:500,17
DA:505,17
DA:506,17
DA:513,17
DA:518,17
DA:522,17
DA:527,17
DA:533,17
DA:539,17
DA:543,17
DA:549,17
DA:555,17
DA:559,17
DA:563,17
DA:571,17
DA:576,17
DA:583,17
DA:587,17
DA:595,17
DA:600,17
DA:604,17
DA:611,17
DA:618,17
DA:623,17
DA:628,17
DA:635,17
DA:640,17
DA:645,17
DA:652,17
DA:663,17
DA:668,17
DA:672,17
DA:677,17
DA:682,17
DA:686,17
DA:690,17
DA:694,17
DA:698,17
DA:704,17
DA:710,17
DA:716,17
DA:720,17
DA:728,17
DA:733,17
DA:738,17
DA:743,17
DA:747,17
DA:751,17
DA:757,17
DA:763,17
DA:769,17
DA:776,17
DA:783,17
DA:789,17
DA:796,17
DA:803,17
DA:812,17
DA:821,17
DA:833,17
DA:845,17
DA:849,17
DA:859,17
DA:868,17
DA:881,17
DA:888,1
DA:889,1
DA:893,1
DA:897,0
DA:901,0
DA:905,1
DA:906,1
DA:917,0
DA:921,0
DA:925,0
DA:929,0
DA:934,0
DA:935,0
DA:940,2
DA:947,1
DA:951,0
DA:955,1
DA:959,1
DA:966,0
DA:970,0
DA:974,0
DA:975,0
DA:977,0
DA:981,0
DA:982,0
DA:984,0
DA:988,0
DA:992,0
DA:996,0
DA:997,0
DA:1001,0
DA:1002,0
DA:1004,0
DA:1012,1
DA:1013,1
DA:1017,0
DA:1021,0
DA:1025,0
DA:1029,1
DA:1030,1
DA:1041,0
DA:1042,0
DA:1044,0
DA:1048,0
DA:1051,0
DA:1052,0
DA:1055,0
DA:1061,1
DA:1062,1
DA:1066,1
DA:1067,1
DA:1071,0
DA:1075,1
DA:1076,1
DA:1083,1
DA:1087,0
DA:1091,1
DA:1092,1
DA:1103,0
DA:1107,0
DA:1111,0
DA:1112,0
DA:1114,0
DA:1118,0
DA:1119,0
DA:1121,0
DA:1125,0
DA:1129,0
DA:1133,0
DA:1138,1
DA:1139,1
DA:1141,0
DA:1143,1
DA:1147,0
DA:1148,0
DA:1150,0
DA:1154,1
DA:1158,0
DA:1162,0
DA:1163,0
DA:1165,0
DA:1169,0
DA:1174,0
DA:1175,0
DA:1179,0
DA:1185,0
DA:1189,0
DA:1195,0
DA:1200,0
DA:1209,0
DA:1211,0
DA:1212,0
DA:1213,0
DA:1218,0
DA:1223,0
DA:1231,0
DA:1232,0
DA:1233,0
DA:1234,0
DA:1236,0
DA:1243,0
DA:1252,0
DA:1253,0
DA:1254,0
DA:1255,0
DA:1261,0
LF:337
LH:183
BRDA:148,0,0,17
BRDA:148,0,1,0
BRDA:166,1,0,0
BRDA:166,1,1,0
BRDA:169,2,0,0
BRDA:169,2,1,0
BRDA:171,3,0,0
BRDA:171,3,1,0
BRDA:179,4,0,0
BRDA:179,4,1,0
BRDA:185,5,0,0
BRDA:185,5,1,0
BRDA:201,6,0,17
BRDA:201,6,1,0
BRDA:219,7,0,17
BRDA:219,7,1,0
BRDA:237,8,0,17
BRDA:237,8,1,0
BRDA:255,9,0,17
BRDA:255,9,1,0
BRDA:274,10,0,0
BRDA:274,10,1,0
BRDA:279,11,0,0
BRDA:279,11,1,17
BRDA:293,12,0,0
BRDA:293,12,1,0
BRDA:298,13,0,0
BRDA:298,13,1,17
BRDA:312,14,0,0
BRDA:312,14,1,0
BRDA:317,15,0,0
BRDA:317,15,1,17
BRDA:330,16,0,17
BRDA:330,16,1,0
BRDA:368,17,0,0
BRDA:368,17,1,0
BRDA:369,18,0,0
BRDA:369,18,1,0
BRDA:369,18,2,0
BRDA:370,19,0,0
BRDA:370,19,1,0
BRDA:396,20,0,0
BRDA:396,20,1,0
BRDA:402,21,0,0
BRDA:402,21,1,0
BRDA:405,22,0,0
BRDA:405,22,1,0
BRDA:406,23,0,0
BRDA:406,23,1,0
BRDA:411,24,0,0
BRDA:411,24,1,0
BRDA:437,25,0,0
BRDA:437,25,1,17
BRDA:440,26,0,0
BRDA:440,26,1,17
BRDA:446,27,0,0
BRDA:446,27,1,0
BRDA:447,28,0,0
BRDA:447,28,1,0
BRDA:449,29,0,0
BRDA:449,29,1,0
BRDA:452,30,0,0
BRDA:452,30,1,0
BRDA:498,31,0,17
BRDA:498,31,1,0
BRDA:904,32,0,0
BRDA:904,33,0,0
BRDA:966,34,0,0
BRDA:966,34,1,0
BRDA:974,35,0,0
BRDA:974,35,1,0
BRDA:981,36,0,0
BRDA:981,36,1,0
BRDA:1001,37,0,0
BRDA:1001,37,1,0
BRDA:1012,38,0,1
BRDA:1012,38,1,0
BRDA:1028,39,0,0
BRDA:1028,40,0,0
BRDA:1041,41,0,0
BRDA:1041,41,1,0
BRDA:1048,42,0,0
BRDA:1048,42,1,0
BRDA:1066,43,0,0
BRDA:1066,43,1,1
BRDA:1086,44,0,0
BRDA:1090,45,0,0
BRDA:1090,46,0,0
BRDA:1111,47,0,0
BRDA:1111,47,1,0
BRDA:1117,48,0,0
BRDA:1118,49,0,0
BRDA:1118,49,1,0
BRDA:1128,50,0,0
BRDA:1138,51,0,1
BRDA:1138,51,1,0
BRDA:1143,52,0,1
BRDA:1143,52,1,0
BRDA:1147,53,0,0
BRDA:1147,53,1,0
BRDA:1162,54,0,0
BRDA:1162,54,1,0
BRDA:1188,55,0,0
BRDA:1256,56,0,0
BRDA:1256,56,1,0
BRDA:1257,57,0,0
BRDA:1257,57,1,0
BRDA:1258,58,0,0
BRDA:1258,58,1,0
BRF:109
BRH:16
end_of_record
TN:
SF:simulate.js
FN:27,scanCard
FN:86,generateRandomCardId
FN:98,showMenu
FN:105,(anonymous_3)
FN:121,testServer
FN:144,autoScanDemo
FN:150,(anonymous_6)
FN:167,(anonymous_7)
FN:201,(anonymous_8)
FNF:9
FNH:0
FNDA:0,scanCard
FNDA:0,generateRandomCardId
FNDA:0,showMenu
FNDA:0,(anonymous_3)
FNDA:0,testServer
FNDA:0,autoScanDemo
FNDA:0,(anonymous_6)
FNDA:0,(anonymous_7)
FNDA:0,(anonymous_8)
DA:6,0
DA:12,0
DA:13,0
DA:16,0
DA:28,0
DA:29,0
DA:30,0
DA:32,0
DA:37,0
DA:38,0
DA:46,0
DA:48,0
DA:49,0
DA:51,0
DA:52,0
DA:53,0
DA:54,0
DA:55,0
DA:56,0
DA:57,0
DA:59,0
DA:60,0
DA:61,0
DA:63,0
DA:64,0
DA:66,0
DA:67,0
DA:71,0
DA:72,0
DA:74,0
DA:75,0
DA:76,0
DA:80,0
DA:87,0
DA:88,0
DA:89,0
DA:90,0
DA:92,0
DA:99,0
DA:100,0
DA:101,0
DA:102,0
DA:103,0
DA:104,0
DA:105,0
DA:106,0
DA:108,0
DA:109,0
DA:110,0
DA:111,0
DA:112,0
DA:113,0
DA:114,0
DA:115,0
DA:122,0
DA:124,0
DA:125,0
DA:129,0
DA:131,0
DA:132,0
DA:133,0
DA:135,0
DA:136,0
DA:137,0
DA:145,0
DA:146,0
DA:148,0
DA:149,0
DA:150,0
DA:153,0
DA:160,0
DA:165,0
DA:167,0
DA:168,0
DA:170,0
DA:171,0
DA:172,0
DA:173,0
DA:176,0
DA:177,0
DA:180,0
DA:181,0
DA:182,0
DA:185,0
DA:186,0
DA:189,0
DA:190,0
DA:193,0
DA:195,0
DA:198,0
DA:201,0
DA:202,0
DA:205,0
LF:93
LH:0
BRDA:51,0,0,0
BRDA:51,0,1,0
BRDA:52,1,0,0
BRDA:52,1,1,0
BRDA:56,2,0,0
BRDA:56,2,1,0
BRDA:74,3,0,0
BRDA:74,3,1,0
BRDA:170,4,0,0
BRDA:170,4,1,0
BRDA:170,5,0,0
BRDA:170,5,1,0
BRDA:176,6,0,0
BRDA:176,6,1,0
BRDA:180,7,0,0
BRDA:180,7,1,0
BRDA:185,8,0,0
BRDA:185,8,1,0
BRDA:189,9,0,0
BRDA:189,9,1,0
BRDA:193,10,0,0
BRDA:193,10,1,0
BRF:22
BRH:0
end_of_record
